ARM GAS  C:\Users\Sausy\AppData\Local\Temp\ccVNkQMs.s 			page 1


   1              		.cpu cortex-m0
   2              		.fpu softvfp
   3              		.eabi_attribute 20, 1
   4              		.eabi_attribute 21, 1
   5              		.eabi_attribute 23, 3
   6              		.eabi_attribute 24, 1
   7              		.eabi_attribute 25, 1
   8              		.eabi_attribute 26, 1
   9              		.eabi_attribute 30, 6
  10              		.eabi_attribute 34, 0
  11              		.eabi_attribute 18, 4
  12              		.code	16
  13              		.file	"CCR.c"
  14              		.text
  15              	.Ltext0:
  16              		.cfi_sections	.debug_frame
  17              		.section	.text.ccr_read_byte,"ax",%progbits
  18              		.align	2
  19              		.global	ccr_read_byte
  20              		.code	16
  21              		.thumb_func
  22              		.type	ccr_read_byte, %function
  23              	ccr_read_byte:
  24              	.LFB33:
  25              		.file 1 ".\\CCR.c"
   1:.\CCR.c       **** #include <project.h>
   2:.\CCR.c       **** #include <stdio.h>
   3:.\CCR.c       **** #include <stdint.h>
   4:.\CCR.c       **** #include <stdbool.h>
   5:.\CCR.c       **** 
   6:.\CCR.c       **** #include "CCR.h"
   7:.\CCR.c       **** 
   8:.\CCR.c       **** #define concat(x, y) x##y
   9:.\CCR.c       **** #define _ccr_write_(x) concat(x, _Write)
  10:.\CCR.c       **** #define _ccr_read_(x) concat(x, _Read)
  11:.\CCR.c       **** 
  12:.\CCR.c       **** //---private---
  13:.\CCR.c       **** uint8_t ccr_read_byte(){
  26              		.loc 1 13 0
  27              		.cfi_startproc
  28 0000 80B5     		push	{r7, lr}
  29              		.cfi_def_cfa_offset 8
  30              		.cfi_offset 7, -8
  31              		.cfi_offset 14, -4
  32 0002 00AF     		add	r7, sp, #0
  33              		.cfi_def_cfa_register 7
  14:.\CCR.c       ****     return (_ccr_read_(_name_ccr_)());
  34              		.loc 1 14 0
  35 0004 FFF7FEFF 		bl	Counter_Controll_Register_Read
  36 0008 031C     		mov	r3, r0
  15:.\CCR.c       **** }    
  37              		.loc 1 15 0
  38 000a 181C     		mov	r0, r3
  39 000c BD46     		mov	sp, r7
  40              		@ sp needed
  41 000e 80BD     		pop	{r7, pc}
  42              		.cfi_endproc
ARM GAS  C:\Users\Sausy\AppData\Local\Temp\ccVNkQMs.s 			page 2


  43              	.LFE33:
  44              		.size	ccr_read_byte, .-ccr_read_byte
  45              		.section	.text.ccr_set_byte,"ax",%progbits
  46              		.align	2
  47              		.global	ccr_set_byte
  48              		.code	16
  49              		.thumb_func
  50              		.type	ccr_set_byte, %function
  51              	ccr_set_byte:
  52              	.LFB34:
  16:.\CCR.c       **** 
  17:.\CCR.c       **** //---private---  
  18:.\CCR.c       **** void ccr_set_byte(uint8_t ccr_byte){
  53              		.loc 1 18 0
  54              		.cfi_startproc
  55 0000 80B5     		push	{r7, lr}
  56              		.cfi_def_cfa_offset 8
  57              		.cfi_offset 7, -8
  58              		.cfi_offset 14, -4
  59 0002 82B0     		sub	sp, sp, #8
  60              		.cfi_def_cfa_offset 16
  61 0004 00AF     		add	r7, sp, #0
  62              		.cfi_def_cfa_register 7
  63 0006 021C     		mov	r2, r0
  64 0008 FB1D     		add	r3, r7, #7
  65 000a 1A70     		strb	r2, [r3]
  19:.\CCR.c       ****      _ccr_write_(_name_ccr_)(ccr_byte);
  66              		.loc 1 19 0
  67 000c FB1D     		add	r3, r7, #7
  68 000e 1B78     		ldrb	r3, [r3]
  69 0010 181C     		mov	r0, r3
  70 0012 FFF7FEFF 		bl	Counter_Controll_Register_Write
  20:.\CCR.c       **** }
  71              		.loc 1 20 0
  72 0016 BD46     		mov	sp, r7
  73 0018 02B0     		add	sp, sp, #8
  74              		@ sp needed
  75 001a 80BD     		pop	{r7, pc}
  76              		.cfi_endproc
  77              	.LFE34:
  78              		.size	ccr_set_byte, .-ccr_set_byte
  79              		.section	.text.set_bit_CCR,"ax",%progbits
  80              		.align	2
  81              		.global	set_bit_CCR
  82              		.code	16
  83              		.thumb_func
  84              		.type	set_bit_CCR, %function
  85              	set_bit_CCR:
  86              	.LFB35:
  21:.\CCR.c       **** 
  22:.\CCR.c       **** //---public---
  23:.\CCR.c       **** void set_bit_CCR (uint8_t ccr_bit, bool ccr_value){
  87              		.loc 1 23 0
  88              		.cfi_startproc
  89 0000 90B5     		push	{r4, r7, lr}
  90              		.cfi_def_cfa_offset 12
  91              		.cfi_offset 4, -12
ARM GAS  C:\Users\Sausy\AppData\Local\Temp\ccVNkQMs.s 			page 3


  92              		.cfi_offset 7, -8
  93              		.cfi_offset 14, -4
  94 0002 85B0     		sub	sp, sp, #20
  95              		.cfi_def_cfa_offset 32
  96 0004 00AF     		add	r7, sp, #0
  97              		.cfi_def_cfa_register 7
  98 0006 0A1C     		mov	r2, r1
  99 0008 FB1D     		add	r3, r7, #7
 100 000a 011C     		add	r1, r0, #0
 101 000c 1970     		strb	r1, [r3]
 102 000e BB1D     		add	r3, r7, #6
 103 0010 1A70     		strb	r2, [r3]
  24:.\CCR.c       ****     uint8_t buffer = ccr_read_byte();
 104              		.loc 1 24 0
 105 0012 3C1C     		mov	r4, r7
 106 0014 0F34     		add	r4, r4, #15
 107 0016 FFF7FEFF 		bl	ccr_read_byte
 108 001a 031C     		mov	r3, r0
 109 001c 2370     		strb	r3, [r4]
  25:.\CCR.c       ****     
  26:.\CCR.c       ****     if(ccr_value)
 110              		.loc 1 26 0
 111 001e BB1D     		add	r3, r7, #6
 112 0020 1B78     		ldrb	r3, [r3]
 113 0022 002B     		cmp	r3, #0
 114 0024 0FD0     		beq	.L5
  27:.\CCR.c       ****         buffer |= (1<<ccr_bit);
 115              		.loc 1 27 0
 116 0026 FB1D     		add	r3, r7, #7
 117 0028 1B78     		ldrb	r3, [r3]
 118 002a 0122     		mov	r2, #1
 119 002c 111C     		mov	r1, r2
 120 002e 9940     		lsl	r1, r1, r3
 121 0030 0B1C     		mov	r3, r1
 122 0032 DAB2     		uxtb	r2, r3
 123 0034 3B1C     		mov	r3, r7
 124 0036 0F33     		add	r3, r3, #15
 125 0038 1B78     		ldrb	r3, [r3]
 126 003a 1343     		orr	r3, r2
 127 003c DAB2     		uxtb	r2, r3
 128 003e 3B1C     		mov	r3, r7
 129 0040 0F33     		add	r3, r3, #15
 130 0042 1A70     		strb	r2, [r3]
 131 0044 10E0     		b	.L6
 132              	.L5:
  28:.\CCR.c       ****     else
  29:.\CCR.c       ****         buffer &= ~(1<<ccr_bit);
 133              		.loc 1 29 0
 134 0046 FB1D     		add	r3, r7, #7
 135 0048 1B78     		ldrb	r3, [r3]
 136 004a 0122     		mov	r2, #1
 137 004c 111C     		mov	r1, r2
 138 004e 9940     		lsl	r1, r1, r3
 139 0050 0B1C     		mov	r3, r1
 140 0052 DBB2     		uxtb	r3, r3
 141 0054 DB43     		mvn	r3, r3
 142 0056 DBB2     		uxtb	r3, r3
ARM GAS  C:\Users\Sausy\AppData\Local\Temp\ccVNkQMs.s 			page 4


 143 0058 3A1C     		mov	r2, r7
 144 005a 0F32     		add	r2, r2, #15
 145 005c 1278     		ldrb	r2, [r2]
 146 005e 1340     		and	r3, r2
 147 0060 DAB2     		uxtb	r2, r3
 148 0062 3B1C     		mov	r3, r7
 149 0064 0F33     		add	r3, r3, #15
 150 0066 1A70     		strb	r2, [r3]
 151              	.L6:
  30:.\CCR.c       ****     ccr_set_byte(buffer);
 152              		.loc 1 30 0
 153 0068 3B1C     		mov	r3, r7
 154 006a 0F33     		add	r3, r3, #15
 155 006c 1B78     		ldrb	r3, [r3]
 156 006e 181C     		mov	r0, r3
 157 0070 FFF7FEFF 		bl	ccr_set_byte
  31:.\CCR.c       ****   
  32:.\CCR.c       **** }
 158              		.loc 1 32 0
 159 0074 BD46     		mov	sp, r7
 160 0076 05B0     		add	sp, sp, #20
 161              		@ sp needed
 162 0078 90BD     		pop	{r4, r7, pc}
 163              		.cfi_endproc
 164              	.LFE35:
 165              		.size	set_bit_CCR, .-set_bit_CCR
 166 007a C046     		.section	.text.get_bit_CCR,"ax",%progbits
 167              		.align	2
 168              		.global	get_bit_CCR
 169              		.code	16
 170              		.thumb_func
 171              		.type	get_bit_CCR, %function
 172              	get_bit_CCR:
 173              	.LFB36:
  33:.\CCR.c       **** 
  34:.\CCR.c       **** //---public---
  35:.\CCR.c       **** bool get_bit_CCR (uint8_t ccr_bit){
 174              		.loc 1 35 0
 175              		.cfi_startproc
 176 0000 90B5     		push	{r4, r7, lr}
 177              		.cfi_def_cfa_offset 12
 178              		.cfi_offset 4, -12
 179              		.cfi_offset 7, -8
 180              		.cfi_offset 14, -4
 181 0002 85B0     		sub	sp, sp, #20
 182              		.cfi_def_cfa_offset 32
 183 0004 00AF     		add	r7, sp, #0
 184              		.cfi_def_cfa_register 7
 185 0006 021C     		mov	r2, r0
 186 0008 FB1D     		add	r3, r7, #7
 187 000a 1A70     		strb	r2, [r3]
  36:.\CCR.c       ****     uint8_t buffer = ccr_read_byte();
 188              		.loc 1 36 0
 189 000c 3C1C     		mov	r4, r7
 190 000e 0F34     		add	r4, r4, #15
 191 0010 FFF7FEFF 		bl	ccr_read_byte
 192 0014 031C     		mov	r3, r0
ARM GAS  C:\Users\Sausy\AppData\Local\Temp\ccVNkQMs.s 			page 5


 193 0016 2370     		strb	r3, [r4]
  37:.\CCR.c       ****     
  38:.\CCR.c       ****     if(buffer &(0x00|(1<<ccr_bit)))
 194              		.loc 1 38 0
 195 0018 3B1C     		mov	r3, r7
 196 001a 0F33     		add	r3, r3, #15
 197 001c 1A78     		ldrb	r2, [r3]
 198 001e FB1D     		add	r3, r7, #7
 199 0020 1B78     		ldrb	r3, [r3]
 200 0022 1A41     		asr	r2, r2, r3
 201 0024 0123     		mov	r3, #1
 202 0026 1340     		and	r3, r2
 203 0028 01D0     		beq	.L8
  39:.\CCR.c       ****         return true;
 204              		.loc 1 39 0
 205 002a 0123     		mov	r3, #1
 206 002c 00E0     		b	.L9
 207              	.L8:
  40:.\CCR.c       ****     
  41:.\CCR.c       ****     return false;
 208              		.loc 1 41 0
 209 002e 0023     		mov	r3, #0
 210              	.L9:
  42:.\CCR.c       **** }
 211              		.loc 1 42 0
 212 0030 181C     		mov	r0, r3
 213 0032 BD46     		mov	sp, r7
 214 0034 05B0     		add	sp, sp, #20
 215              		@ sp needed
 216 0036 90BD     		pop	{r4, r7, pc}
 217              		.cfi_endproc
 218              	.LFE36:
 219              		.size	get_bit_CCR, .-get_bit_CCR
 220              		.text
 221              	.Letext0:
 222              		.file 2 "c:\\program files (x86)\\cypress\\psoc creator\\3.1\\psoc creator\\import\\gnu_cs\\arm\\4
 223              		.file 3 "c:\\program files (x86)\\cypress\\psoc creator\\3.1\\psoc creator\\import\\gnu_cs\\arm\\4
 224              		.section	.debug_info,"",%progbits
 225              	.Ldebug_info0:
 226 0000 4C010000 		.4byte	0x14c
 227 0004 0400     		.2byte	0x4
 228 0006 00000000 		.4byte	.Ldebug_abbrev0
 229 000a 04       		.byte	0x4
 230 000b 01       		.uleb128 0x1
 231 000c 83000000 		.4byte	.LASF23
 232 0010 01       		.byte	0x1
 233 0011 2A010000 		.4byte	.LASF24
 234 0015 70010000 		.4byte	.LASF25
 235 0019 00000000 		.4byte	.Ldebug_ranges0+0
 236 001d 00000000 		.4byte	0
 237 0021 00000000 		.4byte	.Ldebug_line0
 238 0025 02       		.uleb128 0x2
 239 0026 01       		.byte	0x1
 240 0027 06       		.byte	0x6
 241 0028 58010000 		.4byte	.LASF0
 242 002c 03       		.uleb128 0x3
 243 002d 66000000 		.4byte	.LASF9
ARM GAS  C:\Users\Sausy\AppData\Local\Temp\ccVNkQMs.s 			page 6


 244 0031 02       		.byte	0x2
 245 0032 1C       		.byte	0x1c
 246 0033 37000000 		.4byte	0x37
 247 0037 02       		.uleb128 0x2
 248 0038 01       		.byte	0x1
 249 0039 08       		.byte	0x8
 250 003a 07010000 		.4byte	.LASF1
 251 003e 02       		.uleb128 0x2
 252 003f 02       		.byte	0x2
 253 0040 05       		.byte	0x5
 254 0041 C3010000 		.4byte	.LASF2
 255 0045 02       		.uleb128 0x2
 256 0046 02       		.byte	0x2
 257 0047 07       		.byte	0x7
 258 0048 45010000 		.4byte	.LASF3
 259 004c 02       		.uleb128 0x2
 260 004d 04       		.byte	0x4
 261 004e 05       		.byte	0x5
 262 004f 1A010000 		.4byte	.LASF4
 263 0053 02       		.uleb128 0x2
 264 0054 04       		.byte	0x4
 265 0055 07       		.byte	0x7
 266 0056 3D000000 		.4byte	.LASF5
 267 005a 02       		.uleb128 0x2
 268 005b 08       		.byte	0x8
 269 005c 05       		.byte	0x5
 270 005d 00000000 		.4byte	.LASF6
 271 0061 02       		.uleb128 0x2
 272 0062 08       		.byte	0x8
 273 0063 07       		.byte	0x7
 274 0064 4F000000 		.4byte	.LASF7
 275 0068 04       		.uleb128 0x4
 276 0069 04       		.byte	0x4
 277 006a 05       		.byte	0x5
 278 006b 696E7400 		.ascii	"int\000"
 279 006f 02       		.uleb128 0x2
 280 0070 04       		.byte	0x4
 281 0071 07       		.byte	0x7
 282 0072 0E000000 		.4byte	.LASF8
 283 0076 03       		.uleb128 0x3
 284 0077 FF000000 		.4byte	.LASF10
 285 007b 03       		.byte	0x3
 286 007c 2A       		.byte	0x2a
 287 007d 2C000000 		.4byte	0x2c
 288 0081 02       		.uleb128 0x2
 289 0082 04       		.byte	0x4
 290 0083 04       		.byte	0x4
 291 0084 BD010000 		.4byte	.LASF11
 292 0088 02       		.uleb128 0x2
 293 0089 08       		.byte	0x8
 294 008a 04       		.byte	0x4
 295 008b 23010000 		.4byte	.LASF12
 296 008f 02       		.uleb128 0x2
 297 0090 01       		.byte	0x1
 298 0091 08       		.byte	0x8
 299 0092 15010000 		.4byte	.LASF13
 300 0096 02       		.uleb128 0x2
ARM GAS  C:\Users\Sausy\AppData\Local\Temp\ccVNkQMs.s 			page 7


 301 0097 04       		.byte	0x4
 302 0098 07       		.byte	0x7
 303 0099 D4010000 		.4byte	.LASF14
 304 009d 05       		.uleb128 0x5
 305 009e 27000000 		.4byte	.LASF26
 306 00a2 01       		.byte	0x1
 307 00a3 0D       		.byte	0xd
 308 00a4 76000000 		.4byte	0x76
 309 00a8 00000000 		.4byte	.LFB33
 310 00ac 10000000 		.4byte	.LFE33-.LFB33
 311 00b0 01       		.uleb128 0x1
 312 00b1 9C       		.byte	0x9c
 313 00b2 06       		.uleb128 0x6
 314 00b3 38010000 		.4byte	.LASF15
 315 00b7 01       		.byte	0x1
 316 00b8 12       		.byte	0x12
 317 00b9 00000000 		.4byte	.LFB34
 318 00bd 1C000000 		.4byte	.LFE34-.LFB34
 319 00c1 01       		.uleb128 0x1
 320 00c2 9C       		.byte	0x9c
 321 00c3 D6000000 		.4byte	0xd6
 322 00c7 07       		.uleb128 0x7
 323 00c8 7A000000 		.4byte	.LASF17
 324 00cc 01       		.byte	0x1
 325 00cd 12       		.byte	0x12
 326 00ce 76000000 		.4byte	0x76
 327 00d2 02       		.uleb128 0x2
 328 00d3 91       		.byte	0x91
 329 00d4 77       		.sleb128 -9
 330 00d5 00       		.byte	0
 331 00d6 06       		.uleb128 0x6
 332 00d7 1B000000 		.4byte	.LASF16
 333 00db 01       		.byte	0x1
 334 00dc 17       		.byte	0x17
 335 00dd 00000000 		.4byte	.LFB35
 336 00e1 7A000000 		.4byte	.LFE35-.LFB35
 337 00e5 01       		.uleb128 0x1
 338 00e6 9C       		.byte	0x9c
 339 00e7 16010000 		.4byte	0x116
 340 00eb 07       		.uleb128 0x7
 341 00ec 35000000 		.4byte	.LASF18
 342 00f0 01       		.byte	0x1
 343 00f1 17       		.byte	0x17
 344 00f2 76000000 		.4byte	0x76
 345 00f6 02       		.uleb128 0x2
 346 00f7 91       		.byte	0x91
 347 00f8 67       		.sleb128 -25
 348 00f9 07       		.uleb128 0x7
 349 00fa 70000000 		.4byte	.LASF19
 350 00fe 01       		.byte	0x1
 351 00ff 17       		.byte	0x17
 352 0100 16010000 		.4byte	0x116
 353 0104 02       		.uleb128 0x2
 354 0105 91       		.byte	0x91
 355 0106 66       		.sleb128 -26
 356 0107 08       		.uleb128 0x8
 357 0108 CD010000 		.4byte	.LASF22
ARM GAS  C:\Users\Sausy\AppData\Local\Temp\ccVNkQMs.s 			page 8


 358 010c 01       		.byte	0x1
 359 010d 18       		.byte	0x18
 360 010e 76000000 		.4byte	0x76
 361 0112 02       		.uleb128 0x2
 362 0113 91       		.byte	0x91
 363 0114 6F       		.sleb128 -17
 364 0115 00       		.byte	0
 365 0116 02       		.uleb128 0x2
 366 0117 01       		.byte	0x1
 367 0118 02       		.byte	0x2
 368 0119 32010000 		.4byte	.LASF20
 369 011d 09       		.uleb128 0x9
 370 011e 64010000 		.4byte	.LASF21
 371 0122 01       		.byte	0x1
 372 0123 23       		.byte	0x23
 373 0124 16010000 		.4byte	0x116
 374 0128 00000000 		.4byte	.LFB36
 375 012c 38000000 		.4byte	.LFE36-.LFB36
 376 0130 01       		.uleb128 0x1
 377 0131 9C       		.byte	0x9c
 378 0132 07       		.uleb128 0x7
 379 0133 35000000 		.4byte	.LASF18
 380 0137 01       		.byte	0x1
 381 0138 23       		.byte	0x23
 382 0139 76000000 		.4byte	0x76
 383 013d 02       		.uleb128 0x2
 384 013e 91       		.byte	0x91
 385 013f 67       		.sleb128 -25
 386 0140 08       		.uleb128 0x8
 387 0141 CD010000 		.4byte	.LASF22
 388 0145 01       		.byte	0x1
 389 0146 24       		.byte	0x24
 390 0147 76000000 		.4byte	0x76
 391 014b 02       		.uleb128 0x2
 392 014c 91       		.byte	0x91
 393 014d 6F       		.sleb128 -17
 394 014e 00       		.byte	0
 395 014f 00       		.byte	0
 396              		.section	.debug_abbrev,"",%progbits
 397              	.Ldebug_abbrev0:
 398 0000 01       		.uleb128 0x1
 399 0001 11       		.uleb128 0x11
 400 0002 01       		.byte	0x1
 401 0003 25       		.uleb128 0x25
 402 0004 0E       		.uleb128 0xe
 403 0005 13       		.uleb128 0x13
 404 0006 0B       		.uleb128 0xb
 405 0007 03       		.uleb128 0x3
 406 0008 0E       		.uleb128 0xe
 407 0009 1B       		.uleb128 0x1b
 408 000a 0E       		.uleb128 0xe
 409 000b 55       		.uleb128 0x55
 410 000c 17       		.uleb128 0x17
 411 000d 11       		.uleb128 0x11
 412 000e 01       		.uleb128 0x1
 413 000f 10       		.uleb128 0x10
 414 0010 17       		.uleb128 0x17
ARM GAS  C:\Users\Sausy\AppData\Local\Temp\ccVNkQMs.s 			page 9


 415 0011 00       		.byte	0
 416 0012 00       		.byte	0
 417 0013 02       		.uleb128 0x2
 418 0014 24       		.uleb128 0x24
 419 0015 00       		.byte	0
 420 0016 0B       		.uleb128 0xb
 421 0017 0B       		.uleb128 0xb
 422 0018 3E       		.uleb128 0x3e
 423 0019 0B       		.uleb128 0xb
 424 001a 03       		.uleb128 0x3
 425 001b 0E       		.uleb128 0xe
 426 001c 00       		.byte	0
 427 001d 00       		.byte	0
 428 001e 03       		.uleb128 0x3
 429 001f 16       		.uleb128 0x16
 430 0020 00       		.byte	0
 431 0021 03       		.uleb128 0x3
 432 0022 0E       		.uleb128 0xe
 433 0023 3A       		.uleb128 0x3a
 434 0024 0B       		.uleb128 0xb
 435 0025 3B       		.uleb128 0x3b
 436 0026 0B       		.uleb128 0xb
 437 0027 49       		.uleb128 0x49
 438 0028 13       		.uleb128 0x13
 439 0029 00       		.byte	0
 440 002a 00       		.byte	0
 441 002b 04       		.uleb128 0x4
 442 002c 24       		.uleb128 0x24
 443 002d 00       		.byte	0
 444 002e 0B       		.uleb128 0xb
 445 002f 0B       		.uleb128 0xb
 446 0030 3E       		.uleb128 0x3e
 447 0031 0B       		.uleb128 0xb
 448 0032 03       		.uleb128 0x3
 449 0033 08       		.uleb128 0x8
 450 0034 00       		.byte	0
 451 0035 00       		.byte	0
 452 0036 05       		.uleb128 0x5
 453 0037 2E       		.uleb128 0x2e
 454 0038 00       		.byte	0
 455 0039 3F       		.uleb128 0x3f
 456 003a 19       		.uleb128 0x19
 457 003b 03       		.uleb128 0x3
 458 003c 0E       		.uleb128 0xe
 459 003d 3A       		.uleb128 0x3a
 460 003e 0B       		.uleb128 0xb
 461 003f 3B       		.uleb128 0x3b
 462 0040 0B       		.uleb128 0xb
 463 0041 49       		.uleb128 0x49
 464 0042 13       		.uleb128 0x13
 465 0043 11       		.uleb128 0x11
 466 0044 01       		.uleb128 0x1
 467 0045 12       		.uleb128 0x12
 468 0046 06       		.uleb128 0x6
 469 0047 40       		.uleb128 0x40
 470 0048 18       		.uleb128 0x18
 471 0049 9642     		.uleb128 0x2116
ARM GAS  C:\Users\Sausy\AppData\Local\Temp\ccVNkQMs.s 			page 10


 472 004b 19       		.uleb128 0x19
 473 004c 00       		.byte	0
 474 004d 00       		.byte	0
 475 004e 06       		.uleb128 0x6
 476 004f 2E       		.uleb128 0x2e
 477 0050 01       		.byte	0x1
 478 0051 3F       		.uleb128 0x3f
 479 0052 19       		.uleb128 0x19
 480 0053 03       		.uleb128 0x3
 481 0054 0E       		.uleb128 0xe
 482 0055 3A       		.uleb128 0x3a
 483 0056 0B       		.uleb128 0xb
 484 0057 3B       		.uleb128 0x3b
 485 0058 0B       		.uleb128 0xb
 486 0059 27       		.uleb128 0x27
 487 005a 19       		.uleb128 0x19
 488 005b 11       		.uleb128 0x11
 489 005c 01       		.uleb128 0x1
 490 005d 12       		.uleb128 0x12
 491 005e 06       		.uleb128 0x6
 492 005f 40       		.uleb128 0x40
 493 0060 18       		.uleb128 0x18
 494 0061 9642     		.uleb128 0x2116
 495 0063 19       		.uleb128 0x19
 496 0064 01       		.uleb128 0x1
 497 0065 13       		.uleb128 0x13
 498 0066 00       		.byte	0
 499 0067 00       		.byte	0
 500 0068 07       		.uleb128 0x7
 501 0069 05       		.uleb128 0x5
 502 006a 00       		.byte	0
 503 006b 03       		.uleb128 0x3
 504 006c 0E       		.uleb128 0xe
 505 006d 3A       		.uleb128 0x3a
 506 006e 0B       		.uleb128 0xb
 507 006f 3B       		.uleb128 0x3b
 508 0070 0B       		.uleb128 0xb
 509 0071 49       		.uleb128 0x49
 510 0072 13       		.uleb128 0x13
 511 0073 02       		.uleb128 0x2
 512 0074 18       		.uleb128 0x18
 513 0075 00       		.byte	0
 514 0076 00       		.byte	0
 515 0077 08       		.uleb128 0x8
 516 0078 34       		.uleb128 0x34
 517 0079 00       		.byte	0
 518 007a 03       		.uleb128 0x3
 519 007b 0E       		.uleb128 0xe
 520 007c 3A       		.uleb128 0x3a
 521 007d 0B       		.uleb128 0xb
 522 007e 3B       		.uleb128 0x3b
 523 007f 0B       		.uleb128 0xb
 524 0080 49       		.uleb128 0x49
 525 0081 13       		.uleb128 0x13
 526 0082 02       		.uleb128 0x2
 527 0083 18       		.uleb128 0x18
 528 0084 00       		.byte	0
ARM GAS  C:\Users\Sausy\AppData\Local\Temp\ccVNkQMs.s 			page 11


 529 0085 00       		.byte	0
 530 0086 09       		.uleb128 0x9
 531 0087 2E       		.uleb128 0x2e
 532 0088 01       		.byte	0x1
 533 0089 3F       		.uleb128 0x3f
 534 008a 19       		.uleb128 0x19
 535 008b 03       		.uleb128 0x3
 536 008c 0E       		.uleb128 0xe
 537 008d 3A       		.uleb128 0x3a
 538 008e 0B       		.uleb128 0xb
 539 008f 3B       		.uleb128 0x3b
 540 0090 0B       		.uleb128 0xb
 541 0091 27       		.uleb128 0x27
 542 0092 19       		.uleb128 0x19
 543 0093 49       		.uleb128 0x49
 544 0094 13       		.uleb128 0x13
 545 0095 11       		.uleb128 0x11
 546 0096 01       		.uleb128 0x1
 547 0097 12       		.uleb128 0x12
 548 0098 06       		.uleb128 0x6
 549 0099 40       		.uleb128 0x40
 550 009a 18       		.uleb128 0x18
 551 009b 9642     		.uleb128 0x2116
 552 009d 19       		.uleb128 0x19
 553 009e 00       		.byte	0
 554 009f 00       		.byte	0
 555 00a0 00       		.byte	0
 556              		.section	.debug_aranges,"",%progbits
 557 0000 34000000 		.4byte	0x34
 558 0004 0200     		.2byte	0x2
 559 0006 00000000 		.4byte	.Ldebug_info0
 560 000a 04       		.byte	0x4
 561 000b 00       		.byte	0
 562 000c 0000     		.2byte	0
 563 000e 0000     		.2byte	0
 564 0010 00000000 		.4byte	.LFB33
 565 0014 10000000 		.4byte	.LFE33-.LFB33
 566 0018 00000000 		.4byte	.LFB34
 567 001c 1C000000 		.4byte	.LFE34-.LFB34
 568 0020 00000000 		.4byte	.LFB35
 569 0024 7A000000 		.4byte	.LFE35-.LFB35
 570 0028 00000000 		.4byte	.LFB36
 571 002c 38000000 		.4byte	.LFE36-.LFB36
 572 0030 00000000 		.4byte	0
 573 0034 00000000 		.4byte	0
 574              		.section	.debug_ranges,"",%progbits
 575              	.Ldebug_ranges0:
 576 0000 00000000 		.4byte	.LFB33
 577 0004 10000000 		.4byte	.LFE33
 578 0008 00000000 		.4byte	.LFB34
 579 000c 1C000000 		.4byte	.LFE34
 580 0010 00000000 		.4byte	.LFB35
 581 0014 7A000000 		.4byte	.LFE35
 582 0018 00000000 		.4byte	.LFB36
 583 001c 38000000 		.4byte	.LFE36
 584 0020 00000000 		.4byte	0
 585 0024 00000000 		.4byte	0
ARM GAS  C:\Users\Sausy\AppData\Local\Temp\ccVNkQMs.s 			page 12


 586              		.section	.debug_line,"",%progbits
 587              	.Ldebug_line0:
 588 0000 6E010000 		.section	.debug_str,"MS",%progbits,1
 588      02001C01 
 588      00000201 
 588      FB0E0D00 
 588      01010101 
 589              	.LASF6:
 590 0000 6C6F6E67 		.ascii	"long long int\000"
 590      206C6F6E 
 590      6720696E 
 590      7400
 591              	.LASF8:
 592 000e 756E7369 		.ascii	"unsigned int\000"
 592      676E6564 
 592      20696E74 
 592      00
 593              	.LASF16:
 594 001b 7365745F 		.ascii	"set_bit_CCR\000"
 594      6269745F 
 594      43435200 
 595              	.LASF26:
 596 0027 6363725F 		.ascii	"ccr_read_byte\000"
 596      72656164 
 596      5F627974 
 596      6500
 597              	.LASF18:
 598 0035 6363725F 		.ascii	"ccr_bit\000"
 598      62697400 
 599              	.LASF5:
 600 003d 6C6F6E67 		.ascii	"long unsigned int\000"
 600      20756E73 
 600      69676E65 
 600      6420696E 
 600      7400
 601              	.LASF7:
 602 004f 6C6F6E67 		.ascii	"long long unsigned int\000"
 602      206C6F6E 
 602      6720756E 
 602      7369676E 
 602      65642069 
 603              	.LASF9:
 604 0066 5F5F7569 		.ascii	"__uint8_t\000"
 604      6E74385F 
 604      7400
 605              	.LASF19:
 606 0070 6363725F 		.ascii	"ccr_value\000"
 606      76616C75 
 606      6500
 607              	.LASF17:
 608 007a 6363725F 		.ascii	"ccr_byte\000"
 608      62797465 
 608      00
 609              	.LASF23:
 610 0083 474E5520 		.ascii	"GNU C 4.8.4 20140526 (release) [ARM/embedded-4_8-br"
 610      4320342E 
 610      382E3420 
ARM GAS  C:\Users\Sausy\AppData\Local\Temp\ccVNkQMs.s 			page 13


 610      32303134 
 610      30353236 
 611 00b6 616E6368 		.ascii	"anch revision 211358] -mcpu=cortex-m0 -mthumb -g -O"
 611      20726576 
 611      6973696F 
 611      6E203231 
 611      31333538 
 612 00e9 30202D66 		.ascii	"0 -ffunction-sections\000"
 612      66756E63 
 612      74696F6E 
 612      2D736563 
 612      74696F6E 
 613              	.LASF10:
 614 00ff 75696E74 		.ascii	"uint8_t\000"
 614      385F7400 
 615              	.LASF1:
 616 0107 756E7369 		.ascii	"unsigned char\000"
 616      676E6564 
 616      20636861 
 616      7200
 617              	.LASF13:
 618 0115 63686172 		.ascii	"char\000"
 618      00
 619              	.LASF4:
 620 011a 6C6F6E67 		.ascii	"long int\000"
 620      20696E74 
 620      00
 621              	.LASF12:
 622 0123 646F7562 		.ascii	"double\000"
 622      6C6500
 623              	.LASF24:
 624 012a 2E5C4343 		.ascii	".\\CCR.c\000"
 624      522E6300 
 625              	.LASF20:
 626 0132 5F426F6F 		.ascii	"_Bool\000"
 626      6C00
 627              	.LASF15:
 628 0138 6363725F 		.ascii	"ccr_set_byte\000"
 628      7365745F 
 628      62797465 
 628      00
 629              	.LASF3:
 630 0145 73686F72 		.ascii	"short unsigned int\000"
 630      7420756E 
 630      7369676E 
 630      65642069 
 630      6E7400
 631              	.LASF0:
 632 0158 7369676E 		.ascii	"signed char\000"
 632      65642063 
 632      68617200 
 633              	.LASF21:
 634 0164 6765745F 		.ascii	"get_bit_CCR\000"
 634      6269745F 
 634      43435200 
 635              	.LASF25:
 636 0170 433A5C55 		.ascii	"C:\\Users\\Sausy\\Documents\\PSoC Creator\\FTLK\\Ja"
ARM GAS  C:\Users\Sausy\AppData\Local\Temp\ccVNkQMs.s 			page 14


 636      73657273 
 636      5C536175 
 636      73795C44 
 636      6F63756D 
 637 019d 68726573 		.ascii	"hresprojekt\\Jahresprojekt.cydsn\000"
 637      70726F6A 
 637      656B745C 
 637      4A616872 
 637      65737072 
 638              	.LASF11:
 639 01bd 666C6F61 		.ascii	"float\000"
 639      7400
 640              	.LASF2:
 641 01c3 73686F72 		.ascii	"short int\000"
 641      7420696E 
 641      7400
 642              	.LASF22:
 643 01cd 62756666 		.ascii	"buffer\000"
 643      657200
 644              	.LASF14:
 645 01d4 73697A65 		.ascii	"sizetype\000"
 645      74797065 
 645      00
 646              		.ident	"GCC: (GNU Tools for ARM Embedded Processors) 4.8.4 20140526 (release) [ARM/embedded-4_8-br
