ARM GAS  C:\Users\Sausy\AppData\Local\Temp\ccauEu14.s 			page 1


   1              		.cpu cortex-m0
   2              		.fpu softvfp
   3              		.eabi_attribute 20, 1
   4              		.eabi_attribute 21, 1
   5              		.eabi_attribute 23, 3
   6              		.eabi_attribute 24, 1
   7              		.eabi_attribute 25, 1
   8              		.eabi_attribute 26, 1
   9              		.eabi_attribute 30, 6
  10              		.eabi_attribute 34, 0
  11              		.eabi_attribute 18, 4
  12              		.code	16
  13              		.file	"counter_isr.c"
  14              		.text
  15              	.Ltext0:
  16              		.cfi_sections	.debug_frame
  17              		.comm	glob_sec_counter,4,4
  18              		.comm	glob_human_counter,4,4
  19              		.section	.text.counter_isr_Start,"ax",%progbits
  20              		.align	2
  21              		.global	counter_isr_Start
  22              		.code	16
  23              		.thumb_func
  24              		.type	counter_isr_Start, %function
  25              	counter_isr_Start:
  26              	.LFB33:
  27              		.file 1 ".\\Generated_Source\\PSoC4\\counter_isr.c"
   1:.\Generated_Source\PSoC4/counter_isr.c **** /*******************************************************************************
   2:.\Generated_Source\PSoC4/counter_isr.c **** * File Name: counter_isr.c  
   3:.\Generated_Source\PSoC4/counter_isr.c **** * Version 1.70
   4:.\Generated_Source\PSoC4/counter_isr.c **** *
   5:.\Generated_Source\PSoC4/counter_isr.c **** *  Description:
   6:.\Generated_Source\PSoC4/counter_isr.c **** *   API for controlling the state of an interrupt.
   7:.\Generated_Source\PSoC4/counter_isr.c **** *
   8:.\Generated_Source\PSoC4/counter_isr.c **** *
   9:.\Generated_Source\PSoC4/counter_isr.c **** *  Note:
  10:.\Generated_Source\PSoC4/counter_isr.c **** *
  11:.\Generated_Source\PSoC4/counter_isr.c **** ********************************************************************************
  12:.\Generated_Source\PSoC4/counter_isr.c **** * Copyright 2008-2012, Cypress Semiconductor Corporation.  All rights reserved.
  13:.\Generated_Source\PSoC4/counter_isr.c **** * You may use this file only in accordance with the license, terms, conditions, 
  14:.\Generated_Source\PSoC4/counter_isr.c **** * disclaimers, and limitations in the end user license agreement accompanying 
  15:.\Generated_Source\PSoC4/counter_isr.c **** * the software package with which this file was provided.
  16:.\Generated_Source\PSoC4/counter_isr.c **** *******************************************************************************/
  17:.\Generated_Source\PSoC4/counter_isr.c **** 
  18:.\Generated_Source\PSoC4/counter_isr.c **** 
  19:.\Generated_Source\PSoC4/counter_isr.c **** #include <cydevice_trm.h>
  20:.\Generated_Source\PSoC4/counter_isr.c **** #include <CyLib.h>
  21:.\Generated_Source\PSoC4/counter_isr.c **** #include <counter_isr.h>
  22:.\Generated_Source\PSoC4/counter_isr.c **** 
  23:.\Generated_Source\PSoC4/counter_isr.c **** #if !defined(counter_isr__REMOVED) /* Check for removal by optimization */
  24:.\Generated_Source\PSoC4/counter_isr.c **** 
  25:.\Generated_Source\PSoC4/counter_isr.c **** /*******************************************************************************
  26:.\Generated_Source\PSoC4/counter_isr.c **** *  Place your includes, defines and code here 
  27:.\Generated_Source\PSoC4/counter_isr.c **** ********************************************************************************/
  28:.\Generated_Source\PSoC4/counter_isr.c **** /* `#START counter_isr_intc` */
  29:.\Generated_Source\PSoC4/counter_isr.c **** #include <project.h>
  30:.\Generated_Source\PSoC4/counter_isr.c **** #include "common.h"
ARM GAS  C:\Users\Sausy\AppData\Local\Temp\ccauEu14.s 			page 2


  31:.\Generated_Source\PSoC4/counter_isr.c **** /* `#END` */
  32:.\Generated_Source\PSoC4/counter_isr.c **** 
  33:.\Generated_Source\PSoC4/counter_isr.c **** extern cyisraddress CyRamVectors[CYINT_IRQ_BASE + CY_NUM_INTERRUPTS];
  34:.\Generated_Source\PSoC4/counter_isr.c **** 
  35:.\Generated_Source\PSoC4/counter_isr.c **** /* Declared in startup, used to set unused interrupts to. */
  36:.\Generated_Source\PSoC4/counter_isr.c **** CY_ISR_PROTO(IntDefaultHandler);
  37:.\Generated_Source\PSoC4/counter_isr.c **** 
  38:.\Generated_Source\PSoC4/counter_isr.c **** 
  39:.\Generated_Source\PSoC4/counter_isr.c **** /*******************************************************************************
  40:.\Generated_Source\PSoC4/counter_isr.c **** * Function Name: counter_isr_Start
  41:.\Generated_Source\PSoC4/counter_isr.c **** ********************************************************************************
  42:.\Generated_Source\PSoC4/counter_isr.c **** *
  43:.\Generated_Source\PSoC4/counter_isr.c **** * Summary:
  44:.\Generated_Source\PSoC4/counter_isr.c **** *  Set up the interrupt and enable it.
  45:.\Generated_Source\PSoC4/counter_isr.c **** *
  46:.\Generated_Source\PSoC4/counter_isr.c **** * Parameters:  
  47:.\Generated_Source\PSoC4/counter_isr.c **** *   None
  48:.\Generated_Source\PSoC4/counter_isr.c **** *
  49:.\Generated_Source\PSoC4/counter_isr.c **** * Return:
  50:.\Generated_Source\PSoC4/counter_isr.c **** *   None
  51:.\Generated_Source\PSoC4/counter_isr.c **** *
  52:.\Generated_Source\PSoC4/counter_isr.c **** *******************************************************************************/
  53:.\Generated_Source\PSoC4/counter_isr.c **** void counter_isr_Start(void)
  54:.\Generated_Source\PSoC4/counter_isr.c **** {
  28              		.loc 1 54 0
  29              		.cfi_startproc
  30 0000 80B5     		push	{r7, lr}
  31              		.cfi_def_cfa_offset 8
  32              		.cfi_offset 7, -8
  33              		.cfi_offset 14, -4
  34 0002 00AF     		add	r7, sp, #0
  35              		.cfi_def_cfa_register 7
  55:.\Generated_Source\PSoC4/counter_isr.c ****     /* For all we know the interrupt is active. */
  56:.\Generated_Source\PSoC4/counter_isr.c ****     counter_isr_Disable();
  36              		.loc 1 56 0
  37 0004 FFF7FEFF 		bl	counter_isr_Disable
  57:.\Generated_Source\PSoC4/counter_isr.c **** 
  58:.\Generated_Source\PSoC4/counter_isr.c ****     /* Set the ISR to point to the counter_isr Interrupt. */
  59:.\Generated_Source\PSoC4/counter_isr.c ****     counter_isr_SetVector(&counter_isr_Interrupt);
  38              		.loc 1 59 0
  39 0008 054B     		ldr	r3, .L2
  40 000a 181C     		mov	r0, r3
  41 000c FFF7FEFF 		bl	counter_isr_SetVector
  60:.\Generated_Source\PSoC4/counter_isr.c **** 
  61:.\Generated_Source\PSoC4/counter_isr.c ****     /* Set the priority. */
  62:.\Generated_Source\PSoC4/counter_isr.c ****     counter_isr_SetPriority((uint8)counter_isr_INTC_PRIOR_NUMBER);
  42              		.loc 1 62 0
  43 0010 0120     		mov	r0, #1
  44 0012 FFF7FEFF 		bl	counter_isr_SetPriority
  63:.\Generated_Source\PSoC4/counter_isr.c **** 
  64:.\Generated_Source\PSoC4/counter_isr.c ****     /* Enable it. */
  65:.\Generated_Source\PSoC4/counter_isr.c ****     counter_isr_Enable();
  45              		.loc 1 65 0
  46 0016 FFF7FEFF 		bl	counter_isr_Enable
  66:.\Generated_Source\PSoC4/counter_isr.c **** }
  47              		.loc 1 66 0
  48 001a BD46     		mov	sp, r7
ARM GAS  C:\Users\Sausy\AppData\Local\Temp\ccauEu14.s 			page 3


  49              		@ sp needed
  50 001c 80BD     		pop	{r7, pc}
  51              	.L3:
  52 001e C046     		.align	2
  53              	.L2:
  54 0020 00000000 		.word	counter_isr_Interrupt
  55              		.cfi_endproc
  56              	.LFE33:
  57              		.size	counter_isr_Start, .-counter_isr_Start
  58              		.section	.text.counter_isr_StartEx,"ax",%progbits
  59              		.align	2
  60              		.global	counter_isr_StartEx
  61              		.code	16
  62              		.thumb_func
  63              		.type	counter_isr_StartEx, %function
  64              	counter_isr_StartEx:
  65              	.LFB34:
  67:.\Generated_Source\PSoC4/counter_isr.c **** 
  68:.\Generated_Source\PSoC4/counter_isr.c **** 
  69:.\Generated_Source\PSoC4/counter_isr.c **** /*******************************************************************************
  70:.\Generated_Source\PSoC4/counter_isr.c **** * Function Name: counter_isr_StartEx
  71:.\Generated_Source\PSoC4/counter_isr.c **** ********************************************************************************
  72:.\Generated_Source\PSoC4/counter_isr.c **** *
  73:.\Generated_Source\PSoC4/counter_isr.c **** * Summary:
  74:.\Generated_Source\PSoC4/counter_isr.c **** *  Set up the interrupt and enable it.
  75:.\Generated_Source\PSoC4/counter_isr.c **** *
  76:.\Generated_Source\PSoC4/counter_isr.c **** * Parameters:  
  77:.\Generated_Source\PSoC4/counter_isr.c **** *   address: Address of the ISR to set in the interrupt vector table.
  78:.\Generated_Source\PSoC4/counter_isr.c **** *
  79:.\Generated_Source\PSoC4/counter_isr.c **** * Return:
  80:.\Generated_Source\PSoC4/counter_isr.c **** *   None
  81:.\Generated_Source\PSoC4/counter_isr.c **** *
  82:.\Generated_Source\PSoC4/counter_isr.c **** *******************************************************************************/
  83:.\Generated_Source\PSoC4/counter_isr.c **** void counter_isr_StartEx(cyisraddress address)
  84:.\Generated_Source\PSoC4/counter_isr.c **** {
  66              		.loc 1 84 0
  67              		.cfi_startproc
  68 0000 80B5     		push	{r7, lr}
  69              		.cfi_def_cfa_offset 8
  70              		.cfi_offset 7, -8
  71              		.cfi_offset 14, -4
  72 0002 82B0     		sub	sp, sp, #8
  73              		.cfi_def_cfa_offset 16
  74 0004 00AF     		add	r7, sp, #0
  75              		.cfi_def_cfa_register 7
  76 0006 7860     		str	r0, [r7, #4]
  85:.\Generated_Source\PSoC4/counter_isr.c ****     /* For all we know the interrupt is active. */
  86:.\Generated_Source\PSoC4/counter_isr.c ****     counter_isr_Disable();
  77              		.loc 1 86 0
  78 0008 FFF7FEFF 		bl	counter_isr_Disable
  87:.\Generated_Source\PSoC4/counter_isr.c **** 
  88:.\Generated_Source\PSoC4/counter_isr.c ****     /* Set the ISR to point to the counter_isr Interrupt. */
  89:.\Generated_Source\PSoC4/counter_isr.c ****     counter_isr_SetVector(address);
  79              		.loc 1 89 0
  80 000c 7B68     		ldr	r3, [r7, #4]
  81 000e 181C     		mov	r0, r3
  82 0010 FFF7FEFF 		bl	counter_isr_SetVector
ARM GAS  C:\Users\Sausy\AppData\Local\Temp\ccauEu14.s 			page 4


  90:.\Generated_Source\PSoC4/counter_isr.c **** 
  91:.\Generated_Source\PSoC4/counter_isr.c ****     /* Set the priority. */
  92:.\Generated_Source\PSoC4/counter_isr.c ****     counter_isr_SetPriority((uint8)counter_isr_INTC_PRIOR_NUMBER);
  83              		.loc 1 92 0
  84 0014 0120     		mov	r0, #1
  85 0016 FFF7FEFF 		bl	counter_isr_SetPriority
  93:.\Generated_Source\PSoC4/counter_isr.c **** 
  94:.\Generated_Source\PSoC4/counter_isr.c ****     /* Enable it. */
  95:.\Generated_Source\PSoC4/counter_isr.c ****     counter_isr_Enable();
  86              		.loc 1 95 0
  87 001a FFF7FEFF 		bl	counter_isr_Enable
  96:.\Generated_Source\PSoC4/counter_isr.c **** }
  88              		.loc 1 96 0
  89 001e BD46     		mov	sp, r7
  90 0020 02B0     		add	sp, sp, #8
  91              		@ sp needed
  92 0022 80BD     		pop	{r7, pc}
  93              		.cfi_endproc
  94              	.LFE34:
  95              		.size	counter_isr_StartEx, .-counter_isr_StartEx
  96              		.section	.text.counter_isr_Stop,"ax",%progbits
  97              		.align	2
  98              		.global	counter_isr_Stop
  99              		.code	16
 100              		.thumb_func
 101              		.type	counter_isr_Stop, %function
 102              	counter_isr_Stop:
 103              	.LFB35:
  97:.\Generated_Source\PSoC4/counter_isr.c **** 
  98:.\Generated_Source\PSoC4/counter_isr.c **** 
  99:.\Generated_Source\PSoC4/counter_isr.c **** /*******************************************************************************
 100:.\Generated_Source\PSoC4/counter_isr.c **** * Function Name: counter_isr_Stop
 101:.\Generated_Source\PSoC4/counter_isr.c **** ********************************************************************************
 102:.\Generated_Source\PSoC4/counter_isr.c **** *
 103:.\Generated_Source\PSoC4/counter_isr.c **** * Summary:
 104:.\Generated_Source\PSoC4/counter_isr.c **** *   Disables and removes the interrupt.
 105:.\Generated_Source\PSoC4/counter_isr.c **** *
 106:.\Generated_Source\PSoC4/counter_isr.c **** * Parameters:  
 107:.\Generated_Source\PSoC4/counter_isr.c **** *
 108:.\Generated_Source\PSoC4/counter_isr.c **** * Return:
 109:.\Generated_Source\PSoC4/counter_isr.c **** *   None
 110:.\Generated_Source\PSoC4/counter_isr.c **** *
 111:.\Generated_Source\PSoC4/counter_isr.c **** *******************************************************************************/
 112:.\Generated_Source\PSoC4/counter_isr.c **** void counter_isr_Stop(void)
 113:.\Generated_Source\PSoC4/counter_isr.c **** {
 104              		.loc 1 113 0
 105              		.cfi_startproc
 106 0000 80B5     		push	{r7, lr}
 107              		.cfi_def_cfa_offset 8
 108              		.cfi_offset 7, -8
 109              		.cfi_offset 14, -4
 110 0002 00AF     		add	r7, sp, #0
 111              		.cfi_def_cfa_register 7
 114:.\Generated_Source\PSoC4/counter_isr.c ****     /* Disable this interrupt. */
 115:.\Generated_Source\PSoC4/counter_isr.c ****     counter_isr_Disable();
 112              		.loc 1 115 0
 113 0004 FFF7FEFF 		bl	counter_isr_Disable
ARM GAS  C:\Users\Sausy\AppData\Local\Temp\ccauEu14.s 			page 5


 116:.\Generated_Source\PSoC4/counter_isr.c **** 
 117:.\Generated_Source\PSoC4/counter_isr.c ****     /* Set the ISR to point to the passive one. */
 118:.\Generated_Source\PSoC4/counter_isr.c ****     counter_isr_SetVector(&IntDefaultHandler);
 114              		.loc 1 118 0
 115 0008 024B     		ldr	r3, .L6
 116 000a 181C     		mov	r0, r3
 117 000c FFF7FEFF 		bl	counter_isr_SetVector
 119:.\Generated_Source\PSoC4/counter_isr.c **** }
 118              		.loc 1 119 0
 119 0010 BD46     		mov	sp, r7
 120              		@ sp needed
 121 0012 80BD     		pop	{r7, pc}
 122              	.L7:
 123              		.align	2
 124              	.L6:
 125 0014 00000000 		.word	IntDefaultHandler
 126              		.cfi_endproc
 127              	.LFE35:
 128              		.size	counter_isr_Stop, .-counter_isr_Stop
 129              		.section	.text.counter_isr_Interrupt,"ax",%progbits
 130              		.align	2
 131              		.global	counter_isr_Interrupt
 132              		.code	16
 133              		.thumb_func
 134              		.type	counter_isr_Interrupt, %function
 135              	counter_isr_Interrupt:
 136              	.LFB36:
 120:.\Generated_Source\PSoC4/counter_isr.c **** 
 121:.\Generated_Source\PSoC4/counter_isr.c **** 
 122:.\Generated_Source\PSoC4/counter_isr.c **** /*******************************************************************************
 123:.\Generated_Source\PSoC4/counter_isr.c **** * Function Name: counter_isr_Interrupt
 124:.\Generated_Source\PSoC4/counter_isr.c **** ********************************************************************************
 125:.\Generated_Source\PSoC4/counter_isr.c **** *
 126:.\Generated_Source\PSoC4/counter_isr.c **** * Summary:
 127:.\Generated_Source\PSoC4/counter_isr.c **** *   The default Interrupt Service Routine for counter_isr.
 128:.\Generated_Source\PSoC4/counter_isr.c **** *
 129:.\Generated_Source\PSoC4/counter_isr.c **** *   Add custom code between the coments to keep the next version of this file
 130:.\Generated_Source\PSoC4/counter_isr.c **** *   from over writting your code.
 131:.\Generated_Source\PSoC4/counter_isr.c **** *
 132:.\Generated_Source\PSoC4/counter_isr.c **** * Parameters:  
 133:.\Generated_Source\PSoC4/counter_isr.c **** *   None
 134:.\Generated_Source\PSoC4/counter_isr.c **** *
 135:.\Generated_Source\PSoC4/counter_isr.c **** * Return:
 136:.\Generated_Source\PSoC4/counter_isr.c **** *   None
 137:.\Generated_Source\PSoC4/counter_isr.c **** *
 138:.\Generated_Source\PSoC4/counter_isr.c **** *******************************************************************************/
 139:.\Generated_Source\PSoC4/counter_isr.c **** CY_ISR(counter_isr_Interrupt)
 140:.\Generated_Source\PSoC4/counter_isr.c **** {
 137              		.loc 1 140 0
 138              		.cfi_startproc
 139 0000 80B5     		push	{r7, lr}
 140              		.cfi_def_cfa_offset 8
 141              		.cfi_offset 7, -8
 142              		.cfi_offset 14, -4
 143 0002 82B0     		sub	sp, sp, #8
 144              		.cfi_def_cfa_offset 16
 145 0004 00AF     		add	r7, sp, #0
ARM GAS  C:\Users\Sausy\AppData\Local\Temp\ccauEu14.s 			page 6


 146              		.cfi_def_cfa_register 7
 141:.\Generated_Source\PSoC4/counter_isr.c ****     /*  Place your Interrupt code here. */
 142:.\Generated_Source\PSoC4/counter_isr.c ****     /* `#START counter_isr_Interrupt` */
 143:.\Generated_Source\PSoC4/counter_isr.c ****    uint32 source;
 144:.\Generated_Source\PSoC4/counter_isr.c ****    source = PWM_GetInterruptSourceMasked();
 147              		.loc 1 144 0
 148 0006 FFF7FEFF 		bl	PWM_GetInterruptSourceMasked
 149 000a 031C     		mov	r3, r0
 150 000c 7B60     		str	r3, [r7, #4]
 145:.\Generated_Source\PSoC4/counter_isr.c ****    //------------------------------------
 146:.\Generated_Source\PSoC4/counter_isr.c ****    //Pin_GreenLED_Write(~Pin_GreenLED_Read());
 147:.\Generated_Source\PSoC4/counter_isr.c ****    glob_sec_counter++;
 151              		.loc 1 147 0
 152 000e 094B     		ldr	r3, .L10
 153 0010 1B68     		ldr	r3, [r3]
 154 0012 5A1C     		add	r2, r3, #1
 155 0014 074B     		ldr	r3, .L10
 156 0016 1A60     		str	r2, [r3]
 148:.\Generated_Source\PSoC4/counter_isr.c ****    if(glob_sec_counter >=  UINT32_MAX)
 157              		.loc 1 148 0
 158 0018 064B     		ldr	r3, .L10
 159 001a 1B68     		ldr	r3, [r3]
 160 001c 0133     		add	r3, r3, #1
 161 001e 02D1     		bne	.L9
 149:.\Generated_Source\PSoC4/counter_isr.c ****         glob_sec_counter=0;
 162              		.loc 1 149 0
 163 0020 044B     		ldr	r3, .L10
 164 0022 0022     		mov	r2, #0
 165 0024 1A60     		str	r2, [r3]
 166              	.L9:
 150:.\Generated_Source\PSoC4/counter_isr.c ****    //--------------------------------------
 151:.\Generated_Source\PSoC4/counter_isr.c ****    PWM_ClearInterrupt(source);
 167              		.loc 1 151 0
 168 0026 7B68     		ldr	r3, [r7, #4]
 169 0028 181C     		mov	r0, r3
 170 002a FFF7FEFF 		bl	PWM_ClearInterrupt
 152:.\Generated_Source\PSoC4/counter_isr.c ****     /* `#END` */
 153:.\Generated_Source\PSoC4/counter_isr.c **** }
 171              		.loc 1 153 0
 172 002e BD46     		mov	sp, r7
 173 0030 02B0     		add	sp, sp, #8
 174              		@ sp needed
 175 0032 80BD     		pop	{r7, pc}
 176              	.L11:
 177              		.align	2
 178              	.L10:
 179 0034 00000000 		.word	glob_sec_counter
 180              		.cfi_endproc
 181              	.LFE36:
 182              		.size	counter_isr_Interrupt, .-counter_isr_Interrupt
 183              		.section	.text.counter_isr_SetVector,"ax",%progbits
 184              		.align	2
 185              		.global	counter_isr_SetVector
 186              		.code	16
 187              		.thumb_func
 188              		.type	counter_isr_SetVector, %function
 189              	counter_isr_SetVector:
ARM GAS  C:\Users\Sausy\AppData\Local\Temp\ccauEu14.s 			page 7


 190              	.LFB37:
 154:.\Generated_Source\PSoC4/counter_isr.c **** 
 155:.\Generated_Source\PSoC4/counter_isr.c **** 
 156:.\Generated_Source\PSoC4/counter_isr.c **** /*******************************************************************************
 157:.\Generated_Source\PSoC4/counter_isr.c **** * Function Name: counter_isr_SetVector
 158:.\Generated_Source\PSoC4/counter_isr.c **** ********************************************************************************
 159:.\Generated_Source\PSoC4/counter_isr.c **** *
 160:.\Generated_Source\PSoC4/counter_isr.c **** * Summary:
 161:.\Generated_Source\PSoC4/counter_isr.c **** *   Change the ISR vector for the Interrupt. Note calling counter_isr_Start
 162:.\Generated_Source\PSoC4/counter_isr.c **** *   will override any effect this method would have had. To set the vector 
 163:.\Generated_Source\PSoC4/counter_isr.c **** *   before the component has been started use counter_isr_StartEx instead.
 164:.\Generated_Source\PSoC4/counter_isr.c **** *
 165:.\Generated_Source\PSoC4/counter_isr.c **** * Parameters:
 166:.\Generated_Source\PSoC4/counter_isr.c **** *   address: Address of the ISR to set in the interrupt vector table.
 167:.\Generated_Source\PSoC4/counter_isr.c **** *
 168:.\Generated_Source\PSoC4/counter_isr.c **** * Return:
 169:.\Generated_Source\PSoC4/counter_isr.c **** *   None
 170:.\Generated_Source\PSoC4/counter_isr.c **** *
 171:.\Generated_Source\PSoC4/counter_isr.c **** *******************************************************************************/
 172:.\Generated_Source\PSoC4/counter_isr.c **** void counter_isr_SetVector(cyisraddress address)
 173:.\Generated_Source\PSoC4/counter_isr.c **** {
 191              		.loc 1 173 0
 192              		.cfi_startproc
 193 0000 80B5     		push	{r7, lr}
 194              		.cfi_def_cfa_offset 8
 195              		.cfi_offset 7, -8
 196              		.cfi_offset 14, -4
 197 0002 82B0     		sub	sp, sp, #8
 198              		.cfi_def_cfa_offset 16
 199 0004 00AF     		add	r7, sp, #0
 200              		.cfi_def_cfa_register 7
 201 0006 7860     		str	r0, [r7, #4]
 174:.\Generated_Source\PSoC4/counter_isr.c ****     CyRamVectors[CYINT_IRQ_BASE + counter_isr__INTC_NUMBER] = address;
 202              		.loc 1 174 0
 203 0008 034A     		ldr	r2, .L13
 204 000a 8C23     		mov	r3, #140
 205 000c 7968     		ldr	r1, [r7, #4]
 206 000e D150     		str	r1, [r2, r3]
 175:.\Generated_Source\PSoC4/counter_isr.c **** }
 207              		.loc 1 175 0
 208 0010 BD46     		mov	sp, r7
 209 0012 02B0     		add	sp, sp, #8
 210              		@ sp needed
 211 0014 80BD     		pop	{r7, pc}
 212              	.L14:
 213 0016 C046     		.align	2
 214              	.L13:
 215 0018 00000000 		.word	CyRamVectors
 216              		.cfi_endproc
 217              	.LFE37:
 218              		.size	counter_isr_SetVector, .-counter_isr_SetVector
 219              		.section	.text.counter_isr_GetVector,"ax",%progbits
 220              		.align	2
 221              		.global	counter_isr_GetVector
 222              		.code	16
 223              		.thumb_func
 224              		.type	counter_isr_GetVector, %function
ARM GAS  C:\Users\Sausy\AppData\Local\Temp\ccauEu14.s 			page 8


 225              	counter_isr_GetVector:
 226              	.LFB38:
 176:.\Generated_Source\PSoC4/counter_isr.c **** 
 177:.\Generated_Source\PSoC4/counter_isr.c **** 
 178:.\Generated_Source\PSoC4/counter_isr.c **** /*******************************************************************************
 179:.\Generated_Source\PSoC4/counter_isr.c **** * Function Name: counter_isr_GetVector
 180:.\Generated_Source\PSoC4/counter_isr.c **** ********************************************************************************
 181:.\Generated_Source\PSoC4/counter_isr.c **** *
 182:.\Generated_Source\PSoC4/counter_isr.c **** * Summary:
 183:.\Generated_Source\PSoC4/counter_isr.c **** *   Gets the "address" of the current ISR vector for the Interrupt.
 184:.\Generated_Source\PSoC4/counter_isr.c **** *
 185:.\Generated_Source\PSoC4/counter_isr.c **** * Parameters:
 186:.\Generated_Source\PSoC4/counter_isr.c **** *   None
 187:.\Generated_Source\PSoC4/counter_isr.c **** *
 188:.\Generated_Source\PSoC4/counter_isr.c **** * Return:
 189:.\Generated_Source\PSoC4/counter_isr.c **** *   Address of the ISR in the interrupt vector table.
 190:.\Generated_Source\PSoC4/counter_isr.c **** *
 191:.\Generated_Source\PSoC4/counter_isr.c **** *******************************************************************************/
 192:.\Generated_Source\PSoC4/counter_isr.c **** cyisraddress counter_isr_GetVector(void)
 193:.\Generated_Source\PSoC4/counter_isr.c **** {
 227              		.loc 1 193 0
 228              		.cfi_startproc
 229 0000 80B5     		push	{r7, lr}
 230              		.cfi_def_cfa_offset 8
 231              		.cfi_offset 7, -8
 232              		.cfi_offset 14, -4
 233 0002 00AF     		add	r7, sp, #0
 234              		.cfi_def_cfa_register 7
 194:.\Generated_Source\PSoC4/counter_isr.c ****     return CyRamVectors[CYINT_IRQ_BASE + counter_isr__INTC_NUMBER];
 235              		.loc 1 194 0
 236 0004 024A     		ldr	r2, .L17
 237 0006 8C23     		mov	r3, #140
 238 0008 D358     		ldr	r3, [r2, r3]
 195:.\Generated_Source\PSoC4/counter_isr.c **** }
 239              		.loc 1 195 0
 240 000a 181C     		mov	r0, r3
 241 000c BD46     		mov	sp, r7
 242              		@ sp needed
 243 000e 80BD     		pop	{r7, pc}
 244              	.L18:
 245              		.align	2
 246              	.L17:
 247 0010 00000000 		.word	CyRamVectors
 248              		.cfi_endproc
 249              	.LFE38:
 250              		.size	counter_isr_GetVector, .-counter_isr_GetVector
 251              		.section	.text.counter_isr_SetPriority,"ax",%progbits
 252              		.align	2
 253              		.global	counter_isr_SetPriority
 254              		.code	16
 255              		.thumb_func
 256              		.type	counter_isr_SetPriority, %function
 257              	counter_isr_SetPriority:
 258              	.LFB39:
 196:.\Generated_Source\PSoC4/counter_isr.c **** 
 197:.\Generated_Source\PSoC4/counter_isr.c **** 
 198:.\Generated_Source\PSoC4/counter_isr.c **** /*******************************************************************************
ARM GAS  C:\Users\Sausy\AppData\Local\Temp\ccauEu14.s 			page 9


 199:.\Generated_Source\PSoC4/counter_isr.c **** * Function Name: counter_isr_SetPriority
 200:.\Generated_Source\PSoC4/counter_isr.c **** ********************************************************************************
 201:.\Generated_Source\PSoC4/counter_isr.c **** *
 202:.\Generated_Source\PSoC4/counter_isr.c **** * Summary:
 203:.\Generated_Source\PSoC4/counter_isr.c **** *   Sets the Priority of the Interrupt. Note calling counter_isr_Start
 204:.\Generated_Source\PSoC4/counter_isr.c **** *   or counter_isr_StartEx will override any effect this method would 
 205:.\Generated_Source\PSoC4/counter_isr.c **** *   have had. This method should only be called after counter_isr_Start or 
 206:.\Generated_Source\PSoC4/counter_isr.c **** *   counter_isr_StartEx has been called. To set the initial
 207:.\Generated_Source\PSoC4/counter_isr.c **** *   priority for the component use the cydwr file in the tool.
 208:.\Generated_Source\PSoC4/counter_isr.c **** *
 209:.\Generated_Source\PSoC4/counter_isr.c **** * Parameters:
 210:.\Generated_Source\PSoC4/counter_isr.c **** *   priority: Priority of the interrupt. 0 - 3, 0 being the highest.
 211:.\Generated_Source\PSoC4/counter_isr.c **** *
 212:.\Generated_Source\PSoC4/counter_isr.c **** * Return:
 213:.\Generated_Source\PSoC4/counter_isr.c **** *   None
 214:.\Generated_Source\PSoC4/counter_isr.c **** *
 215:.\Generated_Source\PSoC4/counter_isr.c **** *******************************************************************************/
 216:.\Generated_Source\PSoC4/counter_isr.c **** void counter_isr_SetPriority(uint8 priority)
 217:.\Generated_Source\PSoC4/counter_isr.c **** {
 259              		.loc 1 217 0
 260              		.cfi_startproc
 261 0000 90B5     		push	{r4, r7, lr}
 262              		.cfi_def_cfa_offset 12
 263              		.cfi_offset 4, -12
 264              		.cfi_offset 7, -8
 265              		.cfi_offset 14, -4
 266 0002 85B0     		sub	sp, sp, #20
 267              		.cfi_def_cfa_offset 32
 268 0004 00AF     		add	r7, sp, #0
 269              		.cfi_def_cfa_register 7
 270 0006 021C     		mov	r2, r0
 271 0008 FB1D     		add	r3, r7, #7
 272 000a 1A70     		strb	r2, [r3]
 218:.\Generated_Source\PSoC4/counter_isr.c **** 	uint8 interruptState;
 219:.\Generated_Source\PSoC4/counter_isr.c ****     uint32 priorityOffset = ((counter_isr__INTC_NUMBER % 4u) * 8u) + 6u;
 273              		.loc 1 219 0
 274 000c 1E23     		mov	r3, #30
 275 000e FB60     		str	r3, [r7, #12]
 220:.\Generated_Source\PSoC4/counter_isr.c ****     
 221:.\Generated_Source\PSoC4/counter_isr.c **** 	interruptState = CyEnterCriticalSection();
 276              		.loc 1 221 0
 277 0010 3C1C     		mov	r4, r7
 278 0012 0B34     		add	r4, r4, #11
 279 0014 FFF7FEFF 		bl	CyEnterCriticalSection
 280 0018 031C     		mov	r3, r0
 281 001a 2370     		strb	r3, [r4]
 222:.\Generated_Source\PSoC4/counter_isr.c ****     *counter_isr_INTC_PRIOR = (*counter_isr_INTC_PRIOR & (uint32)(~counter_isr__INTC_PRIOR_MASK)) |
 282              		.loc 1 222 0
 283 001c 0A4B     		ldr	r3, .L20
 284 001e 0A4A     		ldr	r2, .L20
 285 0020 1268     		ldr	r2, [r2]
 286 0022 9200     		lsl	r2, r2, #2
 287 0024 9108     		lsr	r1, r2, #2
 223:.\Generated_Source\PSoC4/counter_isr.c ****                                     ((uint32)priority << priorityOffset);
 288              		.loc 1 223 0
 289 0026 FA1D     		add	r2, r7, #7
 290 0028 1078     		ldrb	r0, [r2]
ARM GAS  C:\Users\Sausy\AppData\Local\Temp\ccauEu14.s 			page 10


 291 002a FA68     		ldr	r2, [r7, #12]
 292 002c 041C     		mov	r4, r0
 293 002e 9440     		lsl	r4, r4, r2
 294 0030 221C     		mov	r2, r4
 222:.\Generated_Source\PSoC4/counter_isr.c ****     *counter_isr_INTC_PRIOR = (*counter_isr_INTC_PRIOR & (uint32)(~counter_isr__INTC_PRIOR_MASK)) |
 295              		.loc 1 222 0
 296 0032 0A43     		orr	r2, r1
 297 0034 1A60     		str	r2, [r3]
 224:.\Generated_Source\PSoC4/counter_isr.c **** 	CyExitCriticalSection(interruptState);
 298              		.loc 1 224 0
 299 0036 3B1C     		mov	r3, r7
 300 0038 0B33     		add	r3, r3, #11
 301 003a 1B78     		ldrb	r3, [r3]
 302 003c 181C     		mov	r0, r3
 303 003e FFF7FEFF 		bl	CyExitCriticalSection
 225:.\Generated_Source\PSoC4/counter_isr.c **** }
 304              		.loc 1 225 0
 305 0042 BD46     		mov	sp, r7
 306 0044 05B0     		add	sp, sp, #20
 307              		@ sp needed
 308 0046 90BD     		pop	{r4, r7, pc}
 309              	.L21:
 310              		.align	2
 311              	.L20:
 312 0048 10E400E0 		.word	-536812528
 313              		.cfi_endproc
 314              	.LFE39:
 315              		.size	counter_isr_SetPriority, .-counter_isr_SetPriority
 316              		.section	.text.counter_isr_GetPriority,"ax",%progbits
 317              		.align	2
 318              		.global	counter_isr_GetPriority
 319              		.code	16
 320              		.thumb_func
 321              		.type	counter_isr_GetPriority, %function
 322              	counter_isr_GetPriority:
 323              	.LFB40:
 226:.\Generated_Source\PSoC4/counter_isr.c **** 
 227:.\Generated_Source\PSoC4/counter_isr.c **** 
 228:.\Generated_Source\PSoC4/counter_isr.c **** /*******************************************************************************
 229:.\Generated_Source\PSoC4/counter_isr.c **** * Function Name: counter_isr_GetPriority
 230:.\Generated_Source\PSoC4/counter_isr.c **** ********************************************************************************
 231:.\Generated_Source\PSoC4/counter_isr.c **** *
 232:.\Generated_Source\PSoC4/counter_isr.c **** * Summary:
 233:.\Generated_Source\PSoC4/counter_isr.c **** *   Gets the Priority of the Interrupt.
 234:.\Generated_Source\PSoC4/counter_isr.c **** *
 235:.\Generated_Source\PSoC4/counter_isr.c **** * Parameters:
 236:.\Generated_Source\PSoC4/counter_isr.c **** *   None
 237:.\Generated_Source\PSoC4/counter_isr.c **** *
 238:.\Generated_Source\PSoC4/counter_isr.c **** * Return:
 239:.\Generated_Source\PSoC4/counter_isr.c **** *   Priority of the interrupt. 0 - 3, 0 being the highest.
 240:.\Generated_Source\PSoC4/counter_isr.c **** *
 241:.\Generated_Source\PSoC4/counter_isr.c **** *******************************************************************************/
 242:.\Generated_Source\PSoC4/counter_isr.c **** uint8 counter_isr_GetPriority(void)
 243:.\Generated_Source\PSoC4/counter_isr.c **** {
 324              		.loc 1 243 0
 325              		.cfi_startproc
 326 0000 80B5     		push	{r7, lr}
ARM GAS  C:\Users\Sausy\AppData\Local\Temp\ccauEu14.s 			page 11


 327              		.cfi_def_cfa_offset 8
 328              		.cfi_offset 7, -8
 329              		.cfi_offset 14, -4
 330 0002 82B0     		sub	sp, sp, #8
 331              		.cfi_def_cfa_offset 16
 332 0004 00AF     		add	r7, sp, #0
 333              		.cfi_def_cfa_register 7
 244:.\Generated_Source\PSoC4/counter_isr.c ****     uint32 priority;
 245:.\Generated_Source\PSoC4/counter_isr.c **** 	uint32 priorityOffset = ((counter_isr__INTC_NUMBER % 4u) * 8u) + 6u;
 334              		.loc 1 245 0
 335 0006 1E23     		mov	r3, #30
 336 0008 7B60     		str	r3, [r7, #4]
 246:.\Generated_Source\PSoC4/counter_isr.c **** 
 247:.\Generated_Source\PSoC4/counter_isr.c ****     priority = (*counter_isr_INTC_PRIOR & counter_isr__INTC_PRIOR_MASK) >> priorityOffset;
 337              		.loc 1 247 0
 338 000a 074B     		ldr	r3, .L24
 339 000c 1B68     		ldr	r3, [r3]
 340 000e 9B0F     		lsr	r3, r3, #30
 341 0010 9A07     		lsl	r2, r3, #30
 342 0012 7B68     		ldr	r3, [r7, #4]
 343 0014 111C     		mov	r1, r2
 344 0016 D940     		lsr	r1, r1, r3
 345 0018 0B1C     		mov	r3, r1
 346 001a 3B60     		str	r3, [r7]
 248:.\Generated_Source\PSoC4/counter_isr.c **** 
 249:.\Generated_Source\PSoC4/counter_isr.c ****     return (uint8)priority;
 347              		.loc 1 249 0
 348 001c 3B68     		ldr	r3, [r7]
 349 001e DBB2     		uxtb	r3, r3
 250:.\Generated_Source\PSoC4/counter_isr.c **** }
 350              		.loc 1 250 0
 351 0020 181C     		mov	r0, r3
 352 0022 BD46     		mov	sp, r7
 353 0024 02B0     		add	sp, sp, #8
 354              		@ sp needed
 355 0026 80BD     		pop	{r7, pc}
 356              	.L25:
 357              		.align	2
 358              	.L24:
 359 0028 10E400E0 		.word	-536812528
 360              		.cfi_endproc
 361              	.LFE40:
 362              		.size	counter_isr_GetPriority, .-counter_isr_GetPriority
 363              		.section	.text.counter_isr_Enable,"ax",%progbits
 364              		.align	2
 365              		.global	counter_isr_Enable
 366              		.code	16
 367              		.thumb_func
 368              		.type	counter_isr_Enable, %function
 369              	counter_isr_Enable:
 370              	.LFB41:
 251:.\Generated_Source\PSoC4/counter_isr.c **** 
 252:.\Generated_Source\PSoC4/counter_isr.c **** 
 253:.\Generated_Source\PSoC4/counter_isr.c **** /*******************************************************************************
 254:.\Generated_Source\PSoC4/counter_isr.c **** * Function Name: counter_isr_Enable
 255:.\Generated_Source\PSoC4/counter_isr.c **** ********************************************************************************
 256:.\Generated_Source\PSoC4/counter_isr.c **** *
ARM GAS  C:\Users\Sausy\AppData\Local\Temp\ccauEu14.s 			page 12


 257:.\Generated_Source\PSoC4/counter_isr.c **** * Summary:
 258:.\Generated_Source\PSoC4/counter_isr.c **** *   Enables the interrupt.
 259:.\Generated_Source\PSoC4/counter_isr.c **** *
 260:.\Generated_Source\PSoC4/counter_isr.c **** * Parameters:
 261:.\Generated_Source\PSoC4/counter_isr.c **** *   None
 262:.\Generated_Source\PSoC4/counter_isr.c **** *
 263:.\Generated_Source\PSoC4/counter_isr.c **** * Return:
 264:.\Generated_Source\PSoC4/counter_isr.c **** *   None
 265:.\Generated_Source\PSoC4/counter_isr.c **** *
 266:.\Generated_Source\PSoC4/counter_isr.c **** *******************************************************************************/
 267:.\Generated_Source\PSoC4/counter_isr.c **** void counter_isr_Enable(void)
 268:.\Generated_Source\PSoC4/counter_isr.c **** {
 371              		.loc 1 268 0
 372              		.cfi_startproc
 373 0000 80B5     		push	{r7, lr}
 374              		.cfi_def_cfa_offset 8
 375              		.cfi_offset 7, -8
 376              		.cfi_offset 14, -4
 377 0002 00AF     		add	r7, sp, #0
 378              		.cfi_def_cfa_register 7
 269:.\Generated_Source\PSoC4/counter_isr.c ****     /* Enable the general interrupt. */
 270:.\Generated_Source\PSoC4/counter_isr.c ****     *counter_isr_INTC_SET_EN = counter_isr__INTC_MASK;
 379              		.loc 1 270 0
 380 0004 024B     		ldr	r3, .L27
 381 0006 8022     		mov	r2, #128
 382 0008 1203     		lsl	r2, r2, #12
 383 000a 1A60     		str	r2, [r3]
 271:.\Generated_Source\PSoC4/counter_isr.c **** }
 384              		.loc 1 271 0
 385 000c BD46     		mov	sp, r7
 386              		@ sp needed
 387 000e 80BD     		pop	{r7, pc}
 388              	.L28:
 389              		.align	2
 390              	.L27:
 391 0010 00E100E0 		.word	-536813312
 392              		.cfi_endproc
 393              	.LFE41:
 394              		.size	counter_isr_Enable, .-counter_isr_Enable
 395              		.section	.text.counter_isr_GetState,"ax",%progbits
 396              		.align	2
 397              		.global	counter_isr_GetState
 398              		.code	16
 399              		.thumb_func
 400              		.type	counter_isr_GetState, %function
 401              	counter_isr_GetState:
 402              	.LFB42:
 272:.\Generated_Source\PSoC4/counter_isr.c **** 
 273:.\Generated_Source\PSoC4/counter_isr.c **** 
 274:.\Generated_Source\PSoC4/counter_isr.c **** /*******************************************************************************
 275:.\Generated_Source\PSoC4/counter_isr.c **** * Function Name: counter_isr_GetState
 276:.\Generated_Source\PSoC4/counter_isr.c **** ********************************************************************************
 277:.\Generated_Source\PSoC4/counter_isr.c **** *
 278:.\Generated_Source\PSoC4/counter_isr.c **** * Summary:
 279:.\Generated_Source\PSoC4/counter_isr.c **** *   Gets the state (enabled, disabled) of the Interrupt.
 280:.\Generated_Source\PSoC4/counter_isr.c **** *
 281:.\Generated_Source\PSoC4/counter_isr.c **** * Parameters:
ARM GAS  C:\Users\Sausy\AppData\Local\Temp\ccauEu14.s 			page 13


 282:.\Generated_Source\PSoC4/counter_isr.c **** *   None
 283:.\Generated_Source\PSoC4/counter_isr.c **** *
 284:.\Generated_Source\PSoC4/counter_isr.c **** * Return:
 285:.\Generated_Source\PSoC4/counter_isr.c **** *   1 if enabled, 0 if disabled.
 286:.\Generated_Source\PSoC4/counter_isr.c **** *
 287:.\Generated_Source\PSoC4/counter_isr.c **** *******************************************************************************/
 288:.\Generated_Source\PSoC4/counter_isr.c **** uint8 counter_isr_GetState(void)
 289:.\Generated_Source\PSoC4/counter_isr.c **** {
 403              		.loc 1 289 0
 404              		.cfi_startproc
 405 0000 80B5     		push	{r7, lr}
 406              		.cfi_def_cfa_offset 8
 407              		.cfi_offset 7, -8
 408              		.cfi_offset 14, -4
 409 0002 00AF     		add	r7, sp, #0
 410              		.cfi_def_cfa_register 7
 290:.\Generated_Source\PSoC4/counter_isr.c ****     /* Get the state of the general interrupt. */
 291:.\Generated_Source\PSoC4/counter_isr.c ****     return ((*counter_isr_INTC_SET_EN & (uint32)counter_isr__INTC_MASK) != 0u) ? 1u:0u;
 411              		.loc 1 291 0
 412 0004 054B     		ldr	r3, .L33
 413 0006 1A68     		ldr	r2, [r3]
 414 0008 8023     		mov	r3, #128
 415 000a 1B03     		lsl	r3, r3, #12
 416 000c 1340     		and	r3, r2
 417 000e 01D0     		beq	.L30
 418              		.loc 1 291 0 is_stmt 0 discriminator 1
 419 0010 0123     		mov	r3, #1
 420 0012 00E0     		b	.L31
 421              	.L30:
 422              		.loc 1 291 0 discriminator 2
 423 0014 0023     		mov	r3, #0
 424              	.L31:
 292:.\Generated_Source\PSoC4/counter_isr.c **** }
 425              		.loc 1 292 0 is_stmt 1 discriminator 3
 426 0016 181C     		mov	r0, r3
 427 0018 BD46     		mov	sp, r7
 428              		@ sp needed
 429 001a 80BD     		pop	{r7, pc}
 430              	.L34:
 431              		.align	2
 432              	.L33:
 433 001c 00E100E0 		.word	-536813312
 434              		.cfi_endproc
 435              	.LFE42:
 436              		.size	counter_isr_GetState, .-counter_isr_GetState
 437              		.section	.text.counter_isr_Disable,"ax",%progbits
 438              		.align	2
 439              		.global	counter_isr_Disable
 440              		.code	16
 441              		.thumb_func
 442              		.type	counter_isr_Disable, %function
 443              	counter_isr_Disable:
 444              	.LFB43:
 293:.\Generated_Source\PSoC4/counter_isr.c **** 
 294:.\Generated_Source\PSoC4/counter_isr.c **** 
 295:.\Generated_Source\PSoC4/counter_isr.c **** /*******************************************************************************
 296:.\Generated_Source\PSoC4/counter_isr.c **** * Function Name: counter_isr_Disable
ARM GAS  C:\Users\Sausy\AppData\Local\Temp\ccauEu14.s 			page 14


 297:.\Generated_Source\PSoC4/counter_isr.c **** ********************************************************************************
 298:.\Generated_Source\PSoC4/counter_isr.c **** *
 299:.\Generated_Source\PSoC4/counter_isr.c **** * Summary:
 300:.\Generated_Source\PSoC4/counter_isr.c **** *   Disables the Interrupt.
 301:.\Generated_Source\PSoC4/counter_isr.c **** *
 302:.\Generated_Source\PSoC4/counter_isr.c **** * Parameters:
 303:.\Generated_Source\PSoC4/counter_isr.c **** *   None
 304:.\Generated_Source\PSoC4/counter_isr.c **** *
 305:.\Generated_Source\PSoC4/counter_isr.c **** * Return:
 306:.\Generated_Source\PSoC4/counter_isr.c **** *   None
 307:.\Generated_Source\PSoC4/counter_isr.c **** *
 308:.\Generated_Source\PSoC4/counter_isr.c **** *******************************************************************************/
 309:.\Generated_Source\PSoC4/counter_isr.c **** void counter_isr_Disable(void)
 310:.\Generated_Source\PSoC4/counter_isr.c **** {
 445              		.loc 1 310 0
 446              		.cfi_startproc
 447 0000 80B5     		push	{r7, lr}
 448              		.cfi_def_cfa_offset 8
 449              		.cfi_offset 7, -8
 450              		.cfi_offset 14, -4
 451 0002 00AF     		add	r7, sp, #0
 452              		.cfi_def_cfa_register 7
 311:.\Generated_Source\PSoC4/counter_isr.c ****     /* Disable the general interrupt. */
 312:.\Generated_Source\PSoC4/counter_isr.c ****     *counter_isr_INTC_CLR_EN = counter_isr__INTC_MASK;
 453              		.loc 1 312 0
 454 0004 024B     		ldr	r3, .L36
 455 0006 8022     		mov	r2, #128
 456 0008 1203     		lsl	r2, r2, #12
 457 000a 1A60     		str	r2, [r3]
 313:.\Generated_Source\PSoC4/counter_isr.c **** }
 458              		.loc 1 313 0
 459 000c BD46     		mov	sp, r7
 460              		@ sp needed
 461 000e 80BD     		pop	{r7, pc}
 462              	.L37:
 463              		.align	2
 464              	.L36:
 465 0010 80E100E0 		.word	-536813184
 466              		.cfi_endproc
 467              	.LFE43:
 468              		.size	counter_isr_Disable, .-counter_isr_Disable
 469              		.section	.text.counter_isr_SetPending,"ax",%progbits
 470              		.align	2
 471              		.global	counter_isr_SetPending
 472              		.code	16
 473              		.thumb_func
 474              		.type	counter_isr_SetPending, %function
 475              	counter_isr_SetPending:
 476              	.LFB44:
 314:.\Generated_Source\PSoC4/counter_isr.c **** 
 315:.\Generated_Source\PSoC4/counter_isr.c **** 
 316:.\Generated_Source\PSoC4/counter_isr.c **** /*******************************************************************************
 317:.\Generated_Source\PSoC4/counter_isr.c **** * Function Name: counter_isr_SetPending
 318:.\Generated_Source\PSoC4/counter_isr.c **** ********************************************************************************
 319:.\Generated_Source\PSoC4/counter_isr.c **** *
 320:.\Generated_Source\PSoC4/counter_isr.c **** * Summary:
 321:.\Generated_Source\PSoC4/counter_isr.c **** *   Causes the Interrupt to enter the pending state, a software method of
ARM GAS  C:\Users\Sausy\AppData\Local\Temp\ccauEu14.s 			page 15


 322:.\Generated_Source\PSoC4/counter_isr.c **** *   generating the interrupt.
 323:.\Generated_Source\PSoC4/counter_isr.c **** *
 324:.\Generated_Source\PSoC4/counter_isr.c **** * Parameters:
 325:.\Generated_Source\PSoC4/counter_isr.c **** *   None
 326:.\Generated_Source\PSoC4/counter_isr.c **** *
 327:.\Generated_Source\PSoC4/counter_isr.c **** * Return:
 328:.\Generated_Source\PSoC4/counter_isr.c **** *   None
 329:.\Generated_Source\PSoC4/counter_isr.c **** *
 330:.\Generated_Source\PSoC4/counter_isr.c **** *******************************************************************************/
 331:.\Generated_Source\PSoC4/counter_isr.c **** void counter_isr_SetPending(void)
 332:.\Generated_Source\PSoC4/counter_isr.c **** {
 477              		.loc 1 332 0
 478              		.cfi_startproc
 479 0000 80B5     		push	{r7, lr}
 480              		.cfi_def_cfa_offset 8
 481              		.cfi_offset 7, -8
 482              		.cfi_offset 14, -4
 483 0002 00AF     		add	r7, sp, #0
 484              		.cfi_def_cfa_register 7
 333:.\Generated_Source\PSoC4/counter_isr.c ****     *counter_isr_INTC_SET_PD = counter_isr__INTC_MASK;
 485              		.loc 1 333 0
 486 0004 024B     		ldr	r3, .L39
 487 0006 8022     		mov	r2, #128
 488 0008 1203     		lsl	r2, r2, #12
 489 000a 1A60     		str	r2, [r3]
 334:.\Generated_Source\PSoC4/counter_isr.c **** }
 490              		.loc 1 334 0
 491 000c BD46     		mov	sp, r7
 492              		@ sp needed
 493 000e 80BD     		pop	{r7, pc}
 494              	.L40:
 495              		.align	2
 496              	.L39:
 497 0010 00E200E0 		.word	-536813056
 498              		.cfi_endproc
 499              	.LFE44:
 500              		.size	counter_isr_SetPending, .-counter_isr_SetPending
 501              		.section	.text.counter_isr_ClearPending,"ax",%progbits
 502              		.align	2
 503              		.global	counter_isr_ClearPending
 504              		.code	16
 505              		.thumb_func
 506              		.type	counter_isr_ClearPending, %function
 507              	counter_isr_ClearPending:
 508              	.LFB45:
 335:.\Generated_Source\PSoC4/counter_isr.c **** 
 336:.\Generated_Source\PSoC4/counter_isr.c **** 
 337:.\Generated_Source\PSoC4/counter_isr.c **** /*******************************************************************************
 338:.\Generated_Source\PSoC4/counter_isr.c **** * Function Name: counter_isr_ClearPending
 339:.\Generated_Source\PSoC4/counter_isr.c **** ********************************************************************************
 340:.\Generated_Source\PSoC4/counter_isr.c **** *
 341:.\Generated_Source\PSoC4/counter_isr.c **** * Summary:
 342:.\Generated_Source\PSoC4/counter_isr.c **** *   Clears a pending interrupt.
 343:.\Generated_Source\PSoC4/counter_isr.c **** *
 344:.\Generated_Source\PSoC4/counter_isr.c **** * Parameters:
 345:.\Generated_Source\PSoC4/counter_isr.c **** *   None
 346:.\Generated_Source\PSoC4/counter_isr.c **** *
ARM GAS  C:\Users\Sausy\AppData\Local\Temp\ccauEu14.s 			page 16


 347:.\Generated_Source\PSoC4/counter_isr.c **** * Return:
 348:.\Generated_Source\PSoC4/counter_isr.c **** *   None
 349:.\Generated_Source\PSoC4/counter_isr.c **** *
 350:.\Generated_Source\PSoC4/counter_isr.c **** *******************************************************************************/
 351:.\Generated_Source\PSoC4/counter_isr.c **** void counter_isr_ClearPending(void)
 352:.\Generated_Source\PSoC4/counter_isr.c **** {
 509              		.loc 1 352 0
 510              		.cfi_startproc
 511 0000 80B5     		push	{r7, lr}
 512              		.cfi_def_cfa_offset 8
 513              		.cfi_offset 7, -8
 514              		.cfi_offset 14, -4
 515 0002 00AF     		add	r7, sp, #0
 516              		.cfi_def_cfa_register 7
 353:.\Generated_Source\PSoC4/counter_isr.c ****     *counter_isr_INTC_CLR_PD = counter_isr__INTC_MASK;
 517              		.loc 1 353 0
 518 0004 024B     		ldr	r3, .L42
 519 0006 8022     		mov	r2, #128
 520 0008 1203     		lsl	r2, r2, #12
 521 000a 1A60     		str	r2, [r3]
 354:.\Generated_Source\PSoC4/counter_isr.c **** }
 522              		.loc 1 354 0
 523 000c BD46     		mov	sp, r7
 524              		@ sp needed
 525 000e 80BD     		pop	{r7, pc}
 526              	.L43:
 527              		.align	2
 528              	.L42:
 529 0010 80E200E0 		.word	-536812928
 530              		.cfi_endproc
 531              	.LFE45:
 532              		.size	counter_isr_ClearPending, .-counter_isr_ClearPending
 533              		.text
 534              	.Letext0:
 535              		.file 2 "c:\\program files (x86)\\cypress\\psoc creator\\3.1\\psoc creator\\import\\gnu_cs\\arm\\4
 536              		.file 3 "c:\\program files (x86)\\cypress\\psoc creator\\3.1\\psoc creator\\import\\gnu_cs\\arm\\4
 537              		.file 4 ".\\Generated_Source\\PSoC4/cytypes.h"
 538              		.file 5 "./common.h"
 539              		.section	.debug_info,"",%progbits
 540              	.Ldebug_info0:
 541 0000 88020000 		.4byte	0x288
 542 0004 0400     		.2byte	0x4
 543 0006 00000000 		.4byte	.Ldebug_abbrev0
 544 000a 04       		.byte	0x4
 545 000b 01       		.uleb128 0x1
 546 000c CF000000 		.4byte	.LASF39
 547 0010 01       		.byte	0x1
 548 0011 7B010000 		.4byte	.LASF40
 549 0015 1A000000 		.4byte	.LASF41
 550 0019 00000000 		.4byte	.Ldebug_ranges0+0
 551 001d 00000000 		.4byte	0
 552 0021 00000000 		.4byte	.Ldebug_line0
 553 0025 02       		.uleb128 0x2
 554 0026 01       		.byte	0x1
 555 0027 06       		.byte	0x6
 556 0028 1A030000 		.4byte	.LASF0
 557 002c 02       		.uleb128 0x2
ARM GAS  C:\Users\Sausy\AppData\Local\Temp\ccauEu14.s 			page 17


 558 002d 01       		.byte	0x1
 559 002e 08       		.byte	0x8
 560 002f 5E010000 		.4byte	.LASF1
 561 0033 02       		.uleb128 0x2
 562 0034 02       		.byte	0x2
 563 0035 05       		.byte	0x5
 564 0036 B2020000 		.4byte	.LASF2
 565 003a 02       		.uleb128 0x2
 566 003b 02       		.byte	0x2
 567 003c 07       		.byte	0x7
 568 003d A0000000 		.4byte	.LASF3
 569 0041 02       		.uleb128 0x2
 570 0042 04       		.byte	0x4
 571 0043 05       		.byte	0x5
 572 0044 97000000 		.4byte	.LASF4
 573 0048 03       		.uleb128 0x3
 574 0049 CE010000 		.4byte	.LASF9
 575 004d 02       		.byte	0x2
 576 004e 38       		.byte	0x38
 577 004f 53000000 		.4byte	0x53
 578 0053 02       		.uleb128 0x2
 579 0054 04       		.byte	0x4
 580 0055 07       		.byte	0x7
 581 0056 F3010000 		.4byte	.LASF5
 582 005a 02       		.uleb128 0x2
 583 005b 08       		.byte	0x8
 584 005c 05       		.byte	0x5
 585 005d 7E020000 		.4byte	.LASF6
 586 0061 02       		.uleb128 0x2
 587 0062 08       		.byte	0x8
 588 0063 07       		.byte	0x7
 589 0064 27020000 		.4byte	.LASF7
 590 0068 04       		.uleb128 0x4
 591 0069 04       		.byte	0x4
 592 006a 05       		.byte	0x5
 593 006b 696E7400 		.ascii	"int\000"
 594 006f 02       		.uleb128 0x2
 595 0070 04       		.byte	0x4
 596 0071 07       		.byte	0x7
 597 0072 05020000 		.4byte	.LASF8
 598 0076 03       		.uleb128 0x3
 599 0077 FB020000 		.4byte	.LASF10
 600 007b 03       		.byte	0x3
 601 007c 42       		.byte	0x42
 602 007d 48000000 		.4byte	0x48
 603 0081 03       		.uleb128 0x3
 604 0082 B8010000 		.4byte	.LASF11
 605 0086 04       		.byte	0x4
 606 0087 A1       		.byte	0xa1
 607 0088 2C000000 		.4byte	0x2c
 608 008c 03       		.uleb128 0x3
 609 008d D9010000 		.4byte	.LASF12
 610 0091 04       		.byte	0x4
 611 0092 A3       		.byte	0xa3
 612 0093 53000000 		.4byte	0x53
 613 0097 02       		.uleb128 0x2
 614 0098 04       		.byte	0x4
ARM GAS  C:\Users\Sausy\AppData\Local\Temp\ccauEu14.s 			page 18


 615 0099 04       		.byte	0x4
 616 009a C9000000 		.4byte	.LASF13
 617 009e 02       		.uleb128 0x2
 618 009f 08       		.byte	0x8
 619 00a0 04       		.byte	0x4
 620 00a1 C7010000 		.4byte	.LASF14
 621 00a5 02       		.uleb128 0x2
 622 00a6 01       		.byte	0x1
 623 00a7 08       		.byte	0x8
 624 00a8 8C020000 		.4byte	.LASF15
 625 00ac 05       		.uleb128 0x5
 626 00ad 00000000 		.4byte	.LASF16
 627 00b1 04       		.byte	0x4
 628 00b2 4D01     		.2byte	0x14d
 629 00b4 B8000000 		.4byte	0xb8
 630 00b8 06       		.uleb128 0x6
 631 00b9 8C000000 		.4byte	0x8c
 632 00bd 05       		.uleb128 0x5
 633 00be 57020000 		.4byte	.LASF17
 634 00c2 04       		.byte	0x4
 635 00c3 5D01     		.2byte	0x15d
 636 00c5 C9000000 		.4byte	0xc9
 637 00c9 07       		.uleb128 0x7
 638 00ca 04       		.byte	0x4
 639 00cb CF000000 		.4byte	0xcf
 640 00cf 08       		.uleb128 0x8
 641 00d0 02       		.uleb128 0x2
 642 00d1 04       		.byte	0x4
 643 00d2 07       		.byte	0x7
 644 00d3 75020000 		.4byte	.LASF18
 645 00d7 09       		.uleb128 0x9
 646 00d8 2D030000 		.4byte	.LASF19
 647 00dc 01       		.byte	0x1
 648 00dd 35       		.byte	0x35
 649 00de 00000000 		.4byte	.LFB33
 650 00e2 24000000 		.4byte	.LFE33-.LFB33
 651 00e6 01       		.uleb128 0x1
 652 00e7 9C       		.byte	0x9c
 653 00e8 0A       		.uleb128 0xa
 654 00e9 91020000 		.4byte	.LASF21
 655 00ed 01       		.byte	0x1
 656 00ee 53       		.byte	0x53
 657 00ef 00000000 		.4byte	.LFB34
 658 00f3 24000000 		.4byte	.LFE34-.LFB34
 659 00f7 01       		.uleb128 0x1
 660 00f8 9C       		.byte	0x9c
 661 00f9 0C010000 		.4byte	0x10c
 662 00fd 0B       		.uleb128 0xb
 663 00fe 78000000 		.4byte	.LASF24
 664 0102 01       		.byte	0x1
 665 0103 53       		.byte	0x53
 666 0104 BD000000 		.4byte	0xbd
 667 0108 02       		.uleb128 0x2
 668 0109 91       		.byte	0x91
 669 010a 74       		.sleb128 -12
 670 010b 00       		.byte	0
 671 010c 09       		.uleb128 0x9
ARM GAS  C:\Users\Sausy\AppData\Local\Temp\ccauEu14.s 			page 19


 672 010d 67000000 		.4byte	.LASF20
 673 0111 01       		.byte	0x1
 674 0112 70       		.byte	0x70
 675 0113 00000000 		.4byte	.LFB35
 676 0117 18000000 		.4byte	.LFE35-.LFB35
 677 011b 01       		.uleb128 0x1
 678 011c 9C       		.byte	0x9c
 679 011d 0A       		.uleb128 0xa
 680 011e A2010000 		.4byte	.LASF22
 681 0122 01       		.byte	0x1
 682 0123 8B       		.byte	0x8b
 683 0124 00000000 		.4byte	.LFB36
 684 0128 38000000 		.4byte	.LFE36-.LFB36
 685 012c 01       		.uleb128 0x1
 686 012d 9C       		.byte	0x9c
 687 012e 41010000 		.4byte	0x141
 688 0132 0C       		.uleb128 0xc
 689 0133 26030000 		.4byte	.LASF27
 690 0137 01       		.byte	0x1
 691 0138 8F       		.byte	0x8f
 692 0139 8C000000 		.4byte	0x8c
 693 013d 02       		.uleb128 0x2
 694 013e 91       		.byte	0x91
 695 013f 74       		.sleb128 -12
 696 0140 00       		.byte	0
 697 0141 0D       		.uleb128 0xd
 698 0142 04030000 		.4byte	.LASF23
 699 0146 01       		.byte	0x1
 700 0147 AC       		.byte	0xac
 701 0148 00000000 		.4byte	.LFB37
 702 014c 1C000000 		.4byte	.LFE37-.LFB37
 703 0150 01       		.uleb128 0x1
 704 0151 9C       		.byte	0x9c
 705 0152 65010000 		.4byte	0x165
 706 0156 0B       		.uleb128 0xb
 707 0157 78000000 		.4byte	.LASF24
 708 015b 01       		.byte	0x1
 709 015c AC       		.byte	0xac
 710 015d BD000000 		.4byte	0xbd
 711 0161 02       		.uleb128 0x2
 712 0162 91       		.byte	0x91
 713 0163 74       		.sleb128 -12
 714 0164 00       		.byte	0
 715 0165 0E       		.uleb128 0xe
 716 0166 B3000000 		.4byte	.LASF31
 717 016a 01       		.byte	0x1
 718 016b C0       		.byte	0xc0
 719 016c BD000000 		.4byte	0xbd
 720 0170 00000000 		.4byte	.LFB38
 721 0174 14000000 		.4byte	.LFE38-.LFB38
 722 0178 01       		.uleb128 0x1
 723 0179 9C       		.byte	0x9c
 724 017a 0A       		.uleb128 0xa
 725 017b BC020000 		.4byte	.LASF25
 726 017f 01       		.byte	0x1
 727 0180 D8       		.byte	0xd8
 728 0181 00000000 		.4byte	.LFB39
ARM GAS  C:\Users\Sausy\AppData\Local\Temp\ccauEu14.s 			page 20


 729 0185 4C000000 		.4byte	.LFE39-.LFB39
 730 0189 01       		.uleb128 0x1
 731 018a 9C       		.byte	0x9c
 732 018b BA010000 		.4byte	0x1ba
 733 018f 0B       		.uleb128 0xb
 734 0190 BE010000 		.4byte	.LASF26
 735 0194 01       		.byte	0x1
 736 0195 D8       		.byte	0xd8
 737 0196 81000000 		.4byte	0x81
 738 019a 02       		.uleb128 0x2
 739 019b 91       		.byte	0x91
 740 019c 67       		.sleb128 -25
 741 019d 0C       		.uleb128 0xc
 742 019e 6C010000 		.4byte	.LASF28
 743 01a2 01       		.byte	0x1
 744 01a3 DA       		.byte	0xda
 745 01a4 81000000 		.4byte	0x81
 746 01a8 02       		.uleb128 0x2
 747 01a9 91       		.byte	0x91
 748 01aa 6B       		.sleb128 -21
 749 01ab 0C       		.uleb128 0xc
 750 01ac EC020000 		.4byte	.LASF29
 751 01b0 01       		.byte	0x1
 752 01b1 DB       		.byte	0xdb
 753 01b2 8C000000 		.4byte	0x8c
 754 01b6 02       		.uleb128 0x2
 755 01b7 91       		.byte	0x91
 756 01b8 6C       		.sleb128 -20
 757 01b9 00       		.byte	0
 758 01ba 0F       		.uleb128 0xf
 759 01bb D4020000 		.4byte	.LASF42
 760 01bf 01       		.byte	0x1
 761 01c0 F2       		.byte	0xf2
 762 01c1 81000000 		.4byte	0x81
 763 01c5 00000000 		.4byte	.LFB40
 764 01c9 2C000000 		.4byte	.LFE40-.LFB40
 765 01cd 01       		.uleb128 0x1
 766 01ce 9C       		.byte	0x9c
 767 01cf F0010000 		.4byte	0x1f0
 768 01d3 0C       		.uleb128 0xc
 769 01d4 BE010000 		.4byte	.LASF26
 770 01d8 01       		.byte	0x1
 771 01d9 F4       		.byte	0xf4
 772 01da 8C000000 		.4byte	0x8c
 773 01de 02       		.uleb128 0x2
 774 01df 91       		.byte	0x91
 775 01e0 70       		.sleb128 -16
 776 01e1 0C       		.uleb128 0xc
 777 01e2 EC020000 		.4byte	.LASF29
 778 01e6 01       		.byte	0x1
 779 01e7 F5       		.byte	0xf5
 780 01e8 8C000000 		.4byte	0x8c
 781 01ec 02       		.uleb128 0x2
 782 01ed 91       		.byte	0x91
 783 01ee 74       		.sleb128 -12
 784 01ef 00       		.byte	0
 785 01f0 10       		.uleb128 0x10
ARM GAS  C:\Users\Sausy\AppData\Local\Temp\ccauEu14.s 			page 21


 786 01f1 4B010000 		.4byte	.LASF30
 787 01f5 01       		.byte	0x1
 788 01f6 0B01     		.2byte	0x10b
 789 01f8 00000000 		.4byte	.LFB41
 790 01fc 14000000 		.4byte	.LFE41-.LFB41
 791 0200 01       		.uleb128 0x1
 792 0201 9C       		.byte	0x9c
 793 0202 11       		.uleb128 0x11
 794 0203 12020000 		.4byte	.LASF32
 795 0207 01       		.byte	0x1
 796 0208 2001     		.2byte	0x120
 797 020a 81000000 		.4byte	0x81
 798 020e 00000000 		.4byte	.LFB42
 799 0212 20000000 		.4byte	.LFE42-.LFB42
 800 0216 01       		.uleb128 0x1
 801 0217 9C       		.byte	0x9c
 802 0218 10       		.uleb128 0x10
 803 0219 06000000 		.4byte	.LASF33
 804 021d 01       		.byte	0x1
 805 021e 3501     		.2byte	0x135
 806 0220 00000000 		.4byte	.LFB43
 807 0224 14000000 		.4byte	.LFE43-.LFB43
 808 0228 01       		.uleb128 0x1
 809 0229 9C       		.byte	0x9c
 810 022a 10       		.uleb128 0x10
 811 022b 80000000 		.4byte	.LASF34
 812 022f 01       		.byte	0x1
 813 0230 4B01     		.2byte	0x14b
 814 0232 00000000 		.4byte	.LFB44
 815 0236 14000000 		.4byte	.LFE44-.LFB44
 816 023a 01       		.uleb128 0x1
 817 023b 9C       		.byte	0x9c
 818 023c 10       		.uleb128 0x10
 819 023d 3E020000 		.4byte	.LASF35
 820 0241 01       		.byte	0x1
 821 0242 5F01     		.2byte	0x15f
 822 0244 00000000 		.4byte	.LFB45
 823 0248 14000000 		.4byte	.LFE45-.LFB45
 824 024c 01       		.uleb128 0x1
 825 024d 9C       		.byte	0x9c
 826 024e 12       		.uleb128 0x12
 827 024f 64020000 		.4byte	.LASF36
 828 0253 05       		.byte	0x5
 829 0254 10       		.byte	0x10
 830 0255 76000000 		.4byte	0x76
 831 0259 05       		.uleb128 0x5
 832 025a 03       		.byte	0x3
 833 025b 00000000 		.4byte	glob_sec_counter
 834 025f 12       		.uleb128 0x12
 835 0260 E0010000 		.4byte	.LASF37
 836 0264 05       		.byte	0x5
 837 0265 11       		.byte	0x11
 838 0266 76000000 		.4byte	0x76
 839 026a 05       		.uleb128 0x5
 840 026b 03       		.byte	0x3
 841 026c 00000000 		.4byte	glob_human_counter
 842 0270 13       		.uleb128 0x13
ARM GAS  C:\Users\Sausy\AppData\Local\Temp\ccauEu14.s 			page 22


 843 0271 BD000000 		.4byte	0xbd
 844 0275 80020000 		.4byte	0x280
 845 0279 14       		.uleb128 0x14
 846 027a D0000000 		.4byte	0xd0
 847 027e 2F       		.byte	0x2f
 848 027f 00       		.byte	0
 849 0280 15       		.uleb128 0x15
 850 0281 A5020000 		.4byte	.LASF38
 851 0285 01       		.byte	0x1
 852 0286 21       		.byte	0x21
 853 0287 70020000 		.4byte	0x270
 854 028b 00       		.byte	0
 855              		.section	.debug_abbrev,"",%progbits
 856              	.Ldebug_abbrev0:
 857 0000 01       		.uleb128 0x1
 858 0001 11       		.uleb128 0x11
 859 0002 01       		.byte	0x1
 860 0003 25       		.uleb128 0x25
 861 0004 0E       		.uleb128 0xe
 862 0005 13       		.uleb128 0x13
 863 0006 0B       		.uleb128 0xb
 864 0007 03       		.uleb128 0x3
 865 0008 0E       		.uleb128 0xe
 866 0009 1B       		.uleb128 0x1b
 867 000a 0E       		.uleb128 0xe
 868 000b 55       		.uleb128 0x55
 869 000c 17       		.uleb128 0x17
 870 000d 11       		.uleb128 0x11
 871 000e 01       		.uleb128 0x1
 872 000f 10       		.uleb128 0x10
 873 0010 17       		.uleb128 0x17
 874 0011 00       		.byte	0
 875 0012 00       		.byte	0
 876 0013 02       		.uleb128 0x2
 877 0014 24       		.uleb128 0x24
 878 0015 00       		.byte	0
 879 0016 0B       		.uleb128 0xb
 880 0017 0B       		.uleb128 0xb
 881 0018 3E       		.uleb128 0x3e
 882 0019 0B       		.uleb128 0xb
 883 001a 03       		.uleb128 0x3
 884 001b 0E       		.uleb128 0xe
 885 001c 00       		.byte	0
 886 001d 00       		.byte	0
 887 001e 03       		.uleb128 0x3
 888 001f 16       		.uleb128 0x16
 889 0020 00       		.byte	0
 890 0021 03       		.uleb128 0x3
 891 0022 0E       		.uleb128 0xe
 892 0023 3A       		.uleb128 0x3a
 893 0024 0B       		.uleb128 0xb
 894 0025 3B       		.uleb128 0x3b
 895 0026 0B       		.uleb128 0xb
 896 0027 49       		.uleb128 0x49
 897 0028 13       		.uleb128 0x13
 898 0029 00       		.byte	0
 899 002a 00       		.byte	0
ARM GAS  C:\Users\Sausy\AppData\Local\Temp\ccauEu14.s 			page 23


 900 002b 04       		.uleb128 0x4
 901 002c 24       		.uleb128 0x24
 902 002d 00       		.byte	0
 903 002e 0B       		.uleb128 0xb
 904 002f 0B       		.uleb128 0xb
 905 0030 3E       		.uleb128 0x3e
 906 0031 0B       		.uleb128 0xb
 907 0032 03       		.uleb128 0x3
 908 0033 08       		.uleb128 0x8
 909 0034 00       		.byte	0
 910 0035 00       		.byte	0
 911 0036 05       		.uleb128 0x5
 912 0037 16       		.uleb128 0x16
 913 0038 00       		.byte	0
 914 0039 03       		.uleb128 0x3
 915 003a 0E       		.uleb128 0xe
 916 003b 3A       		.uleb128 0x3a
 917 003c 0B       		.uleb128 0xb
 918 003d 3B       		.uleb128 0x3b
 919 003e 05       		.uleb128 0x5
 920 003f 49       		.uleb128 0x49
 921 0040 13       		.uleb128 0x13
 922 0041 00       		.byte	0
 923 0042 00       		.byte	0
 924 0043 06       		.uleb128 0x6
 925 0044 35       		.uleb128 0x35
 926 0045 00       		.byte	0
 927 0046 49       		.uleb128 0x49
 928 0047 13       		.uleb128 0x13
 929 0048 00       		.byte	0
 930 0049 00       		.byte	0
 931 004a 07       		.uleb128 0x7
 932 004b 0F       		.uleb128 0xf
 933 004c 00       		.byte	0
 934 004d 0B       		.uleb128 0xb
 935 004e 0B       		.uleb128 0xb
 936 004f 49       		.uleb128 0x49
 937 0050 13       		.uleb128 0x13
 938 0051 00       		.byte	0
 939 0052 00       		.byte	0
 940 0053 08       		.uleb128 0x8
 941 0054 15       		.uleb128 0x15
 942 0055 00       		.byte	0
 943 0056 27       		.uleb128 0x27
 944 0057 19       		.uleb128 0x19
 945 0058 00       		.byte	0
 946 0059 00       		.byte	0
 947 005a 09       		.uleb128 0x9
 948 005b 2E       		.uleb128 0x2e
 949 005c 00       		.byte	0
 950 005d 3F       		.uleb128 0x3f
 951 005e 19       		.uleb128 0x19
 952 005f 03       		.uleb128 0x3
 953 0060 0E       		.uleb128 0xe
 954 0061 3A       		.uleb128 0x3a
 955 0062 0B       		.uleb128 0xb
 956 0063 3B       		.uleb128 0x3b
ARM GAS  C:\Users\Sausy\AppData\Local\Temp\ccauEu14.s 			page 24


 957 0064 0B       		.uleb128 0xb
 958 0065 27       		.uleb128 0x27
 959 0066 19       		.uleb128 0x19
 960 0067 11       		.uleb128 0x11
 961 0068 01       		.uleb128 0x1
 962 0069 12       		.uleb128 0x12
 963 006a 06       		.uleb128 0x6
 964 006b 40       		.uleb128 0x40
 965 006c 18       		.uleb128 0x18
 966 006d 9642     		.uleb128 0x2116
 967 006f 19       		.uleb128 0x19
 968 0070 00       		.byte	0
 969 0071 00       		.byte	0
 970 0072 0A       		.uleb128 0xa
 971 0073 2E       		.uleb128 0x2e
 972 0074 01       		.byte	0x1
 973 0075 3F       		.uleb128 0x3f
 974 0076 19       		.uleb128 0x19
 975 0077 03       		.uleb128 0x3
 976 0078 0E       		.uleb128 0xe
 977 0079 3A       		.uleb128 0x3a
 978 007a 0B       		.uleb128 0xb
 979 007b 3B       		.uleb128 0x3b
 980 007c 0B       		.uleb128 0xb
 981 007d 27       		.uleb128 0x27
 982 007e 19       		.uleb128 0x19
 983 007f 11       		.uleb128 0x11
 984 0080 01       		.uleb128 0x1
 985 0081 12       		.uleb128 0x12
 986 0082 06       		.uleb128 0x6
 987 0083 40       		.uleb128 0x40
 988 0084 18       		.uleb128 0x18
 989 0085 9642     		.uleb128 0x2116
 990 0087 19       		.uleb128 0x19
 991 0088 01       		.uleb128 0x1
 992 0089 13       		.uleb128 0x13
 993 008a 00       		.byte	0
 994 008b 00       		.byte	0
 995 008c 0B       		.uleb128 0xb
 996 008d 05       		.uleb128 0x5
 997 008e 00       		.byte	0
 998 008f 03       		.uleb128 0x3
 999 0090 0E       		.uleb128 0xe
 1000 0091 3A       		.uleb128 0x3a
 1001 0092 0B       		.uleb128 0xb
 1002 0093 3B       		.uleb128 0x3b
 1003 0094 0B       		.uleb128 0xb
 1004 0095 49       		.uleb128 0x49
 1005 0096 13       		.uleb128 0x13
 1006 0097 02       		.uleb128 0x2
 1007 0098 18       		.uleb128 0x18
 1008 0099 00       		.byte	0
 1009 009a 00       		.byte	0
 1010 009b 0C       		.uleb128 0xc
 1011 009c 34       		.uleb128 0x34
 1012 009d 00       		.byte	0
 1013 009e 03       		.uleb128 0x3
ARM GAS  C:\Users\Sausy\AppData\Local\Temp\ccauEu14.s 			page 25


 1014 009f 0E       		.uleb128 0xe
 1015 00a0 3A       		.uleb128 0x3a
 1016 00a1 0B       		.uleb128 0xb
 1017 00a2 3B       		.uleb128 0x3b
 1018 00a3 0B       		.uleb128 0xb
 1019 00a4 49       		.uleb128 0x49
 1020 00a5 13       		.uleb128 0x13
 1021 00a6 02       		.uleb128 0x2
 1022 00a7 18       		.uleb128 0x18
 1023 00a8 00       		.byte	0
 1024 00a9 00       		.byte	0
 1025 00aa 0D       		.uleb128 0xd
 1026 00ab 2E       		.uleb128 0x2e
 1027 00ac 01       		.byte	0x1
 1028 00ad 3F       		.uleb128 0x3f
 1029 00ae 19       		.uleb128 0x19
 1030 00af 03       		.uleb128 0x3
 1031 00b0 0E       		.uleb128 0xe
 1032 00b1 3A       		.uleb128 0x3a
 1033 00b2 0B       		.uleb128 0xb
 1034 00b3 3B       		.uleb128 0x3b
 1035 00b4 0B       		.uleb128 0xb
 1036 00b5 27       		.uleb128 0x27
 1037 00b6 19       		.uleb128 0x19
 1038 00b7 11       		.uleb128 0x11
 1039 00b8 01       		.uleb128 0x1
 1040 00b9 12       		.uleb128 0x12
 1041 00ba 06       		.uleb128 0x6
 1042 00bb 40       		.uleb128 0x40
 1043 00bc 18       		.uleb128 0x18
 1044 00bd 9742     		.uleb128 0x2117
 1045 00bf 19       		.uleb128 0x19
 1046 00c0 01       		.uleb128 0x1
 1047 00c1 13       		.uleb128 0x13
 1048 00c2 00       		.byte	0
 1049 00c3 00       		.byte	0
 1050 00c4 0E       		.uleb128 0xe
 1051 00c5 2E       		.uleb128 0x2e
 1052 00c6 00       		.byte	0
 1053 00c7 3F       		.uleb128 0x3f
 1054 00c8 19       		.uleb128 0x19
 1055 00c9 03       		.uleb128 0x3
 1056 00ca 0E       		.uleb128 0xe
 1057 00cb 3A       		.uleb128 0x3a
 1058 00cc 0B       		.uleb128 0xb
 1059 00cd 3B       		.uleb128 0x3b
 1060 00ce 0B       		.uleb128 0xb
 1061 00cf 27       		.uleb128 0x27
 1062 00d0 19       		.uleb128 0x19
 1063 00d1 49       		.uleb128 0x49
 1064 00d2 13       		.uleb128 0x13
 1065 00d3 11       		.uleb128 0x11
 1066 00d4 01       		.uleb128 0x1
 1067 00d5 12       		.uleb128 0x12
 1068 00d6 06       		.uleb128 0x6
 1069 00d7 40       		.uleb128 0x40
 1070 00d8 18       		.uleb128 0x18
ARM GAS  C:\Users\Sausy\AppData\Local\Temp\ccauEu14.s 			page 26


 1071 00d9 9742     		.uleb128 0x2117
 1072 00db 19       		.uleb128 0x19
 1073 00dc 00       		.byte	0
 1074 00dd 00       		.byte	0
 1075 00de 0F       		.uleb128 0xf
 1076 00df 2E       		.uleb128 0x2e
 1077 00e0 01       		.byte	0x1
 1078 00e1 3F       		.uleb128 0x3f
 1079 00e2 19       		.uleb128 0x19
 1080 00e3 03       		.uleb128 0x3
 1081 00e4 0E       		.uleb128 0xe
 1082 00e5 3A       		.uleb128 0x3a
 1083 00e6 0B       		.uleb128 0xb
 1084 00e7 3B       		.uleb128 0x3b
 1085 00e8 0B       		.uleb128 0xb
 1086 00e9 27       		.uleb128 0x27
 1087 00ea 19       		.uleb128 0x19
 1088 00eb 49       		.uleb128 0x49
 1089 00ec 13       		.uleb128 0x13
 1090 00ed 11       		.uleb128 0x11
 1091 00ee 01       		.uleb128 0x1
 1092 00ef 12       		.uleb128 0x12
 1093 00f0 06       		.uleb128 0x6
 1094 00f1 40       		.uleb128 0x40
 1095 00f2 18       		.uleb128 0x18
 1096 00f3 9742     		.uleb128 0x2117
 1097 00f5 19       		.uleb128 0x19
 1098 00f6 01       		.uleb128 0x1
 1099 00f7 13       		.uleb128 0x13
 1100 00f8 00       		.byte	0
 1101 00f9 00       		.byte	0
 1102 00fa 10       		.uleb128 0x10
 1103 00fb 2E       		.uleb128 0x2e
 1104 00fc 00       		.byte	0
 1105 00fd 3F       		.uleb128 0x3f
 1106 00fe 19       		.uleb128 0x19
 1107 00ff 03       		.uleb128 0x3
 1108 0100 0E       		.uleb128 0xe
 1109 0101 3A       		.uleb128 0x3a
 1110 0102 0B       		.uleb128 0xb
 1111 0103 3B       		.uleb128 0x3b
 1112 0104 05       		.uleb128 0x5
 1113 0105 27       		.uleb128 0x27
 1114 0106 19       		.uleb128 0x19
 1115 0107 11       		.uleb128 0x11
 1116 0108 01       		.uleb128 0x1
 1117 0109 12       		.uleb128 0x12
 1118 010a 06       		.uleb128 0x6
 1119 010b 40       		.uleb128 0x40
 1120 010c 18       		.uleb128 0x18
 1121 010d 9742     		.uleb128 0x2117
 1122 010f 19       		.uleb128 0x19
 1123 0110 00       		.byte	0
 1124 0111 00       		.byte	0
 1125 0112 11       		.uleb128 0x11
 1126 0113 2E       		.uleb128 0x2e
 1127 0114 00       		.byte	0
ARM GAS  C:\Users\Sausy\AppData\Local\Temp\ccauEu14.s 			page 27


 1128 0115 3F       		.uleb128 0x3f
 1129 0116 19       		.uleb128 0x19
 1130 0117 03       		.uleb128 0x3
 1131 0118 0E       		.uleb128 0xe
 1132 0119 3A       		.uleb128 0x3a
 1133 011a 0B       		.uleb128 0xb
 1134 011b 3B       		.uleb128 0x3b
 1135 011c 05       		.uleb128 0x5
 1136 011d 27       		.uleb128 0x27
 1137 011e 19       		.uleb128 0x19
 1138 011f 49       		.uleb128 0x49
 1139 0120 13       		.uleb128 0x13
 1140 0121 11       		.uleb128 0x11
 1141 0122 01       		.uleb128 0x1
 1142 0123 12       		.uleb128 0x12
 1143 0124 06       		.uleb128 0x6
 1144 0125 40       		.uleb128 0x40
 1145 0126 18       		.uleb128 0x18
 1146 0127 9742     		.uleb128 0x2117
 1147 0129 19       		.uleb128 0x19
 1148 012a 00       		.byte	0
 1149 012b 00       		.byte	0
 1150 012c 12       		.uleb128 0x12
 1151 012d 34       		.uleb128 0x34
 1152 012e 00       		.byte	0
 1153 012f 03       		.uleb128 0x3
 1154 0130 0E       		.uleb128 0xe
 1155 0131 3A       		.uleb128 0x3a
 1156 0132 0B       		.uleb128 0xb
 1157 0133 3B       		.uleb128 0x3b
 1158 0134 0B       		.uleb128 0xb
 1159 0135 49       		.uleb128 0x49
 1160 0136 13       		.uleb128 0x13
 1161 0137 3F       		.uleb128 0x3f
 1162 0138 19       		.uleb128 0x19
 1163 0139 02       		.uleb128 0x2
 1164 013a 18       		.uleb128 0x18
 1165 013b 00       		.byte	0
 1166 013c 00       		.byte	0
 1167 013d 13       		.uleb128 0x13
 1168 013e 01       		.uleb128 0x1
 1169 013f 01       		.byte	0x1
 1170 0140 49       		.uleb128 0x49
 1171 0141 13       		.uleb128 0x13
 1172 0142 01       		.uleb128 0x1
 1173 0143 13       		.uleb128 0x13
 1174 0144 00       		.byte	0
 1175 0145 00       		.byte	0
 1176 0146 14       		.uleb128 0x14
 1177 0147 21       		.uleb128 0x21
 1178 0148 00       		.byte	0
 1179 0149 49       		.uleb128 0x49
 1180 014a 13       		.uleb128 0x13
 1181 014b 2F       		.uleb128 0x2f
 1182 014c 0B       		.uleb128 0xb
 1183 014d 00       		.byte	0
 1184 014e 00       		.byte	0
ARM GAS  C:\Users\Sausy\AppData\Local\Temp\ccauEu14.s 			page 28


 1185 014f 15       		.uleb128 0x15
 1186 0150 34       		.uleb128 0x34
 1187 0151 00       		.byte	0
 1188 0152 03       		.uleb128 0x3
 1189 0153 0E       		.uleb128 0xe
 1190 0154 3A       		.uleb128 0x3a
 1191 0155 0B       		.uleb128 0xb
 1192 0156 3B       		.uleb128 0x3b
 1193 0157 0B       		.uleb128 0xb
 1194 0158 49       		.uleb128 0x49
 1195 0159 13       		.uleb128 0x13
 1196 015a 3F       		.uleb128 0x3f
 1197 015b 19       		.uleb128 0x19
 1198 015c 3C       		.uleb128 0x3c
 1199 015d 19       		.uleb128 0x19
 1200 015e 00       		.byte	0
 1201 015f 00       		.byte	0
 1202 0160 00       		.byte	0
 1203              		.section	.debug_aranges,"",%progbits
 1204 0000 7C000000 		.4byte	0x7c
 1205 0004 0200     		.2byte	0x2
 1206 0006 00000000 		.4byte	.Ldebug_info0
 1207 000a 04       		.byte	0x4
 1208 000b 00       		.byte	0
 1209 000c 0000     		.2byte	0
 1210 000e 0000     		.2byte	0
 1211 0010 00000000 		.4byte	.LFB33
 1212 0014 24000000 		.4byte	.LFE33-.LFB33
 1213 0018 00000000 		.4byte	.LFB34
 1214 001c 24000000 		.4byte	.LFE34-.LFB34
 1215 0020 00000000 		.4byte	.LFB35
 1216 0024 18000000 		.4byte	.LFE35-.LFB35
 1217 0028 00000000 		.4byte	.LFB36
 1218 002c 38000000 		.4byte	.LFE36-.LFB36
 1219 0030 00000000 		.4byte	.LFB37
 1220 0034 1C000000 		.4byte	.LFE37-.LFB37
 1221 0038 00000000 		.4byte	.LFB38
 1222 003c 14000000 		.4byte	.LFE38-.LFB38
 1223 0040 00000000 		.4byte	.LFB39
 1224 0044 4C000000 		.4byte	.LFE39-.LFB39
 1225 0048 00000000 		.4byte	.LFB40
 1226 004c 2C000000 		.4byte	.LFE40-.LFB40
 1227 0050 00000000 		.4byte	.LFB41
 1228 0054 14000000 		.4byte	.LFE41-.LFB41
 1229 0058 00000000 		.4byte	.LFB42
 1230 005c 20000000 		.4byte	.LFE42-.LFB42
 1231 0060 00000000 		.4byte	.LFB43
 1232 0064 14000000 		.4byte	.LFE43-.LFB43
 1233 0068 00000000 		.4byte	.LFB44
 1234 006c 14000000 		.4byte	.LFE44-.LFB44
 1235 0070 00000000 		.4byte	.LFB45
 1236 0074 14000000 		.4byte	.LFE45-.LFB45
 1237 0078 00000000 		.4byte	0
 1238 007c 00000000 		.4byte	0
 1239              		.section	.debug_ranges,"",%progbits
 1240              	.Ldebug_ranges0:
 1241 0000 00000000 		.4byte	.LFB33
ARM GAS  C:\Users\Sausy\AppData\Local\Temp\ccauEu14.s 			page 29


 1242 0004 24000000 		.4byte	.LFE33
 1243 0008 00000000 		.4byte	.LFB34
 1244 000c 24000000 		.4byte	.LFE34
 1245 0010 00000000 		.4byte	.LFB35
 1246 0014 18000000 		.4byte	.LFE35
 1247 0018 00000000 		.4byte	.LFB36
 1248 001c 38000000 		.4byte	.LFE36
 1249 0020 00000000 		.4byte	.LFB37
 1250 0024 1C000000 		.4byte	.LFE37
 1251 0028 00000000 		.4byte	.LFB38
 1252 002c 14000000 		.4byte	.LFE38
 1253 0030 00000000 		.4byte	.LFB39
 1254 0034 4C000000 		.4byte	.LFE39
 1255 0038 00000000 		.4byte	.LFB40
 1256 003c 2C000000 		.4byte	.LFE40
 1257 0040 00000000 		.4byte	.LFB41
 1258 0044 14000000 		.4byte	.LFE41
 1259 0048 00000000 		.4byte	.LFB42
 1260 004c 20000000 		.4byte	.LFE42
 1261 0050 00000000 		.4byte	.LFB43
 1262 0054 14000000 		.4byte	.LFE43
 1263 0058 00000000 		.4byte	.LFB44
 1264 005c 14000000 		.4byte	.LFE44
 1265 0060 00000000 		.4byte	.LFB45
 1266 0064 14000000 		.4byte	.LFE45
 1267 0068 00000000 		.4byte	0
 1268 006c 00000000 		.4byte	0
 1269              		.section	.debug_line,"",%progbits
 1270              	.Ldebug_line0:
 1271 0000 67020000 		.section	.debug_str,"MS",%progbits,1
 1271      02005601 
 1271      00000201 
 1271      FB0E0D00 
 1271      01010101 
 1272              	.LASF16:
 1273 0000 72656733 		.ascii	"reg32\000"
 1273      3200
 1274              	.LASF33:
 1275 0006 636F756E 		.ascii	"counter_isr_Disable\000"
 1275      7465725F 
 1275      6973725F 
 1275      44697361 
 1275      626C6500 
 1276              	.LASF41:
 1277 001a 433A5C55 		.ascii	"C:\\Users\\Sausy\\Documents\\PSoC Creator\\FTLK\\Ja"
 1277      73657273 
 1277      5C536175 
 1277      73795C44 
 1277      6F63756D 
 1278 0047 68726573 		.ascii	"hresprojekt\\Jahresprojekt.cydsn\000"
 1278      70726F6A 
 1278      656B745C 
 1278      4A616872 
 1278      65737072 
 1279              	.LASF20:
 1280 0067 636F756E 		.ascii	"counter_isr_Stop\000"
 1280      7465725F 
ARM GAS  C:\Users\Sausy\AppData\Local\Temp\ccauEu14.s 			page 30


 1280      6973725F 
 1280      53746F70 
 1280      00
 1281              	.LASF24:
 1282 0078 61646472 		.ascii	"address\000"
 1282      65737300 
 1283              	.LASF34:
 1284 0080 636F756E 		.ascii	"counter_isr_SetPending\000"
 1284      7465725F 
 1284      6973725F 
 1284      53657450 
 1284      656E6469 
 1285              	.LASF4:
 1286 0097 6C6F6E67 		.ascii	"long int\000"
 1286      20696E74 
 1286      00
 1287              	.LASF3:
 1288 00a0 73686F72 		.ascii	"short unsigned int\000"
 1288      7420756E 
 1288      7369676E 
 1288      65642069 
 1288      6E7400
 1289              	.LASF31:
 1290 00b3 636F756E 		.ascii	"counter_isr_GetVector\000"
 1290      7465725F 
 1290      6973725F 
 1290      47657456 
 1290      6563746F 
 1291              	.LASF13:
 1292 00c9 666C6F61 		.ascii	"float\000"
 1292      7400
 1293              	.LASF39:
 1294 00cf 474E5520 		.ascii	"GNU C 4.8.4 20140526 (release) [ARM/embedded-4_8-br"
 1294      4320342E 
 1294      382E3420 
 1294      32303134 
 1294      30353236 
 1295 0102 616E6368 		.ascii	"anch revision 211358] -mcpu=cortex-m0 -mthumb -g -O"
 1295      20726576 
 1295      6973696F 
 1295      6E203231 
 1295      31333538 
 1296 0135 30202D66 		.ascii	"0 -ffunction-sections\000"
 1296      66756E63 
 1296      74696F6E 
 1296      2D736563 
 1296      74696F6E 
 1297              	.LASF30:
 1298 014b 636F756E 		.ascii	"counter_isr_Enable\000"
 1298      7465725F 
 1298      6973725F 
 1298      456E6162 
 1298      6C6500
 1299              	.LASF1:
 1300 015e 756E7369 		.ascii	"unsigned char\000"
 1300      676E6564 
 1300      20636861 
ARM GAS  C:\Users\Sausy\AppData\Local\Temp\ccauEu14.s 			page 31


 1300      7200
 1301              	.LASF28:
 1302 016c 696E7465 		.ascii	"interruptState\000"
 1302      72727570 
 1302      74537461 
 1302      746500
 1303              	.LASF40:
 1304 017b 2E5C4765 		.ascii	".\\Generated_Source\\PSoC4\\counter_isr.c\000"
 1304      6E657261 
 1304      7465645F 
 1304      536F7572 
 1304      63655C50 
 1305              	.LASF22:
 1306 01a2 636F756E 		.ascii	"counter_isr_Interrupt\000"
 1306      7465725F 
 1306      6973725F 
 1306      496E7465 
 1306      72727570 
 1307              	.LASF11:
 1308 01b8 75696E74 		.ascii	"uint8\000"
 1308      3800
 1309              	.LASF26:
 1310 01be 7072696F 		.ascii	"priority\000"
 1310      72697479 
 1310      00
 1311              	.LASF14:
 1312 01c7 646F7562 		.ascii	"double\000"
 1312      6C6500
 1313              	.LASF9:
 1314 01ce 5F5F7569 		.ascii	"__uint32_t\000"
 1314      6E743332 
 1314      5F7400
 1315              	.LASF12:
 1316 01d9 75696E74 		.ascii	"uint32\000"
 1316      333200
 1317              	.LASF37:
 1318 01e0 676C6F62 		.ascii	"glob_human_counter\000"
 1318      5F68756D 
 1318      616E5F63 
 1318      6F756E74 
 1318      657200
 1319              	.LASF5:
 1320 01f3 6C6F6E67 		.ascii	"long unsigned int\000"
 1320      20756E73 
 1320      69676E65 
 1320      6420696E 
 1320      7400
 1321              	.LASF8:
 1322 0205 756E7369 		.ascii	"unsigned int\000"
 1322      676E6564 
 1322      20696E74 
 1322      00
 1323              	.LASF32:
 1324 0212 636F756E 		.ascii	"counter_isr_GetState\000"
 1324      7465725F 
 1324      6973725F 
 1324      47657453 
ARM GAS  C:\Users\Sausy\AppData\Local\Temp\ccauEu14.s 			page 32


 1324      74617465 
 1325              	.LASF7:
 1326 0227 6C6F6E67 		.ascii	"long long unsigned int\000"
 1326      206C6F6E 
 1326      6720756E 
 1326      7369676E 
 1326      65642069 
 1327              	.LASF35:
 1328 023e 636F756E 		.ascii	"counter_isr_ClearPending\000"
 1328      7465725F 
 1328      6973725F 
 1328      436C6561 
 1328      7250656E 
 1329              	.LASF17:
 1330 0257 63796973 		.ascii	"cyisraddress\000"
 1330      72616464 
 1330      72657373 
 1330      00
 1331              	.LASF36:
 1332 0264 676C6F62 		.ascii	"glob_sec_counter\000"
 1332      5F736563 
 1332      5F636F75 
 1332      6E746572 
 1332      00
 1333              	.LASF18:
 1334 0275 73697A65 		.ascii	"sizetype\000"
 1334      74797065 
 1334      00
 1335              	.LASF6:
 1336 027e 6C6F6E67 		.ascii	"long long int\000"
 1336      206C6F6E 
 1336      6720696E 
 1336      7400
 1337              	.LASF15:
 1338 028c 63686172 		.ascii	"char\000"
 1338      00
 1339              	.LASF21:
 1340 0291 636F756E 		.ascii	"counter_isr_StartEx\000"
 1340      7465725F 
 1340      6973725F 
 1340      53746172 
 1340      74457800 
 1341              	.LASF38:
 1342 02a5 43795261 		.ascii	"CyRamVectors\000"
 1342      6D566563 
 1342      746F7273 
 1342      00
 1343              	.LASF2:
 1344 02b2 73686F72 		.ascii	"short int\000"
 1344      7420696E 
 1344      7400
 1345              	.LASF25:
 1346 02bc 636F756E 		.ascii	"counter_isr_SetPriority\000"
 1346      7465725F 
 1346      6973725F 
 1346      53657450 
 1346      72696F72 
ARM GAS  C:\Users\Sausy\AppData\Local\Temp\ccauEu14.s 			page 33


 1347              	.LASF42:
 1348 02d4 636F756E 		.ascii	"counter_isr_GetPriority\000"
 1348      7465725F 
 1348      6973725F 
 1348      47657450 
 1348      72696F72 
 1349              	.LASF29:
 1350 02ec 7072696F 		.ascii	"priorityOffset\000"
 1350      72697479 
 1350      4F666673 
 1350      657400
 1351              	.LASF10:
 1352 02fb 75696E74 		.ascii	"uint32_t\000"
 1352      33325F74 
 1352      00
 1353              	.LASF23:
 1354 0304 636F756E 		.ascii	"counter_isr_SetVector\000"
 1354      7465725F 
 1354      6973725F 
 1354      53657456 
 1354      6563746F 
 1355              	.LASF0:
 1356 031a 7369676E 		.ascii	"signed char\000"
 1356      65642063 
 1356      68617200 
 1357              	.LASF27:
 1358 0326 736F7572 		.ascii	"source\000"
 1358      636500
 1359              	.LASF19:
 1360 032d 636F756E 		.ascii	"counter_isr_Start\000"
 1360      7465725F 
 1360      6973725F 
 1360      53746172 
 1360      7400
 1361              		.ident	"GCC: (GNU Tools for ARM Embedded Processors) 4.8.4 20140526 (release) [ARM/embedded-4_8-br
