ARM GAS  C:\Users\Sausy\AppData\Local\Temp\ccDgpCUS.s 			page 1


   1              		.cpu cortex-m0
   2              		.fpu softvfp
   3              		.eabi_attribute 20, 1
   4              		.eabi_attribute 21, 1
   5              		.eabi_attribute 23, 3
   6              		.eabi_attribute 24, 1
   7              		.eabi_attribute 25, 1
   8              		.eabi_attribute 26, 1
   9              		.eabi_attribute 30, 6
  10              		.eabi_attribute 34, 0
  11              		.eabi_attribute 18, 4
  12              		.code	16
  13              		.file	"main.c"
  14              		.text
  15              	.Ltext0:
  16              		.cfi_sections	.debug_frame
  17              		.comm	glob_sec_counter,4,4
  18              		.comm	glob_human_counter,4,4
  19              		.section	.rodata
  20              		.align	2
  21              	.LC2:
  22 0000 1B5B481B 		.ascii	"\033[H\033[2J\000"
  22      5B324A00 
  23              		.align	2
  24              	.LC4:
  25 0008 2E2E2E2E 		.ascii	"..... FTKL Projekt Klettersteig Terminal .......\000"
  25      2E204654 
  25      4B4C2050 
  25      726F6A65 
  25      6B74204B 
  26 0039 000000   		.align	2
  27              	.LC6:
  28 003c 0A0D00   		.ascii	"\012\015\000"
  29 003f 00       		.align	2
  30              	.LC8:
  31 0040 1B5B3130 		.ascii	"\033[10C\000"
  31      4300
  32 0046 0000     		.align	2
  33              	.LC10:
  34 0048 6279204D 		.ascii	"by Michael Sausmikat\000"
  34      69636861 
  34      656C2053 
  34      6175736D 
  34      696B6174 
  35 005d 000000   		.align	2
  36              	.LC12:
  37 0060 0A0A0D1B 		.ascii	"\012\012\015\033[s\000"
  37      5B7300
  38 0067 00       		.align	2
  39              	.LC15:
  40 0068 1B5B751B 		.ascii	"\033[u\033[2B\000"
  40      5B324200 
  41              		.align	2
  42              	.LC17:
  43 0070 54696D65 		.ascii	"Time counter: \000"
  43      20636F75 
  43      6E746572 
ARM GAS  C:\Users\Sausy\AppData\Local\Temp\ccDgpCUS.s 			page 2


  43      3A2000
  44 007f 00       		.align	2
  45              	.LC19:
  46 0080 2530386C 		.ascii	"%08lu\000"
  46      7500
  47 0086 0000     		.section	.text.main,"ax",%progbits
  48              		.align	2
  49              		.global	main
  50              		.code	16
  51              		.thumb_func
  52              		.type	main, %function
  53              	main:
  54              	.LFB33:
  55              		.file 1 ".\\main.c"
   1:.\main.c      **** /* ========================================
   2:.\main.c      ****  *
   3:.\main.c      ****  * Copyright YOUR COMPANY, THE YEAR
   4:.\main.c      ****  * All Rights Reserved
   5:.\main.c      ****  * UNPUBLISHED, LICENSED SOFTWARE.
   6:.\main.c      ****  *
   7:.\main.c      ****  * CONFIDENTIAL AND PROPRIETARY INFORMATION
   8:.\main.c      ****  * WHICH IS THE PROPERTY OF your company.
   9:.\main.c      ****  *
  10:.\main.c      ****  * ========================================
  11:.\main.c      **** */
  12:.\main.c      **** #include <project.h>
  13:.\main.c      **** #include "CCR.h"
  14:.\main.c      **** #include "common.h"
  15:.\main.c      **** #include "proximity.h"
  16:.\main.c      **** 
  17:.\main.c      **** #include <stdint.h>
  18:.\main.c      **** #include <stdlib.h>
  19:.\main.c      **** #include <stdio.h>
  20:.\main.c      **** 
  21:.\main.c      **** int main()
  22:.\main.c      **** {
  56              		.loc 1 22 0
  57              		.cfi_startproc
  58 0000 80B5     		push	{r7, lr}
  59              		.cfi_def_cfa_offset 8
  60              		.cfi_offset 7, -8
  61              		.cfi_offset 14, -4
  62 0002 90B0     		sub	sp, sp, #64
  63              		.cfi_def_cfa_offset 72
  64 0004 00AF     		add	r7, sp, #0
  65              		.cfi_def_cfa_register 7
  23:.\main.c      ****     char main_foo_buffer[63];
  24:.\main.c      ****     
  25:.\main.c      ****     glob_sec_counter = 0;
  66              		.loc 1 25 0
  67 0006 2D4B     		ldr	r3, .L3
  68 0008 0022     		mov	r2, #0
  69 000a 1A60     		str	r2, [r3]
  26:.\main.c      ****     glob_human_counter = 0;
  70              		.loc 1 26 0
  71 000c 2C4B     		ldr	r3, .L3+4
  72 000e 0022     		mov	r2, #0
ARM GAS  C:\Users\Sausy\AppData\Local\Temp\ccDgpCUS.s 			page 3


  73 0010 1A60     		str	r2, [r3]
  27:.\main.c      ****     
  28:.\main.c      ****     // --- Start devices ---
  29:.\main.c      ****     Clock_Start();
  74              		.loc 1 29 0
  75 0012 FFF7FEFF 		bl	Clock_Start
  30:.\main.c      ****     PWM_Start();
  76              		.loc 1 30 0
  77 0016 FFF7FEFF 		bl	PWM_Start
  31:.\main.c      ****     CapSense_CSD_Start();
  78              		.loc 1 31 0
  79 001a FFF7FEFF 		bl	CapSense_CSD_Start
  32:.\main.c      ****     UART_Start();
  80              		.loc 1 32 0
  81 001e FFF7FEFF 		bl	UART_Start
  33:.\main.c      ****     
  34:.\main.c      ****     CyGlobalIntEnable;
  82              		.loc 1 34 0
  83              	@ 34 ".\main.c" 1
  84 0022 62B6     		CPSIE   i
  85              	@ 0 "" 2
  35:.\main.c      ****     
  36:.\main.c      ****     CapSense_init();
  86              		.loc 1 36 0
  87              		.code	16
  88 0024 FFF7FEFF 		bl	CapSense_init
  37:.\main.c      ****     
  38:.\main.c      ****     UART_UartPutString("\033[H\033[2J");
  89              		.loc 1 38 0
  90 0028 264B     		ldr	r3, .L3+8
  91 002a 181C     		mov	r0, r3
  92 002c FFF7FEFF 		bl	UART_UartPutString
  39:.\main.c      ****     UART_UartPutString("..... FTKL Projekt Klettersteig Terminal .......");
  93              		.loc 1 39 0
  94 0030 254B     		ldr	r3, .L3+12
  95 0032 181C     		mov	r0, r3
  96 0034 FFF7FEFF 		bl	UART_UartPutString
  40:.\main.c      ****     UART_UartPutString("\n\r");
  97              		.loc 1 40 0
  98 0038 244B     		ldr	r3, .L3+16
  99 003a 181C     		mov	r0, r3
 100 003c FFF7FEFF 		bl	UART_UartPutString
  41:.\main.c      ****     UART_UartPutString("\033[10C");
 101              		.loc 1 41 0
 102 0040 234B     		ldr	r3, .L3+20
 103 0042 181C     		mov	r0, r3
 104 0044 FFF7FEFF 		bl	UART_UartPutString
  42:.\main.c      ****     UART_UartPutString("by Michael Sausmikat");
 105              		.loc 1 42 0
 106 0048 224B     		ldr	r3, .L3+24
 107 004a 181C     		mov	r0, r3
 108 004c FFF7FEFF 		bl	UART_UartPutString
  43:.\main.c      ****     UART_UartPutString("\n\n\r\033[s");
 109              		.loc 1 43 0
 110 0050 214B     		ldr	r3, .L3+28
 111 0052 181C     		mov	r0, r3
 112 0054 FFF7FEFF 		bl	UART_UartPutString
ARM GAS  C:\Users\Sausy\AppData\Local\Temp\ccDgpCUS.s 			page 4


  44:.\main.c      ****     
  45:.\main.c      ****     // --- Set init for LED`s ---
  46:.\main.c      ****     Pin_GreenLED_Write(LED_OFF);
 113              		.loc 1 46 0
 114 0058 0120     		mov	r0, #1
 115 005a FFF7FEFF 		bl	Pin_GreenLED_Write
  47:.\main.c      ****     Pin_BlueLED_Write(LED_OFF);
 116              		.loc 1 47 0
 117 005e 0120     		mov	r0, #1
 118 0060 FFF7FEFF 		bl	Pin_BlueLED_Write
  48:.\main.c      ****     Pin_BlueLED_Write(LED_OFF);
 119              		.loc 1 48 0
 120 0064 0120     		mov	r0, #1
 121 0066 FFF7FEFF 		bl	Pin_BlueLED_Write
  49:.\main.c      ****     
  50:.\main.c      ****     set_bit_CCR(_ccr_count_bit_, 1);
 122              		.loc 1 50 0
 123 006a 0020     		mov	r0, #0
 124 006c 0121     		mov	r1, #1
 125 006e FFF7FEFF 		bl	set_bit_CCR
  51:.\main.c      ****     set_bit_CCR(_ccr_start_bit_, 1);
 126              		.loc 1 51 0
 127 0072 0120     		mov	r0, #1
 128 0074 0121     		mov	r1, #1
 129 0076 FFF7FEFF 		bl	set_bit_CCR
  52:.\main.c      ****     set_bit_CCR(_ccr_stop_bit_, 0);            
 130              		.loc 1 52 0
 131 007a 0220     		mov	r0, #2
 132 007c 0021     		mov	r1, #0
 133 007e FFF7FEFF 		bl	set_bit_CCR
  53:.\main.c      ****         
  54:.\main.c      ****     counter_isr_StartEx(counter_isr_Interrupt);
 134              		.loc 1 54 0
 135 0082 164B     		ldr	r3, .L3+32
 136 0084 181C     		mov	r0, r3
 137 0086 FFF7FEFF 		bl	counter_isr_StartEx
 138              	.L2:
  55:.\main.c      ****     
  56:.\main.c      ****     //bool tgl_buffer_bit = 0;
  57:.\main.c      ****     
  58:.\main.c      **** 	for(;;)
  59:.\main.c      ****     {
  60:.\main.c      ****         
  61:.\main.c      ****         UART_UartPutString("\033[u\033[2B");
 139              		.loc 1 61 0 discriminator 1
 140 008a 154B     		ldr	r3, .L3+36
 141 008c 181C     		mov	r0, r3
 142 008e FFF7FEFF 		bl	UART_UartPutString
  62:.\main.c      ****         UART_UartPutString("Time counter: ");
 143              		.loc 1 62 0 discriminator 1
 144 0092 144B     		ldr	r3, .L3+40
 145 0094 181C     		mov	r0, r3
 146 0096 FFF7FEFF 		bl	UART_UartPutString
  63:.\main.c      ****         sprintf(main_foo_buffer,"%08lu", (int32) glob_sec_counter);
 147              		.loc 1 63 0 discriminator 1
 148 009a 084B     		ldr	r3, .L3
 149 009c 1B68     		ldr	r3, [r3]
ARM GAS  C:\Users\Sausy\AppData\Local\Temp\ccDgpCUS.s 			page 5


 150 009e 391C     		mov	r1, r7
 151 00a0 114A     		ldr	r2, .L3+44
 152 00a2 081C     		mov	r0, r1
 153 00a4 111C     		mov	r1, r2
 154 00a6 1A1C     		mov	r2, r3
 155 00a8 FFF7FEFF 		bl	sprintf
  64:.\main.c      ****         /*UART_UartPutString(main_foo_buffer);
  65:.\main.c      ****         sprintf(main_foo_buffer, " %u ", (uint8_t)(glob_sec_counter >> 8));
  66:.\main.c      ****         UART_UartPutString(main_foo_buffer);
  67:.\main.c      ****         sprintf(main_foo_buffer, " %i", glob_sec_counter & 0xff);*/
  68:.\main.c      ****         UART_UartPutString(main_foo_buffer);
 156              		.loc 1 68 0 discriminator 1
 157 00ac 3B1C     		mov	r3, r7
 158 00ae 181C     		mov	r0, r3
 159 00b0 FFF7FEFF 		bl	UART_UartPutString
  69:.\main.c      **** 
  70:.\main.c      ****         CapSense_loop_func();
 160              		.loc 1 70 0 discriminator 1
 161 00b4 FFF7FEFF 		bl	CapSense_loop_func
  71:.\main.c      ****         
  72:.\main.c      ****         
  73:.\main.c      ****         //CyDelay(10000);
  74:.\main.c      ****         //set_bit_CCR(_ccr_stop_bit_, ~tgl_buffer_bit);
  75:.\main.c      ****         
  76:.\main.c      ****         
  77:.\main.c      ****        
  78:.\main.c      ****     }
 162              		.loc 1 78 0 discriminator 1
 163 00b8 E7E7     		b	.L2
 164              	.L4:
 165 00ba C046     		.align	2
 166              	.L3:
 167 00bc 00000000 		.word	glob_sec_counter
 168 00c0 00000000 		.word	glob_human_counter
 169 00c4 00000000 		.word	.LC2
 170 00c8 08000000 		.word	.LC4
 171 00cc 3C000000 		.word	.LC6
 172 00d0 40000000 		.word	.LC8
 173 00d4 48000000 		.word	.LC10
 174 00d8 60000000 		.word	.LC12
 175 00dc 00000000 		.word	counter_isr_Interrupt
 176 00e0 68000000 		.word	.LC15
 177 00e4 70000000 		.word	.LC17
 178 00e8 80000000 		.word	.LC19
 179              		.cfi_endproc
 180              	.LFE33:
 181              		.size	main, .-main
 182              		.text
 183              	.Letext0:
 184              		.file 2 "c:\\program files (x86)\\cypress\\psoc creator\\3.1\\psoc creator\\import\\gnu_cs\\arm\\4
 185              		.file 3 "c:\\program files (x86)\\cypress\\psoc creator\\3.1\\psoc creator\\import\\gnu_cs\\arm\\4
 186              		.file 4 ".\\Generated_Source\\PSoC4/cytypes.h"
 187              		.file 5 ".\\common.h"
 188              		.section	.debug_info,"",%progbits
 189              	.Ldebug_info0:
 190 0000 00010000 		.4byte	0x100
 191 0004 0400     		.2byte	0x4
ARM GAS  C:\Users\Sausy\AppData\Local\Temp\ccDgpCUS.s 			page 6


 192 0006 00000000 		.4byte	.Ldebug_abbrev0
 193 000a 04       		.byte	0x4
 194 000b 01       		.uleb128 0x1
 195 000c 60000000 		.4byte	.LASF18
 196 0010 01       		.byte	0x1
 197 0011 11010000 		.4byte	.LASF19
 198 0015 53010000 		.4byte	.LASF20
 199 0019 00000000 		.4byte	.Ldebug_ranges0+0
 200 001d 00000000 		.4byte	0
 201 0021 00000000 		.4byte	.Ldebug_line0
 202 0025 02       		.uleb128 0x2
 203 0026 01       		.byte	0x1
 204 0027 06       		.byte	0x6
 205 0028 47010000 		.4byte	.LASF0
 206 002c 02       		.uleb128 0x2
 207 002d 01       		.byte	0x1
 208 002e 08       		.byte	0x8
 209 002f DC000000 		.4byte	.LASF1
 210 0033 02       		.uleb128 0x2
 211 0034 02       		.byte	0x2
 212 0035 05       		.byte	0x5
 213 0036 AB010000 		.4byte	.LASF2
 214 003a 02       		.uleb128 0x2
 215 003b 02       		.byte	0x2
 216 003c 07       		.byte	0x7
 217 003d 34010000 		.4byte	.LASF3
 218 0041 02       		.uleb128 0x2
 219 0042 04       		.byte	0x4
 220 0043 05       		.byte	0x5
 221 0044 08010000 		.4byte	.LASF4
 222 0048 03       		.uleb128 0x3
 223 0049 2C000000 		.4byte	.LASF9
 224 004d 02       		.byte	0x2
 225 004e 38       		.byte	0x38
 226 004f 53000000 		.4byte	0x53
 227 0053 02       		.uleb128 0x2
 228 0054 04       		.byte	0x4
 229 0055 07       		.byte	0x7
 230 0056 37000000 		.4byte	.LASF5
 231 005a 02       		.uleb128 0x2
 232 005b 08       		.byte	0x8
 233 005c 05       		.byte	0x5
 234 005d 00000000 		.4byte	.LASF6
 235 0061 02       		.uleb128 0x2
 236 0062 08       		.byte	0x8
 237 0063 07       		.byte	0x7
 238 0064 49000000 		.4byte	.LASF7
 239 0068 04       		.uleb128 0x4
 240 0069 04       		.byte	0x4
 241 006a 05       		.byte	0x5
 242 006b 696E7400 		.ascii	"int\000"
 243 006f 02       		.uleb128 0x2
 244 0070 04       		.byte	0x4
 245 0071 07       		.byte	0x7
 246 0072 1F000000 		.4byte	.LASF8
 247 0076 03       		.uleb128 0x3
 248 0077 FF000000 		.4byte	.LASF10
ARM GAS  C:\Users\Sausy\AppData\Local\Temp\ccDgpCUS.s 			page 7


 249 007b 03       		.byte	0x3
 250 007c 42       		.byte	0x42
 251 007d 48000000 		.4byte	0x48
 252 0081 03       		.uleb128 0x3
 253 0082 BE010000 		.4byte	.LASF11
 254 0086 04       		.byte	0x4
 255 0087 A6       		.byte	0xa6
 256 0088 41000000 		.4byte	0x41
 257 008c 02       		.uleb128 0x2
 258 008d 04       		.byte	0x4
 259 008e 04       		.byte	0x4
 260 008f A5010000 		.4byte	.LASF12
 261 0093 02       		.uleb128 0x2
 262 0094 08       		.byte	0x8
 263 0095 04       		.byte	0x4
 264 0096 1A010000 		.4byte	.LASF13
 265 009a 02       		.uleb128 0x2
 266 009b 01       		.byte	0x1
 267 009c 08       		.byte	0x8
 268 009d EA000000 		.4byte	.LASF14
 269 00a1 02       		.uleb128 0x2
 270 00a2 04       		.byte	0x4
 271 00a3 07       		.byte	0x7
 272 00a4 B5010000 		.4byte	.LASF15
 273 00a8 05       		.uleb128 0x5
 274 00a9 A0010000 		.4byte	.LASF21
 275 00ad 01       		.byte	0x1
 276 00ae 15       		.byte	0x15
 277 00af 68000000 		.4byte	0x68
 278 00b3 00000000 		.4byte	.LFB33
 279 00b7 EC000000 		.4byte	.LFE33-.LFB33
 280 00bb 01       		.uleb128 0x1
 281 00bc 9C       		.byte	0x9c
 282 00bd D1000000 		.4byte	0xd1
 283 00c1 06       		.uleb128 0x6
 284 00c2 EF000000 		.4byte	.LASF22
 285 00c6 01       		.byte	0x1
 286 00c7 17       		.byte	0x17
 287 00c8 D1000000 		.4byte	0xd1
 288 00cc 03       		.uleb128 0x3
 289 00cd 91       		.byte	0x91
 290 00ce B87F     		.sleb128 -72
 291 00d0 00       		.byte	0
 292 00d1 07       		.uleb128 0x7
 293 00d2 9A000000 		.4byte	0x9a
 294 00d6 E1000000 		.4byte	0xe1
 295 00da 08       		.uleb128 0x8
 296 00db A1000000 		.4byte	0xa1
 297 00df 3E       		.byte	0x3e
 298 00e0 00       		.byte	0
 299 00e1 09       		.uleb128 0x9
 300 00e2 0E000000 		.4byte	.LASF16
 301 00e6 05       		.byte	0x5
 302 00e7 10       		.byte	0x10
 303 00e8 76000000 		.4byte	0x76
 304 00ec 05       		.uleb128 0x5
 305 00ed 03       		.byte	0x3
ARM GAS  C:\Users\Sausy\AppData\Local\Temp\ccDgpCUS.s 			page 8


 306 00ee 00000000 		.4byte	glob_sec_counter
 307 00f2 09       		.uleb128 0x9
 308 00f3 21010000 		.4byte	.LASF17
 309 00f7 05       		.byte	0x5
 310 00f8 11       		.byte	0x11
 311 00f9 76000000 		.4byte	0x76
 312 00fd 05       		.uleb128 0x5
 313 00fe 03       		.byte	0x3
 314 00ff 00000000 		.4byte	glob_human_counter
 315 0103 00       		.byte	0
 316              		.section	.debug_abbrev,"",%progbits
 317              	.Ldebug_abbrev0:
 318 0000 01       		.uleb128 0x1
 319 0001 11       		.uleb128 0x11
 320 0002 01       		.byte	0x1
 321 0003 25       		.uleb128 0x25
 322 0004 0E       		.uleb128 0xe
 323 0005 13       		.uleb128 0x13
 324 0006 0B       		.uleb128 0xb
 325 0007 03       		.uleb128 0x3
 326 0008 0E       		.uleb128 0xe
 327 0009 1B       		.uleb128 0x1b
 328 000a 0E       		.uleb128 0xe
 329 000b 55       		.uleb128 0x55
 330 000c 17       		.uleb128 0x17
 331 000d 11       		.uleb128 0x11
 332 000e 01       		.uleb128 0x1
 333 000f 10       		.uleb128 0x10
 334 0010 17       		.uleb128 0x17
 335 0011 00       		.byte	0
 336 0012 00       		.byte	0
 337 0013 02       		.uleb128 0x2
 338 0014 24       		.uleb128 0x24
 339 0015 00       		.byte	0
 340 0016 0B       		.uleb128 0xb
 341 0017 0B       		.uleb128 0xb
 342 0018 3E       		.uleb128 0x3e
 343 0019 0B       		.uleb128 0xb
 344 001a 03       		.uleb128 0x3
 345 001b 0E       		.uleb128 0xe
 346 001c 00       		.byte	0
 347 001d 00       		.byte	0
 348 001e 03       		.uleb128 0x3
 349 001f 16       		.uleb128 0x16
 350 0020 00       		.byte	0
 351 0021 03       		.uleb128 0x3
 352 0022 0E       		.uleb128 0xe
 353 0023 3A       		.uleb128 0x3a
 354 0024 0B       		.uleb128 0xb
 355 0025 3B       		.uleb128 0x3b
 356 0026 0B       		.uleb128 0xb
 357 0027 49       		.uleb128 0x49
 358 0028 13       		.uleb128 0x13
 359 0029 00       		.byte	0
 360 002a 00       		.byte	0
 361 002b 04       		.uleb128 0x4
 362 002c 24       		.uleb128 0x24
ARM GAS  C:\Users\Sausy\AppData\Local\Temp\ccDgpCUS.s 			page 9


 363 002d 00       		.byte	0
 364 002e 0B       		.uleb128 0xb
 365 002f 0B       		.uleb128 0xb
 366 0030 3E       		.uleb128 0x3e
 367 0031 0B       		.uleb128 0xb
 368 0032 03       		.uleb128 0x3
 369 0033 08       		.uleb128 0x8
 370 0034 00       		.byte	0
 371 0035 00       		.byte	0
 372 0036 05       		.uleb128 0x5
 373 0037 2E       		.uleb128 0x2e
 374 0038 01       		.byte	0x1
 375 0039 3F       		.uleb128 0x3f
 376 003a 19       		.uleb128 0x19
 377 003b 03       		.uleb128 0x3
 378 003c 0E       		.uleb128 0xe
 379 003d 3A       		.uleb128 0x3a
 380 003e 0B       		.uleb128 0xb
 381 003f 3B       		.uleb128 0x3b
 382 0040 0B       		.uleb128 0xb
 383 0041 49       		.uleb128 0x49
 384 0042 13       		.uleb128 0x13
 385 0043 11       		.uleb128 0x11
 386 0044 01       		.uleb128 0x1
 387 0045 12       		.uleb128 0x12
 388 0046 06       		.uleb128 0x6
 389 0047 40       		.uleb128 0x40
 390 0048 18       		.uleb128 0x18
 391 0049 9642     		.uleb128 0x2116
 392 004b 19       		.uleb128 0x19
 393 004c 01       		.uleb128 0x1
 394 004d 13       		.uleb128 0x13
 395 004e 00       		.byte	0
 396 004f 00       		.byte	0
 397 0050 06       		.uleb128 0x6
 398 0051 34       		.uleb128 0x34
 399 0052 00       		.byte	0
 400 0053 03       		.uleb128 0x3
 401 0054 0E       		.uleb128 0xe
 402 0055 3A       		.uleb128 0x3a
 403 0056 0B       		.uleb128 0xb
 404 0057 3B       		.uleb128 0x3b
 405 0058 0B       		.uleb128 0xb
 406 0059 49       		.uleb128 0x49
 407 005a 13       		.uleb128 0x13
 408 005b 02       		.uleb128 0x2
 409 005c 18       		.uleb128 0x18
 410 005d 00       		.byte	0
 411 005e 00       		.byte	0
 412 005f 07       		.uleb128 0x7
 413 0060 01       		.uleb128 0x1
 414 0061 01       		.byte	0x1
 415 0062 49       		.uleb128 0x49
 416 0063 13       		.uleb128 0x13
 417 0064 01       		.uleb128 0x1
 418 0065 13       		.uleb128 0x13
 419 0066 00       		.byte	0
ARM GAS  C:\Users\Sausy\AppData\Local\Temp\ccDgpCUS.s 			page 10


 420 0067 00       		.byte	0
 421 0068 08       		.uleb128 0x8
 422 0069 21       		.uleb128 0x21
 423 006a 00       		.byte	0
 424 006b 49       		.uleb128 0x49
 425 006c 13       		.uleb128 0x13
 426 006d 2F       		.uleb128 0x2f
 427 006e 0B       		.uleb128 0xb
 428 006f 00       		.byte	0
 429 0070 00       		.byte	0
 430 0071 09       		.uleb128 0x9
 431 0072 34       		.uleb128 0x34
 432 0073 00       		.byte	0
 433 0074 03       		.uleb128 0x3
 434 0075 0E       		.uleb128 0xe
 435 0076 3A       		.uleb128 0x3a
 436 0077 0B       		.uleb128 0xb
 437 0078 3B       		.uleb128 0x3b
 438 0079 0B       		.uleb128 0xb
 439 007a 49       		.uleb128 0x49
 440 007b 13       		.uleb128 0x13
 441 007c 3F       		.uleb128 0x3f
 442 007d 19       		.uleb128 0x19
 443 007e 02       		.uleb128 0x2
 444 007f 18       		.uleb128 0x18
 445 0080 00       		.byte	0
 446 0081 00       		.byte	0
 447 0082 00       		.byte	0
 448              		.section	.debug_aranges,"",%progbits
 449 0000 1C000000 		.4byte	0x1c
 450 0004 0200     		.2byte	0x2
 451 0006 00000000 		.4byte	.Ldebug_info0
 452 000a 04       		.byte	0x4
 453 000b 00       		.byte	0
 454 000c 0000     		.2byte	0
 455 000e 0000     		.2byte	0
 456 0010 00000000 		.4byte	.LFB33
 457 0014 EC000000 		.4byte	.LFE33-.LFB33
 458 0018 00000000 		.4byte	0
 459 001c 00000000 		.4byte	0
 460              		.section	.debug_ranges,"",%progbits
 461              	.Ldebug_ranges0:
 462 0000 00000000 		.4byte	.LFB33
 463 0004 EC000000 		.4byte	.LFE33
 464 0008 00000000 		.4byte	0
 465 000c 00000000 		.4byte	0
 466              		.section	.debug_line,"",%progbits
 467              	.Ldebug_line0:
 468 0000 99010000 		.section	.debug_str,"MS",%progbits,1
 468      02005101 
 468      00000201 
 468      FB0E0D00 
 468      01010101 
 469              	.LASF6:
 470 0000 6C6F6E67 		.ascii	"long long int\000"
 470      206C6F6E 
 470      6720696E 
ARM GAS  C:\Users\Sausy\AppData\Local\Temp\ccDgpCUS.s 			page 11


 470      7400
 471              	.LASF16:
 472 000e 676C6F62 		.ascii	"glob_sec_counter\000"
 472      5F736563 
 472      5F636F75 
 472      6E746572 
 472      00
 473              	.LASF8:
 474 001f 756E7369 		.ascii	"unsigned int\000"
 474      676E6564 
 474      20696E74 
 474      00
 475              	.LASF9:
 476 002c 5F5F7569 		.ascii	"__uint32_t\000"
 476      6E743332 
 476      5F7400
 477              	.LASF5:
 478 0037 6C6F6E67 		.ascii	"long unsigned int\000"
 478      20756E73 
 478      69676E65 
 478      6420696E 
 478      7400
 479              	.LASF7:
 480 0049 6C6F6E67 		.ascii	"long long unsigned int\000"
 480      206C6F6E 
 480      6720756E 
 480      7369676E 
 480      65642069 
 481              	.LASF18:
 482 0060 474E5520 		.ascii	"GNU C 4.8.4 20140526 (release) [ARM/embedded-4_8-br"
 482      4320342E 
 482      382E3420 
 482      32303134 
 482      30353236 
 483 0093 616E6368 		.ascii	"anch revision 211358] -mcpu=cortex-m0 -mthumb -g -O"
 483      20726576 
 483      6973696F 
 483      6E203231 
 483      31333538 
 484 00c6 30202D66 		.ascii	"0 -ffunction-sections\000"
 484      66756E63 
 484      74696F6E 
 484      2D736563 
 484      74696F6E 
 485              	.LASF1:
 486 00dc 756E7369 		.ascii	"unsigned char\000"
 486      676E6564 
 486      20636861 
 486      7200
 487              	.LASF14:
 488 00ea 63686172 		.ascii	"char\000"
 488      00
 489              	.LASF22:
 490 00ef 6D61696E 		.ascii	"main_foo_buffer\000"
 490      5F666F6F 
 490      5F627566 
 490      66657200 
ARM GAS  C:\Users\Sausy\AppData\Local\Temp\ccDgpCUS.s 			page 12


 491              	.LASF10:
 492 00ff 75696E74 		.ascii	"uint32_t\000"
 492      33325F74 
 492      00
 493              	.LASF4:
 494 0108 6C6F6E67 		.ascii	"long int\000"
 494      20696E74 
 494      00
 495              	.LASF19:
 496 0111 2E5C6D61 		.ascii	".\\main.c\000"
 496      696E2E63 
 496      00
 497              	.LASF13:
 498 011a 646F7562 		.ascii	"double\000"
 498      6C6500
 499              	.LASF17:
 500 0121 676C6F62 		.ascii	"glob_human_counter\000"
 500      5F68756D 
 500      616E5F63 
 500      6F756E74 
 500      657200
 501              	.LASF3:
 502 0134 73686F72 		.ascii	"short unsigned int\000"
 502      7420756E 
 502      7369676E 
 502      65642069 
 502      6E7400
 503              	.LASF0:
 504 0147 7369676E 		.ascii	"signed char\000"
 504      65642063 
 504      68617200 
 505              	.LASF20:
 506 0153 433A5C55 		.ascii	"C:\\Users\\Sausy\\Documents\\PSoC Creator\\FTLK\\Ja"
 506      73657273 
 506      5C536175 
 506      73795C44 
 506      6F63756D 
 507 0180 68726573 		.ascii	"hresprojekt\\Jahresprojekt.cydsn\000"
 507      70726F6A 
 507      656B745C 
 507      4A616872 
 507      65737072 
 508              	.LASF21:
 509 01a0 6D61696E 		.ascii	"main\000"
 509      00
 510              	.LASF12:
 511 01a5 666C6F61 		.ascii	"float\000"
 511      7400
 512              	.LASF2:
 513 01ab 73686F72 		.ascii	"short int\000"
 513      7420696E 
 513      7400
 514              	.LASF15:
 515 01b5 73697A65 		.ascii	"sizetype\000"
 515      74797065 
 515      00
 516              	.LASF11:
ARM GAS  C:\Users\Sausy\AppData\Local\Temp\ccDgpCUS.s 			page 13


 517 01be 696E7433 		.ascii	"int32\000"
 517      3200
 518              		.ident	"GCC: (GNU Tools for ARM Embedded Processors) 4.8.4 20140526 (release) [ARM/embedded-4_8-br
