ARM GAS  C:\Users\Sausy\AppData\Local\Temp\cc5QXWf9.s 			page 1


   1              		.cpu cortex-m0
   2              		.fpu softvfp
   3              		.eabi_attribute 20, 1
   4              		.eabi_attribute 21, 1
   5              		.eabi_attribute 23, 3
   6              		.eabi_attribute 24, 1
   7              		.eabi_attribute 25, 1
   8              		.eabi_attribute 26, 1
   9              		.eabi_attribute 30, 6
  10              		.eabi_attribute 34, 0
  11              		.eabi_attribute 18, 4
  12              		.code	16
  13              		.file	"proximity.c"
  14              		.text
  15              	.Ltext0:
  16              		.cfi_sections	.debug_frame
  17              		.comm	proximityCounts,2,2
  18              		.comm	proximityMax,2,2
  19              		.comm	hue,2,2
  20              		.section	.text.CapSense_init,"ax",%progbits
  21              		.align	2
  22              		.global	CapSense_init
  23              		.code	16
  24              		.thumb_func
  25              		.type	CapSense_init, %function
  26              	CapSense_init:
  27              	.LFB33:
  28              		.file 1 ".\\proximity.c"
   1:.\proximity.c **** 
   2:.\proximity.c **** /*
   3:.\proximity.c **** 
   4:.\proximity.c **** 
   5:.\proximity.c **** 
   6:.\proximity.c **** 
   7:.\proximity.c **** */
   8:.\proximity.c **** 
   9:.\proximity.c **** 
  10:.\proximity.c **** #include <project.h>
  11:.\proximity.c **** #include "proximity.h"
  12:.\proximity.c **** #include "LED_RGB.h"
  13:.\proximity.c **** #include <stdint.h>
  14:.\proximity.c **** #include <stdlib.h>
  15:.\proximity.c **** #include <stdio.h>
  16:.\proximity.c **** 
  17:.\proximity.c **** 
  18:.\proximity.c **** int16 proximityCounts, proximityMax;
  19:.\proximity.c **** uint16 hue;
  20:.\proximity.c **** 
  21:.\proximity.c **** 
  22:.\proximity.c **** void CapSense_init(){
  29              		.loc 1 22 0
  30              		.cfi_startproc
  31 0000 80B5     		push	{r7, lr}
  32              		.cfi_def_cfa_offset 8
  33              		.cfi_offset 7, -8
  34              		.cfi_offset 14, -4
  35 0002 00AF     		add	r7, sp, #0
ARM GAS  C:\Users\Sausy\AppData\Local\Temp\cc5QXWf9.s 			page 2


  36              		.cfi_def_cfa_register 7
  23:.\proximity.c ****     
  24:.\proximity.c ****     hue=0;
  37              		.loc 1 24 0
  38 0004 0D4B     		ldr	r3, .L3
  39 0006 0022     		mov	r2, #0
  40 0008 1A80     		strh	r2, [r3]
  25:.\proximity.c ****     
  26:.\proximity.c ****     /* Start components */
  27:.\proximity.c ****     /* Start LED_RGB module */
  28:.\proximity.c ****     LED_RGB_Start();
  41              		.loc 1 28 0
  42 000a FFF7FEFF 		bl	LED_RGB_Start
  29:.\proximity.c ****     
  30:.\proximity.c ****     /* Start CSD proximity sensor */
  31:.\proximity.c ****     CapSense_CSD_Start();
  43              		.loc 1 31 0
  44 000e FFF7FEFF 		bl	CapSense_CSD_Start
  32:.\proximity.c ****     CapSense_CSD_EnableWidget(CapSense_CSD_SENSOR_PROXIMITYSENSOR0_0__PROX);
  45              		.loc 1 32 0
  46 0012 0020     		mov	r0, #0
  47 0014 FFF7FEFF 		bl	CapSense_CSD_EnableWidget
  33:.\proximity.c ****     CapSense_CSD_InitializeAllBaselines();
  48              		.loc 1 33 0
  49 0018 FFF7FEFF 		bl	CapSense_CSD_InitializeAllBaselines
  34:.\proximity.c ****     
  35:.\proximity.c ****     /* Perform initial proximity read to set max and min */
  36:.\proximity.c ****     CapSense_CSD_UpdateEnabledBaselines();    
  50              		.loc 1 36 0
  51 001c FFF7FEFF 		bl	CapSense_CSD_UpdateEnabledBaselines
  37:.\proximity.c **** 	/* Start scanning all enabled sensors */
  38:.\proximity.c **** 	CapSense_CSD_ScanEnabledWidgets();
  52              		.loc 1 38 0
  53 0020 FFF7FEFF 		bl	CapSense_CSD_ScanEnabledWidgets
  39:.\proximity.c ****     /* Wait for scanning to complete */
  40:.\proximity.c **** 	while(CapSense_CSD_IsBusy() != 0);
  54              		.loc 1 40 0
  55 0024 C046     		mov	r8, r8
  56              	.L2:
  57              		.loc 1 40 0 is_stmt 0 discriminator 1
  58 0026 FFF7FEFF 		bl	CapSense_CSD_IsBusy
  59 002a 031C     		mov	r3, r0
  60 002c 002B     		cmp	r3, #0
  61 002e FAD1     		bne	.L2
  41:.\proximity.c ****     
  42:.\proximity.c ****     /* Set initial limits */
  43:.\proximity.c ****     proximityMax = PROX_RANGE_INIT;
  62              		.loc 1 43 0 is_stmt 1
  63 0030 034B     		ldr	r3, .L3+4
  64 0032 6422     		mov	r2, #100
  65 0034 1A80     		strh	r2, [r3]
  44:.\proximity.c **** }
  66              		.loc 1 44 0
  67 0036 BD46     		mov	sp, r7
  68              		@ sp needed
  69 0038 80BD     		pop	{r7, pc}
  70              	.L4:
ARM GAS  C:\Users\Sausy\AppData\Local\Temp\cc5QXWf9.s 			page 3


  71 003a C046     		.align	2
  72              	.L3:
  73 003c 00000000 		.word	hue
  74 0040 00000000 		.word	proximityMax
  75              		.cfi_endproc
  76              	.LFE33:
  77              		.size	CapSense_init, .-CapSense_init
  78              		.global	__aeabi_uidiv
  79              		.section	.rodata
  80              		.align	2
  81              	.LC6:
  82 0000 1B5B7500 		.ascii	"\033[u\000"
  83              		.align	2
  84              	.LC8:
  85 0004 44617461 		.ascii	"Data: \000"
  85      3A2000
  86 000b 00       		.align	2
  87              	.LC10:
  88 000c 2530386C 		.ascii	"%08lu\000"
  88      7500
  89 0012 0000     		.section	.text.CapSense_loop_func,"ax",%progbits
  90              		.align	2
  91              		.global	CapSense_loop_func
  92              		.code	16
  93              		.thumb_func
  94              		.type	CapSense_loop_func, %function
  95              	CapSense_loop_func:
  96              	.LFB34:
  45:.\proximity.c **** 
  46:.\proximity.c **** 
  47:.\proximity.c **** 
  48:.\proximity.c **** void CapSense_loop_func(){
  97              		.loc 1 48 0
  98              		.cfi_startproc
  99 0000 80B5     		push	{r7, lr}
 100              		.cfi_def_cfa_offset 8
 101              		.cfi_offset 7, -8
 102              		.cfi_offset 14, -4
 103 0002 90B0     		sub	sp, sp, #64
 104              		.cfi_def_cfa_offset 72
 105 0004 00AF     		add	r7, sp, #0
 106              		.cfi_def_cfa_register 7
  49:.\proximity.c ****     
  50:.\proximity.c ****     char capsense_loop_buffer[63];
  51:.\proximity.c ****     /* Read capsense proximity sensor */
  52:.\proximity.c ****     /* Update all baselines */
  53:.\proximity.c ****     CapSense_CSD_UpdateEnabledBaselines();
 107              		.loc 1 53 0
 108 0006 FFF7FEFF 		bl	CapSense_CSD_UpdateEnabledBaselines
  54:.\proximity.c ****     /* Start scanning all enabled sensors */
  55:.\proximity.c ****     CapSense_CSD_ScanEnabledWidgets();
 109              		.loc 1 55 0
 110 000a FFF7FEFF 		bl	CapSense_CSD_ScanEnabledWidgets
  56:.\proximity.c ****     /* Wait for scanning to complete */
  57:.\proximity.c ****     while(CapSense_CSD_IsBusy() != 0);
 111              		.loc 1 57 0
 112 000e C046     		mov	r8, r8
ARM GAS  C:\Users\Sausy\AppData\Local\Temp\cc5QXWf9.s 			page 4


 113              	.L6:
 114              		.loc 1 57 0 is_stmt 0 discriminator 1
 115 0010 FFF7FEFF 		bl	CapSense_CSD_IsBusy
 116 0014 031C     		mov	r3, r0
 117 0016 002B     		cmp	r3, #0
 118 0018 FAD1     		bne	.L6
  58:.\proximity.c ****     proximityCounts = CapSense_CSD_SensorSignal[0] - 5;
 119              		.loc 1 58 0 is_stmt 1
 120 001a 264B     		ldr	r3, .L9
 121 001c 1B88     		ldrh	r3, [r3]
 122 001e 053B     		sub	r3, r3, #5
 123 0020 9BB2     		uxth	r3, r3
 124 0022 9AB2     		uxth	r2, r3
 125 0024 244B     		ldr	r3, .L9+4
 126 0026 1A80     		strh	r2, [r3]
  59:.\proximity.c ****     
  60:.\proximity.c ****     /* Floor the counts so no negative values are displayed */
  61:.\proximity.c ****     if(proximityCounts<0)
 127              		.loc 1 61 0
 128 0028 234B     		ldr	r3, .L9+4
 129 002a 1B88     		ldrh	r3, [r3]
 130 002c 1BB2     		sxth	r3, r3
 131 002e 002B     		cmp	r3, #0
 132 0030 02DA     		bge	.L7
  62:.\proximity.c ****     {
  63:.\proximity.c ****         proximityCounts=0;
 133              		.loc 1 63 0
 134 0032 214B     		ldr	r3, .L9+4
 135 0034 0022     		mov	r2, #0
 136 0036 1A80     		strh	r2, [r3]
 137              	.L7:
  64:.\proximity.c ****     }
  65:.\proximity.c ****     
  66:.\proximity.c ****     /* Set new limits if appropriate */
  67:.\proximity.c ****     if(proximityCounts>proximityMax)
 138              		.loc 1 67 0
 139 0038 1F4B     		ldr	r3, .L9+4
 140 003a 1A88     		ldrh	r2, [r3]
 141 003c 1F4B     		ldr	r3, .L9+8
 142 003e 1B88     		ldrh	r3, [r3]
 143 0040 12B2     		sxth	r2, r2
 144 0042 1BB2     		sxth	r3, r3
 145 0044 9A42     		cmp	r2, r3
 146 0046 03DD     		ble	.L8
  68:.\proximity.c ****     {
  69:.\proximity.c ****         proximityMax = proximityCounts;
 147              		.loc 1 69 0
 148 0048 1B4B     		ldr	r3, .L9+4
 149 004a 1A88     		ldrh	r2, [r3]
 150 004c 1B4B     		ldr	r3, .L9+8
 151 004e 1A80     		strh	r2, [r3]
 152              	.L8:
  70:.\proximity.c ****     }
  71:.\proximity.c ****     
  72:.\proximity.c ****     /* Calculate scaled hue value and write it */
  73:.\proximity.c ****     hue = ((uint32) proximityCounts) * UINT16_MAX / proximityMax;
 153              		.loc 1 73 0
ARM GAS  C:\Users\Sausy\AppData\Local\Temp\cc5QXWf9.s 			page 5


 154 0050 194B     		ldr	r3, .L9+4
 155 0052 1B88     		ldrh	r3, [r3]
 156 0054 1AB2     		sxth	r2, r3
 157 0056 131C     		mov	r3, r2
 158 0058 1B04     		lsl	r3, r3, #16
 159 005a 9A1A     		sub	r2, r3, r2
 160 005c 174B     		ldr	r3, .L9+8
 161 005e 1B88     		ldrh	r3, [r3]
 162 0060 1BB2     		sxth	r3, r3
 163 0062 101C     		mov	r0, r2
 164 0064 191C     		mov	r1, r3
 165 0066 FFF7FEFF 		bl	__aeabi_uidiv
 166 006a 031C     		mov	r3, r0
 167 006c 9AB2     		uxth	r2, r3
 168 006e 144B     		ldr	r3, .L9+12
 169 0070 1A80     		strh	r2, [r3]
  74:.\proximity.c ****     
  75:.\proximity.c ****     LED_RGB_SetColorCircle(hue);
 170              		.loc 1 75 0
 171 0072 134B     		ldr	r3, .L9+12
 172 0074 1B88     		ldrh	r3, [r3]
 173 0076 181C     		mov	r0, r3
 174 0078 FFF7FEFF 		bl	LED_RGB_SetColorCircle
  76:.\proximity.c ****     
  77:.\proximity.c **** 
  78:.\proximity.c ****     UART_UartPutString("\033[u");
 175              		.loc 1 78 0
 176 007c 114B     		ldr	r3, .L9+16
 177 007e 181C     		mov	r0, r3
 178 0080 FFF7FEFF 		bl	UART_UartPutString
  79:.\proximity.c ****     UART_UartPutString("Data: ");
 179              		.loc 1 79 0
 180 0084 104B     		ldr	r3, .L9+20
 181 0086 181C     		mov	r0, r3
 182 0088 FFF7FEFF 		bl	UART_UartPutString
  80:.\proximity.c ****     sprintf(capsense_loop_buffer,"%08lu", (int32) proximityCounts);
 183              		.loc 1 80 0
 184 008c 0A4B     		ldr	r3, .L9+4
 185 008e 1B88     		ldrh	r3, [r3]
 186 0090 1BB2     		sxth	r3, r3
 187 0092 391C     		mov	r1, r7
 188 0094 0D4A     		ldr	r2, .L9+24
 189 0096 081C     		mov	r0, r1
 190 0098 111C     		mov	r1, r2
 191 009a 1A1C     		mov	r2, r3
 192 009c FFF7FEFF 		bl	sprintf
  81:.\proximity.c ****     UART_UartPutString(capsense_loop_buffer);
 193              		.loc 1 81 0
 194 00a0 3B1C     		mov	r3, r7
 195 00a2 181C     		mov	r0, r3
 196 00a4 FFF7FEFF 		bl	UART_UartPutString
  82:.\proximity.c ****     CyDelay(10);
 197              		.loc 1 82 0
 198 00a8 0A20     		mov	r0, #10
 199 00aa FFF7FEFF 		bl	CyDelay
  83:.\proximity.c **** 
  84:.\proximity.c ****     
ARM GAS  C:\Users\Sausy\AppData\Local\Temp\cc5QXWf9.s 			page 6


  85:.\proximity.c **** }
 200              		.loc 1 85 0
 201 00ae BD46     		mov	sp, r7
 202 00b0 10B0     		add	sp, sp, #64
 203              		@ sp needed
 204 00b2 80BD     		pop	{r7, pc}
 205              	.L10:
 206              		.align	2
 207              	.L9:
 208 00b4 00000000 		.word	CapSense_CSD_sensorSignal
 209 00b8 00000000 		.word	proximityCounts
 210 00bc 00000000 		.word	proximityMax
 211 00c0 00000000 		.word	hue
 212 00c4 00000000 		.word	.LC6
 213 00c8 04000000 		.word	.LC8
 214 00cc 0C000000 		.word	.LC10
 215              		.cfi_endproc
 216              	.LFE34:
 217              		.size	CapSense_loop_func, .-CapSense_loop_func
 218              		.text
 219              	.Letext0:
 220              		.file 2 ".\\Generated_Source\\PSoC4/cytypes.h"
 221              		.file 3 ".\\Generated_Source\\PSoC4/CapSense_CSD_CSHL.h"
 222              		.section	.debug_info,"",%progbits
 223              	.Ldebug_info0:
 224 0000 45010000 		.4byte	0x145
 225 0004 0400     		.2byte	0x4
 226 0006 00000000 		.4byte	.Ldebug_abbrev0
 227 000a 04       		.byte	0x4
 228 000b 01       		.uleb128 0x1
 229 000c 70000000 		.4byte	.LASF20
 230 0010 01       		.byte	0x1
 231 0011 D6010000 		.4byte	.LASF21
 232 0015 5E010000 		.4byte	.LASF22
 233 0019 00000000 		.4byte	.Ldebug_ranges0+0
 234 001d 00000000 		.4byte	0
 235 0021 00000000 		.4byte	.Ldebug_line0
 236 0025 02       		.uleb128 0x2
 237 0026 01       		.byte	0x1
 238 0027 06       		.byte	0x6
 239 0028 52010000 		.4byte	.LASF0
 240 002c 02       		.uleb128 0x2
 241 002d 01       		.byte	0x1
 242 002e 08       		.byte	0x8
 243 002f EC000000 		.4byte	.LASF1
 244 0033 02       		.uleb128 0x2
 245 0034 02       		.byte	0x2
 246 0035 05       		.byte	0x5
 247 0036 B7010000 		.4byte	.LASF2
 248 003a 02       		.uleb128 0x2
 249 003b 02       		.byte	0x2
 250 003c 07       		.byte	0x7
 251 003d 3F010000 		.4byte	.LASF3
 252 0041 02       		.uleb128 0x2
 253 0042 04       		.byte	0x4
 254 0043 05       		.byte	0x5
 255 0044 14010000 		.4byte	.LASF4
ARM GAS  C:\Users\Sausy\AppData\Local\Temp\cc5QXWf9.s 			page 7


 256 0048 02       		.uleb128 0x2
 257 0049 04       		.byte	0x4
 258 004a 07       		.byte	0x7
 259 004b 24010000 		.4byte	.LASF5
 260 004f 02       		.uleb128 0x2
 261 0050 08       		.byte	0x8
 262 0051 05       		.byte	0x5
 263 0052 00000000 		.4byte	.LASF6
 264 0056 02       		.uleb128 0x2
 265 0057 08       		.byte	0x8
 266 0058 07       		.byte	0x7
 267 0059 59000000 		.4byte	.LASF7
 268 005d 03       		.uleb128 0x3
 269 005e 04       		.byte	0x4
 270 005f 05       		.byte	0x5
 271 0060 696E7400 		.ascii	"int\000"
 272 0064 02       		.uleb128 0x2
 273 0065 04       		.byte	0x4
 274 0066 07       		.byte	0x7
 275 0067 15000000 		.4byte	.LASF8
 276 006b 04       		.uleb128 0x4
 277 006c C1010000 		.4byte	.LASF9
 278 0070 02       		.byte	0x2
 279 0071 A2       		.byte	0xa2
 280 0072 3A000000 		.4byte	0x3a
 281 0076 04       		.uleb128 0x4
 282 0077 0E000000 		.4byte	.LASF10
 283 007b 02       		.byte	0x2
 284 007c A3       		.byte	0xa3
 285 007d 48000000 		.4byte	0x48
 286 0081 04       		.uleb128 0x4
 287 0082 B1010000 		.4byte	.LASF11
 288 0086 02       		.byte	0x2
 289 0087 A5       		.byte	0xa5
 290 0088 33000000 		.4byte	0x33
 291 008c 04       		.uleb128 0x4
 292 008d F7010000 		.4byte	.LASF12
 293 0091 02       		.byte	0x2
 294 0092 A6       		.byte	0xa6
 295 0093 41000000 		.4byte	0x41
 296 0097 02       		.uleb128 0x2
 297 0098 04       		.byte	0x4
 298 0099 04       		.byte	0x4
 299 009a AB010000 		.4byte	.LASF13
 300 009e 02       		.uleb128 0x2
 301 009f 08       		.byte	0x8
 302 00a0 04       		.byte	0x4
 303 00a1 1D010000 		.4byte	.LASF14
 304 00a5 02       		.uleb128 0x2
 305 00a6 01       		.byte	0x1
 306 00a7 08       		.byte	0x8
 307 00a8 FA000000 		.4byte	.LASF15
 308 00ac 02       		.uleb128 0x2
 309 00ad 04       		.byte	0x4
 310 00ae 07       		.byte	0x7
 311 00af 36010000 		.4byte	.LASF16
 312 00b3 05       		.uleb128 0x5
ARM GAS  C:\Users\Sausy\AppData\Local\Temp\cc5QXWf9.s 			page 8


 313 00b4 C8010000 		.4byte	.LASF23
 314 00b8 01       		.byte	0x1
 315 00b9 16       		.byte	0x16
 316 00ba 00000000 		.4byte	.LFB33
 317 00be 44000000 		.4byte	.LFE33-.LFB33
 318 00c2 01       		.uleb128 0x1
 319 00c3 9C       		.byte	0x9c
 320 00c4 06       		.uleb128 0x6
 321 00c5 E4010000 		.4byte	.LASF24
 322 00c9 01       		.byte	0x1
 323 00ca 30       		.byte	0x30
 324 00cb 00000000 		.4byte	.LFB34
 325 00cf D0000000 		.4byte	.LFE34-.LFB34
 326 00d3 01       		.uleb128 0x1
 327 00d4 9C       		.byte	0x9c
 328 00d5 E9000000 		.4byte	0xe9
 329 00d9 07       		.uleb128 0x7
 330 00da FF000000 		.4byte	.LASF25
 331 00de 01       		.byte	0x1
 332 00df 32       		.byte	0x32
 333 00e0 E9000000 		.4byte	0xe9
 334 00e4 03       		.uleb128 0x3
 335 00e5 91       		.byte	0x91
 336 00e6 B87F     		.sleb128 -72
 337 00e8 00       		.byte	0
 338 00e9 08       		.uleb128 0x8
 339 00ea A5000000 		.4byte	0xa5
 340 00ee F9000000 		.4byte	0xf9
 341 00f2 09       		.uleb128 0x9
 342 00f3 AC000000 		.4byte	0xac
 343 00f7 3E       		.byte	0x3e
 344 00f8 00       		.byte	0
 345 00f9 08       		.uleb128 0x8
 346 00fa 6B000000 		.4byte	0x6b
 347 00fe 09010000 		.4byte	0x109
 348 0102 09       		.uleb128 0x9
 349 0103 AC000000 		.4byte	0xac
 350 0107 00       		.byte	0
 351 0108 00       		.byte	0
 352 0109 0A       		.uleb128 0xa
 353 010a 22000000 		.4byte	.LASF17
 354 010e 03       		.byte	0x3
 355 010f 2601     		.2byte	0x126
 356 0111 F9000000 		.4byte	0xf9
 357 0115 0B       		.uleb128 0xb
 358 0116 49000000 		.4byte	.LASF18
 359 011a 01       		.byte	0x1
 360 011b 12       		.byte	0x12
 361 011c 81000000 		.4byte	0x81
 362 0120 05       		.uleb128 0x5
 363 0121 03       		.byte	0x3
 364 0122 00000000 		.4byte	proximityCounts
 365 0126 0B       		.uleb128 0xb
 366 0127 3C000000 		.4byte	.LASF19
 367 012b 01       		.byte	0x1
 368 012c 12       		.byte	0x12
 369 012d 81000000 		.4byte	0x81
ARM GAS  C:\Users\Sausy\AppData\Local\Temp\cc5QXWf9.s 			page 9


 370 0131 05       		.uleb128 0x5
 371 0132 03       		.byte	0x3
 372 0133 00000000 		.4byte	proximityMax
 373 0137 0C       		.uleb128 0xc
 374 0138 68756500 		.ascii	"hue\000"
 375 013c 01       		.byte	0x1
 376 013d 13       		.byte	0x13
 377 013e 6B000000 		.4byte	0x6b
 378 0142 05       		.uleb128 0x5
 379 0143 03       		.byte	0x3
 380 0144 00000000 		.4byte	hue
 381 0148 00       		.byte	0
 382              		.section	.debug_abbrev,"",%progbits
 383              	.Ldebug_abbrev0:
 384 0000 01       		.uleb128 0x1
 385 0001 11       		.uleb128 0x11
 386 0002 01       		.byte	0x1
 387 0003 25       		.uleb128 0x25
 388 0004 0E       		.uleb128 0xe
 389 0005 13       		.uleb128 0x13
 390 0006 0B       		.uleb128 0xb
 391 0007 03       		.uleb128 0x3
 392 0008 0E       		.uleb128 0xe
 393 0009 1B       		.uleb128 0x1b
 394 000a 0E       		.uleb128 0xe
 395 000b 55       		.uleb128 0x55
 396 000c 17       		.uleb128 0x17
 397 000d 11       		.uleb128 0x11
 398 000e 01       		.uleb128 0x1
 399 000f 10       		.uleb128 0x10
 400 0010 17       		.uleb128 0x17
 401 0011 00       		.byte	0
 402 0012 00       		.byte	0
 403 0013 02       		.uleb128 0x2
 404 0014 24       		.uleb128 0x24
 405 0015 00       		.byte	0
 406 0016 0B       		.uleb128 0xb
 407 0017 0B       		.uleb128 0xb
 408 0018 3E       		.uleb128 0x3e
 409 0019 0B       		.uleb128 0xb
 410 001a 03       		.uleb128 0x3
 411 001b 0E       		.uleb128 0xe
 412 001c 00       		.byte	0
 413 001d 00       		.byte	0
 414 001e 03       		.uleb128 0x3
 415 001f 24       		.uleb128 0x24
 416 0020 00       		.byte	0
 417 0021 0B       		.uleb128 0xb
 418 0022 0B       		.uleb128 0xb
 419 0023 3E       		.uleb128 0x3e
 420 0024 0B       		.uleb128 0xb
 421 0025 03       		.uleb128 0x3
 422 0026 08       		.uleb128 0x8
 423 0027 00       		.byte	0
 424 0028 00       		.byte	0
 425 0029 04       		.uleb128 0x4
 426 002a 16       		.uleb128 0x16
ARM GAS  C:\Users\Sausy\AppData\Local\Temp\cc5QXWf9.s 			page 10


 427 002b 00       		.byte	0
 428 002c 03       		.uleb128 0x3
 429 002d 0E       		.uleb128 0xe
 430 002e 3A       		.uleb128 0x3a
 431 002f 0B       		.uleb128 0xb
 432 0030 3B       		.uleb128 0x3b
 433 0031 0B       		.uleb128 0xb
 434 0032 49       		.uleb128 0x49
 435 0033 13       		.uleb128 0x13
 436 0034 00       		.byte	0
 437 0035 00       		.byte	0
 438 0036 05       		.uleb128 0x5
 439 0037 2E       		.uleb128 0x2e
 440 0038 00       		.byte	0
 441 0039 3F       		.uleb128 0x3f
 442 003a 19       		.uleb128 0x19
 443 003b 03       		.uleb128 0x3
 444 003c 0E       		.uleb128 0xe
 445 003d 3A       		.uleb128 0x3a
 446 003e 0B       		.uleb128 0xb
 447 003f 3B       		.uleb128 0x3b
 448 0040 0B       		.uleb128 0xb
 449 0041 11       		.uleb128 0x11
 450 0042 01       		.uleb128 0x1
 451 0043 12       		.uleb128 0x12
 452 0044 06       		.uleb128 0x6
 453 0045 40       		.uleb128 0x40
 454 0046 18       		.uleb128 0x18
 455 0047 9642     		.uleb128 0x2116
 456 0049 19       		.uleb128 0x19
 457 004a 00       		.byte	0
 458 004b 00       		.byte	0
 459 004c 06       		.uleb128 0x6
 460 004d 2E       		.uleb128 0x2e
 461 004e 01       		.byte	0x1
 462 004f 3F       		.uleb128 0x3f
 463 0050 19       		.uleb128 0x19
 464 0051 03       		.uleb128 0x3
 465 0052 0E       		.uleb128 0xe
 466 0053 3A       		.uleb128 0x3a
 467 0054 0B       		.uleb128 0xb
 468 0055 3B       		.uleb128 0x3b
 469 0056 0B       		.uleb128 0xb
 470 0057 11       		.uleb128 0x11
 471 0058 01       		.uleb128 0x1
 472 0059 12       		.uleb128 0x12
 473 005a 06       		.uleb128 0x6
 474 005b 40       		.uleb128 0x40
 475 005c 18       		.uleb128 0x18
 476 005d 9642     		.uleb128 0x2116
 477 005f 19       		.uleb128 0x19
 478 0060 01       		.uleb128 0x1
 479 0061 13       		.uleb128 0x13
 480 0062 00       		.byte	0
 481 0063 00       		.byte	0
 482 0064 07       		.uleb128 0x7
 483 0065 34       		.uleb128 0x34
ARM GAS  C:\Users\Sausy\AppData\Local\Temp\cc5QXWf9.s 			page 11


 484 0066 00       		.byte	0
 485 0067 03       		.uleb128 0x3
 486 0068 0E       		.uleb128 0xe
 487 0069 3A       		.uleb128 0x3a
 488 006a 0B       		.uleb128 0xb
 489 006b 3B       		.uleb128 0x3b
 490 006c 0B       		.uleb128 0xb
 491 006d 49       		.uleb128 0x49
 492 006e 13       		.uleb128 0x13
 493 006f 02       		.uleb128 0x2
 494 0070 18       		.uleb128 0x18
 495 0071 00       		.byte	0
 496 0072 00       		.byte	0
 497 0073 08       		.uleb128 0x8
 498 0074 01       		.uleb128 0x1
 499 0075 01       		.byte	0x1
 500 0076 49       		.uleb128 0x49
 501 0077 13       		.uleb128 0x13
 502 0078 01       		.uleb128 0x1
 503 0079 13       		.uleb128 0x13
 504 007a 00       		.byte	0
 505 007b 00       		.byte	0
 506 007c 09       		.uleb128 0x9
 507 007d 21       		.uleb128 0x21
 508 007e 00       		.byte	0
 509 007f 49       		.uleb128 0x49
 510 0080 13       		.uleb128 0x13
 511 0081 2F       		.uleb128 0x2f
 512 0082 0B       		.uleb128 0xb
 513 0083 00       		.byte	0
 514 0084 00       		.byte	0
 515 0085 0A       		.uleb128 0xa
 516 0086 34       		.uleb128 0x34
 517 0087 00       		.byte	0
 518 0088 03       		.uleb128 0x3
 519 0089 0E       		.uleb128 0xe
 520 008a 3A       		.uleb128 0x3a
 521 008b 0B       		.uleb128 0xb
 522 008c 3B       		.uleb128 0x3b
 523 008d 05       		.uleb128 0x5
 524 008e 49       		.uleb128 0x49
 525 008f 13       		.uleb128 0x13
 526 0090 3F       		.uleb128 0x3f
 527 0091 19       		.uleb128 0x19
 528 0092 3C       		.uleb128 0x3c
 529 0093 19       		.uleb128 0x19
 530 0094 00       		.byte	0
 531 0095 00       		.byte	0
 532 0096 0B       		.uleb128 0xb
 533 0097 34       		.uleb128 0x34
 534 0098 00       		.byte	0
 535 0099 03       		.uleb128 0x3
 536 009a 0E       		.uleb128 0xe
 537 009b 3A       		.uleb128 0x3a
 538 009c 0B       		.uleb128 0xb
 539 009d 3B       		.uleb128 0x3b
 540 009e 0B       		.uleb128 0xb
ARM GAS  C:\Users\Sausy\AppData\Local\Temp\cc5QXWf9.s 			page 12


 541 009f 49       		.uleb128 0x49
 542 00a0 13       		.uleb128 0x13
 543 00a1 3F       		.uleb128 0x3f
 544 00a2 19       		.uleb128 0x19
 545 00a3 02       		.uleb128 0x2
 546 00a4 18       		.uleb128 0x18
 547 00a5 00       		.byte	0
 548 00a6 00       		.byte	0
 549 00a7 0C       		.uleb128 0xc
 550 00a8 34       		.uleb128 0x34
 551 00a9 00       		.byte	0
 552 00aa 03       		.uleb128 0x3
 553 00ab 08       		.uleb128 0x8
 554 00ac 3A       		.uleb128 0x3a
 555 00ad 0B       		.uleb128 0xb
 556 00ae 3B       		.uleb128 0x3b
 557 00af 0B       		.uleb128 0xb
 558 00b0 49       		.uleb128 0x49
 559 00b1 13       		.uleb128 0x13
 560 00b2 3F       		.uleb128 0x3f
 561 00b3 19       		.uleb128 0x19
 562 00b4 02       		.uleb128 0x2
 563 00b5 18       		.uleb128 0x18
 564 00b6 00       		.byte	0
 565 00b7 00       		.byte	0
 566 00b8 00       		.byte	0
 567              		.section	.debug_aranges,"",%progbits
 568 0000 24000000 		.4byte	0x24
 569 0004 0200     		.2byte	0x2
 570 0006 00000000 		.4byte	.Ldebug_info0
 571 000a 04       		.byte	0x4
 572 000b 00       		.byte	0
 573 000c 0000     		.2byte	0
 574 000e 0000     		.2byte	0
 575 0010 00000000 		.4byte	.LFB33
 576 0014 44000000 		.4byte	.LFE33-.LFB33
 577 0018 00000000 		.4byte	.LFB34
 578 001c D0000000 		.4byte	.LFE34-.LFB34
 579 0020 00000000 		.4byte	0
 580 0024 00000000 		.4byte	0
 581              		.section	.debug_ranges,"",%progbits
 582              	.Ldebug_ranges0:
 583 0000 00000000 		.4byte	.LFB33
 584 0004 44000000 		.4byte	.LFE33
 585 0008 00000000 		.4byte	.LFB34
 586 000c D0000000 		.4byte	.LFE34
 587 0010 00000000 		.4byte	0
 588 0014 00000000 		.4byte	0
 589              		.section	.debug_line,"",%progbits
 590              	.Ldebug_line0:
 591 0000 AD000000 		.section	.debug_str,"MS",%progbits,1
 591      02006100 
 591      00000201 
 591      FB0E0D00 
 591      01010101 
 592              	.LASF6:
 593 0000 6C6F6E67 		.ascii	"long long int\000"
ARM GAS  C:\Users\Sausy\AppData\Local\Temp\cc5QXWf9.s 			page 13


 593      206C6F6E 
 593      6720696E 
 593      7400
 594              	.LASF10:
 595 000e 75696E74 		.ascii	"uint32\000"
 595      333200
 596              	.LASF8:
 597 0015 756E7369 		.ascii	"unsigned int\000"
 597      676E6564 
 597      20696E74 
 597      00
 598              	.LASF17:
 599 0022 43617053 		.ascii	"CapSense_CSD_sensorSignal\000"
 599      656E7365 
 599      5F435344 
 599      5F73656E 
 599      736F7253 
 600              	.LASF19:
 601 003c 70726F78 		.ascii	"proximityMax\000"
 601      696D6974 
 601      794D6178 
 601      00
 602              	.LASF18:
 603 0049 70726F78 		.ascii	"proximityCounts\000"
 603      696D6974 
 603      79436F75 
 603      6E747300 
 604              	.LASF7:
 605 0059 6C6F6E67 		.ascii	"long long unsigned int\000"
 605      206C6F6E 
 605      6720756E 
 605      7369676E 
 605      65642069 
 606              	.LASF20:
 607 0070 474E5520 		.ascii	"GNU C 4.8.4 20140526 (release) [ARM/embedded-4_8-br"
 607      4320342E 
 607      382E3420 
 607      32303134 
 607      30353236 
 608 00a3 616E6368 		.ascii	"anch revision 211358] -mcpu=cortex-m0 -mthumb -g -O"
 608      20726576 
 608      6973696F 
 608      6E203231 
 608      31333538 
 609 00d6 30202D66 		.ascii	"0 -ffunction-sections\000"
 609      66756E63 
 609      74696F6E 
 609      2D736563 
 609      74696F6E 
 610              	.LASF1:
 611 00ec 756E7369 		.ascii	"unsigned char\000"
 611      676E6564 
 611      20636861 
 611      7200
 612              	.LASF15:
 613 00fa 63686172 		.ascii	"char\000"
 613      00
ARM GAS  C:\Users\Sausy\AppData\Local\Temp\cc5QXWf9.s 			page 14


 614              	.LASF25:
 615 00ff 63617073 		.ascii	"capsense_loop_buffer\000"
 615      656E7365 
 615      5F6C6F6F 
 615      705F6275 
 615      66666572 
 616              	.LASF4:
 617 0114 6C6F6E67 		.ascii	"long int\000"
 617      20696E74 
 617      00
 618              	.LASF14:
 619 011d 646F7562 		.ascii	"double\000"
 619      6C6500
 620              	.LASF5:
 621 0124 6C6F6E67 		.ascii	"long unsigned int\000"
 621      20756E73 
 621      69676E65 
 621      6420696E 
 621      7400
 622              	.LASF16:
 623 0136 73697A65 		.ascii	"sizetype\000"
 623      74797065 
 623      00
 624              	.LASF3:
 625 013f 73686F72 		.ascii	"short unsigned int\000"
 625      7420756E 
 625      7369676E 
 625      65642069 
 625      6E7400
 626              	.LASF0:
 627 0152 7369676E 		.ascii	"signed char\000"
 627      65642063 
 627      68617200 
 628              	.LASF22:
 629 015e 433A5C55 		.ascii	"C:\\Users\\Sausy\\Documents\\PSoC Creator\\FTLK\\Ja"
 629      73657273 
 629      5C536175 
 629      73795C44 
 629      6F63756D 
 630 018b 68726573 		.ascii	"hresprojekt\\Jahresprojekt.cydsn\000"
 630      70726F6A 
 630      656B745C 
 630      4A616872 
 630      65737072 
 631              	.LASF13:
 632 01ab 666C6F61 		.ascii	"float\000"
 632      7400
 633              	.LASF11:
 634 01b1 696E7431 		.ascii	"int16\000"
 634      3600
 635              	.LASF2:
 636 01b7 73686F72 		.ascii	"short int\000"
 636      7420696E 
 636      7400
 637              	.LASF9:
 638 01c1 75696E74 		.ascii	"uint16\000"
 638      313600
ARM GAS  C:\Users\Sausy\AppData\Local\Temp\cc5QXWf9.s 			page 15


 639              	.LASF23:
 640 01c8 43617053 		.ascii	"CapSense_init\000"
 640      656E7365 
 640      5F696E69 
 640      7400
 641              	.LASF21:
 642 01d6 2E5C7072 		.ascii	".\\proximity.c\000"
 642      6F78696D 
 642      6974792E 
 642      6300
 643              	.LASF24:
 644 01e4 43617053 		.ascii	"CapSense_loop_func\000"
 644      656E7365 
 644      5F6C6F6F 
 644      705F6675 
 644      6E6300
 645              	.LASF12:
 646 01f7 696E7433 		.ascii	"int32\000"
 646      3200
 647              		.ident	"GCC: (GNU Tools for ARM Embedded Processors) 4.8.4 20140526 (release) [ARM/embedded-4_8-br
